TN:
SF:src\server\admin\repositories\adminQuizRepository.ts
FN:18,createAdminQuiz
FN:27,(anonymous_1)
FN:46,findAdminQuizzes
FN:61,findApprovedQuizzesForLibrary
FN:83,deleteAdminQuizById
FN:89,findApprovedQuizById
FN:99,findAllUserQuizAttempts
FNF:7
FNH:7
FNDA:14,createAdminQuiz
FNDA:17,(anonymous_1)
FNDA:3,findAdminQuizzes
FNDA:3,findApprovedQuizzesForLibrary
FNDA:3,deleteAdminQuizById
FNDA:13,findApprovedQuizById
FNDA:4,findAllUserQuizAttempts
DA:1,7
DA:2,7
DA:18,7
DA:19,14
DA:28,17
DA:34,17
DA:46,7
DA:50,3
DA:51,3
DA:52,3
DA:54,3
DA:61,7
DA:62,3
DA:83,7
DA:84,3
DA:89,7
DA:90,13
DA:99,7
DA:100,4
LF:19
LH:19
BRDA:24,0,0,12
BRDA:24,0,1,2
BRDA:24,1,0,14
BRDA:24,1,1,14
BRDA:25,2,0,13
BRDA:25,2,1,1
BRDA:25,3,0,14
BRDA:25,3,1,14
BRDA:29,4,0,15
BRDA:29,4,1,2
BRDA:29,5,0,17
BRDA:29,5,1,17
BRDA:37,6,0,3
BRDA:37,6,1,14
BRDA:51,7,0,3
BRDA:51,8,0,0
BRDA:51,8,1,3
BRDA:51,9,0,3
BRDA:51,9,1,3
BRDA:52,10,0,2
BRDA:52,11,0,0
BRDA:52,11,1,3
BRDA:52,12,0,3
BRDA:52,12,1,3
BRF:24
BRH:22
end_of_record
TN:
SF:src\server\admin\repositories\index.ts
FNF:0
FNH:0
DA:1,0
LF:1
LH:0
BRF:0
BRH:0
end_of_record
TN:
SF:src\server\admin\services\adminQuizAttemptService.ts
FN:8,(anonymous_0)
FN:24,submitAndGradeAdminQuizAttempt
FNF:2
FNH:2
FNDA:2,(anonymous_0)
FNDA:8,submitAndGradeAdminQuizAttempt
DA:1,2
DA:2,2
DA:3,2
DA:4,2
DA:5,2
DA:8,4
DA:12,2
DA:13,2
DA:14,2
DA:15,2
DA:17,2
DA:24,2
DA:29,8
LF:13
LH:13
BRF:0
BRH:0
end_of_record
TN:
SF:src\server\admin\services\adminQuizService.ts
FN:23,createApprovedAdminQuiz
FN:39,getAdminQuizzes
FN:46,removeAdminQuiz
FN:50,getApprovedQuiz
FN:54,getApprovedQuizLibrary
FN:57,(anonymous_5)
FN:70,getQuizStatisticsSummary
FN:102,(anonymous_7)
FNF:8
FNH:8
FNDA:14,createApprovedAdminQuiz
FNDA:2,getAdminQuizzes
FNDA:2,removeAdminQuiz
FNDA:4,getApprovedQuiz
FNDA:3,getApprovedQuizLibrary
FNDA:48,(anonymous_5)
FNDA:3,getQuizStatisticsSummary
FNDA:22,(anonymous_7)
DA:1,6
DA:2,6
DA:3,6
DA:4,6
DA:5,6
DA:12,6
DA:13,6
DA:15,6
DA:18,6
DA:23,6
DA:36,14
DA:39,6
DA:43,2
DA:46,6
DA:47,2
DA:50,6
DA:51,4
DA:54,6
DA:55,3
DA:57,48
DA:70,6
DA:71,3
DA:82,3
DA:84,3
DA:85,26
DA:86,22
DA:95,26
DA:96,26
DA:97,19
DA:98,19
DA:102,22
LF:31
LH:31
BRDA:85,0,0,22
BRDA:96,1,0,19
BRDA:98,2,0,19
BRDA:98,2,1,6
BRDA:107,3,0,16
BRDA:107,3,1,6
BRDA:111,4,0,22
BRDA:111,4,1,0
BRF:8
BRH:7
end_of_record
TN:
SF:src\server\admin\services\adminUserManagementService.ts
FN:13,(anonymous_0)
FN:19,assertTargetIsNotOwner
FN:26,getUsersForAdmin
FN:28,(anonymous_3)
FN:34,setUserBanned
FN:39,setUserRevoked
FN:44,setUserAdmin
FN:49,getUserBanStatus
FN:53,getUserRevokeStatus
FNF:9
FNH:9
FNDA:3,(anonymous_0)
FNDA:13,assertTargetIsNotOwner
FNDA:2,getUsersForAdmin
FNDA:169,(anonymous_3)
FNDA:4,setUserBanned
FNDA:4,setUserRevoked
FNDA:5,setUserAdmin
FNDA:3,getUserBanStatus
FNDA:3,getUserRevokeStatus
DA:1,10
DA:10,10
DA:12,10
DA:14,3
DA:15,3
DA:20,13
DA:21,13
DA:22,3
DA:26,10
DA:27,2
DA:28,169
DA:34,10
DA:35,4
DA:36,3
DA:39,10
DA:40,4
DA:41,3
DA:44,10
DA:45,5
DA:46,4
DA:49,10
DA:50,3
DA:53,10
DA:54,3
LF:24
LH:24
BRDA:21,0,0,3
BRDA:21,1,0,13
BRDA:21,1,1,12
BRF:3
BRH:3
end_of_record
TN:
SF:src\server\admin\services\index.ts
FNF:0
FNH:0
DA:1,0
DA:2,0
DA:3,0
DA:4,0
LF:4
LH:0
BRF:0
BRH:0
end_of_record
TN:
SF:src\server\admin\services\uploadQuizGenerationService.ts
FNF:0
FNH:0
DA:1,1
LF:1
LH:1
BRF:0
BRH:0
end_of_record
TN:
SF:src\server\ai\gpt.ts
FN:5,getOpenAIClient
FN:24,buildOutputFormatPrompt
FN:49,normalizeOutputValue
FN:69,validateAndNormalizeOutput
FN:109,stripCodeFences
FN:128,extractFirstJsonSegment
FN:187,strict_output
FNF:7
FNH:6
FNDA:17,getOpenAIClient
FNDA:1,buildOutputFormatPrompt
FNDA:0,normalizeOutputValue
FNDA:1,validateAndNormalizeOutput
FNDA:1,stripCodeFences
FNDA:1,extractFirstJsonSegment
FNDA:17,strict_output
DA:1,5
DA:3,5
DA:6,17
DA:7,17
DA:8,16
DA:13,1
DA:14,1
DA:17,1
DA:30,1
DA:34,1
DA:35,0
DA:37,1
DA:38,0
DA:42,1
DA:43,0
DA:45,1
DA:46,1
DA:54,0
DA:55,0
DA:57,0
DA:61,0
DA:63,0
DA:64,0
DA:66,0
DA:76,1
DA:80,1
DA:81,1
DA:83,1
DA:85,1
DA:86,1
DA:87,0
DA:89,1
DA:90,0
DA:98,1
DA:99,0
DA:100,0
DA:102,1
DA:106,1
DA:110,1
DA:111,1
DA:112,0
DA:115,1
DA:116,1
DA:117,0
DA:120,1
DA:121,1
DA:122,0
DA:125,1
DA:129,1
DA:130,1
DA:132,1
DA:133,1
DA:134,0
DA:137,1
DA:138,0
DA:139,1
DA:140,1
DA:142,0
DA:145,1
DA:146,1
DA:148,1
DA:149,1
DA:150,1
DA:152,1
DA:153,15
DA:155,15
DA:156,10
DA:157,0
DA:158,10
DA:159,0
DA:160,10
DA:161,2
DA:163,10
DA:166,5
DA:167,2
DA:168,2
DA:171,3
DA:172,1
DA:173,1
DA:176,2
DA:177,1
DA:178,1
DA:179,1
DA:184,0
DA:187,5
DA:198,17
DA:199,1
DA:202,1
DA:205,1
DA:207,1
DA:209,1
DA:210,1
DA:216,1
DA:228,1
DA:229,1
DA:230,1
DA:232,1
DA:233,0
DA:237,0
DA:238,0
DA:241,1
DA:242,1
DA:243,1
DA:244,0
DA:246,1
DA:254,0
DA:255,0
DA:256,0
DA:259,0
LF:109
LH:78
BRDA:7,0,0,16
BRDA:13,1,0,1
BRDA:34,2,0,0
BRDA:37,3,0,0
BRDA:42,4,0,0
BRDA:54,5,0,0
BRDA:57,6,0,0
BRDA:58,7,0,0
BRDA:58,7,1,0
BRDA:58,7,2,0
BRDA:63,8,0,0
BRDA:63,9,0,0
BRDA:63,9,1,0
BRDA:76,10,0,0
BRDA:76,10,1,1
BRDA:77,11,0,0
BRDA:77,11,1,0
BRDA:77,12,0,0
BRDA:77,12,1,0
BRDA:85,13,0,0
BRDA:85,14,0,1
BRDA:85,14,1,0
BRDA:86,15,0,0
BRDA:89,16,0,0
BRDA:98,17,0,0
BRDA:98,17,1,1
BRDA:100,18,0,0
BRDA:100,18,1,0
BRDA:106,19,0,0
BRDA:106,19,1,1
BRDA:111,20,0,0
BRDA:111,21,0,1
BRDA:111,21,1,1
BRDA:116,22,0,0
BRDA:121,23,0,0
BRDA:133,24,0,0
BRDA:133,25,0,1
BRDA:133,25,1,0
BRDA:137,26,0,0
BRDA:137,26,1,1
BRDA:139,27,0,1
BRDA:139,27,1,0
BRDA:146,28,0,1
BRDA:146,28,1,0
BRDA:155,29,0,10
BRDA:156,30,0,0
BRDA:156,30,1,10
BRDA:158,31,0,0
BRDA:158,31,1,10
BRDA:160,32,0,2
BRDA:166,33,0,2
BRDA:171,34,0,1
BRDA:176,35,0,1
BRDA:178,36,0,1
BRDA:191,37,0,0
BRDA:192,38,0,0
BRDA:193,39,0,0
BRDA:194,40,0,0
BRDA:195,41,0,15
BRDA:196,42,0,15
BRDA:202,43,0,1
BRDA:202,43,1,0
BRDA:205,44,0,1
BRDA:205,44,1,0
BRDA:228,45,0,1
BRDA:228,45,1,0
BRDA:228,46,0,1
BRDA:228,46,1,1
BRDA:228,47,0,0
BRDA:228,47,1,1
BRDA:228,48,0,1
BRDA:228,48,1,1
BRDA:232,49,0,0
BRDA:243,50,0,0
BRDA:243,51,0,1
BRDA:243,51,1,0
BRF:76
BRH:31
end_of_record
TN:
SF:src\server\ai\gptadmin.ts
FN:7,getOpenAIClient
FN:41,sleep
FN:42,(anonymous_3)
FN:45,isRateLimitError
FN:60,parseRetryDelayMs
FN:78,getErrorMessage
FN:95,stripCodeFences
FN:114,extractFirstJsonSegment
FN:173,strict_output
FNF:9
FNH:9
FNDA:13,getOpenAIClient
FNDA:4,sleep
FNDA:4,(anonymous_3)
FNDA:6,isRateLimitError
FNDA:4,parseRetryDelayMs
FNDA:10,getErrorMessage
FNDA:3,stripCodeFences
FNDA:3,extractFirstJsonSegment
FNDA:13,strict_output
DA:1,6
DA:3,6
DA:4,6
DA:5,6
DA:8,13
DA:9,13
DA:10,8
DA:15,5
DA:17,5
DA:22,4
DA:27,4
DA:28,4
DA:31,5
DA:38,6
DA:39,6
DA:42,4
DA:46,6
DA:53,6
DA:56,0
DA:57,0
DA:61,4
DA:62,4
DA:63,4
DA:64,4
DA:65,4
DA:66,4
DA:73,0
DA:74,0
DA:75,0
DA:79,10
DA:80,10
DA:83,0
DA:89,0
DA:92,0
DA:96,3
DA:97,3
DA:98,2
DA:101,1
DA:102,1
DA:103,0
DA:106,1
DA:107,1
DA:108,0
DA:111,1
DA:115,3
DA:116,3
DA:118,3
DA:119,3
DA:120,0
DA:123,3
DA:124,0
DA:125,3
DA:126,0
DA:128,3
DA:131,3
DA:132,3
DA:134,3
DA:135,3
DA:136,3
DA:138,3
DA:139,79
DA:141,79
DA:142,50
DA:143,0
DA:144,50
DA:145,0
DA:146,50
DA:147,10
DA:149,50
DA:152,29
DA:153,10
DA:154,10
DA:157,19
DA:158,3
DA:159,3
DA:162,16
DA:163,3
DA:164,3
DA:165,3
DA:170,0
DA:173,6
DA:184,13
DA:185,5
DA:186,5
DA:187,5
DA:188,5
DA:189,5
DA:191,5
DA:192,9
DA:196,9
DA:197,0
DA:200,9
DA:201,0
DA:204,9
DA:205,0
DA:208,9
DA:211,9
DA:212,9
DA:224,6
DA:225,6
DA:227,6
DA:228,0
DA:231,6
DA:232,4
DA:235,6
DA:238,3
DA:239,3
DA:240,3
DA:242,3
DA:243,0
DA:247,0
DA:248,0
DA:251,3
DA:252,3
DA:253,3
DA:257,3
DA:258,3
DA:259,5
DA:260,5
DA:261,0
DA:263,5
DA:264,0
DA:265,0
DA:266,0
DA:268,0
DA:276,0
DA:278,0
DA:282,0
DA:289,3
DA:290,0
DA:291,0
DA:292,0
DA:297,3
DA:299,0
DA:300,0
DA:301,0
DA:302,0
DA:307,2
DA:308,2
LF:139
LH:101
BRDA:9,0,0,8
BRDA:15,1,0,5
BRDA:15,1,1,1
BRDA:15,2,0,1
BRDA:15,2,1,4
BRDA:15,3,0,5
BRDA:15,3,1,5
BRDA:17,4,0,4
BRDA:18,5,0,5
BRDA:18,5,1,3
BRDA:18,5,2,3
BRDA:23,6,0,3
BRDA:23,6,1,1
BRDA:46,7,0,6
BRDA:47,8,0,6
BRDA:47,8,1,6
BRDA:47,8,2,6
BRDA:47,8,3,6
BRDA:47,8,4,6
BRDA:57,9,0,0
BRDA:57,9,1,0
BRDA:63,10,0,4
BRDA:65,11,0,4
BRDA:65,12,0,4
BRDA:65,12,1,4
BRDA:79,13,0,10
BRDA:83,14,0,0
BRDA:84,15,0,0
BRDA:84,15,1,0
BRDA:84,15,2,0
BRDA:84,15,3,0
BRDA:97,16,0,2
BRDA:97,17,0,3
BRDA:97,17,1,1
BRDA:102,18,0,0
BRDA:107,19,0,0
BRDA:119,20,0,0
BRDA:119,21,0,3
BRDA:119,21,1,0
BRDA:123,22,0,0
BRDA:123,22,1,3
BRDA:125,23,0,0
BRDA:125,23,1,3
BRDA:132,24,0,0
BRDA:132,24,1,3
BRDA:141,25,0,50
BRDA:142,26,0,0
BRDA:142,26,1,50
BRDA:144,27,0,0
BRDA:144,27,1,50
BRDA:146,28,0,10
BRDA:152,29,0,10
BRDA:157,30,0,3
BRDA:162,31,0,3
BRDA:164,32,0,3
BRDA:177,33,0,0
BRDA:178,34,0,0
BRDA:179,35,0,0
BRDA:180,36,0,0
BRDA:181,37,0,0
BRDA:182,38,0,0
BRDA:196,39,0,0
BRDA:200,40,0,0
BRDA:204,41,0,0
BRDA:227,42,0,0
BRDA:231,43,0,4
BRDA:231,44,0,6
BRDA:231,44,1,6
BRDA:238,45,0,3
BRDA:238,45,1,0
BRDA:238,46,0,3
BRDA:238,46,1,3
BRDA:238,47,0,0
BRDA:238,47,1,3
BRDA:238,48,0,3
BRDA:238,48,1,3
BRDA:242,49,0,0
BRDA:253,50,0,3
BRDA:253,50,1,0
BRDA:259,51,0,0
BRDA:260,52,0,0
BRDA:263,53,0,0
BRDA:265,54,0,0
BRDA:268,55,0,0
BRDA:269,56,0,0
BRDA:269,56,1,0
BRDA:269,56,2,0
BRDA:278,57,0,0
BRDA:279,58,0,0
BRDA:279,58,1,0
BRDA:289,59,0,0
BRDA:291,60,0,0
BRDA:307,61,0,2
BRDA:307,61,1,0
BRF:94
BRH:50
end_of_record
TN:
SF:src\server\ai\index.ts
FN:1,(anonymous_4)
FN:2,(anonymous_5)
FNF:2
FNH:0
FNDA:0,(anonymous_4)
FNDA:0,(anonymous_5)
DA:1,0
DA:2,0
DA:3,0
LF:3
LH:0
BRF:0
BRH:0
end_of_record
TN:
SF:src\server\ai\openaiClient.ts
FN:7,getOpenAIClient
FN:34,canUseEmbeddings
FN:41,getEmbedding
FNF:3
FNH:1
FNDA:2,getOpenAIClient
FNDA:0,canUseEmbeddings
FNDA:0,getEmbedding
DA:1,2
DA:3,2
DA:4,2
DA:5,2
DA:7,2
DA:8,2
DA:9,2
DA:10,2
DA:15,0
DA:17,0
DA:22,0
DA:27,0
DA:28,0
DA:31,0
DA:34,2
DA:35,0
DA:41,2
DA:42,0
DA:43,0
DA:44,0
DA:49,0
DA:50,0
DA:51,0
DA:54,0
LF:24
LH:10
BRDA:9,0,0,2
BRDA:15,1,0,0
BRDA:15,1,1,0
BRDA:15,2,0,0
BRDA:15,2,1,0
BRDA:15,3,0,0
BRDA:15,3,1,0
BRDA:17,4,0,0
BRDA:18,5,0,0
BRDA:18,5,1,0
BRDA:18,5,2,0
BRDA:23,6,0,0
BRDA:23,6,1,0
BRDA:36,7,0,0
BRDA:36,7,1,0
BRDA:42,8,0,0
BRDA:42,8,1,0
BRDA:49,9,0,0
BRDA:49,9,1,0
BRDA:49,10,0,0
BRDA:49,10,1,0
BRDA:49,11,0,0
BRDA:49,11,1,0
BRDA:49,12,0,0
BRDA:49,12,1,0
BRDA:50,13,0,0
BRF:26
BRH:1
end_of_record
TN:
SF:src\server\ai\experimental\gptadmintest.ts
FN:11,strict_output
FNF:1
FNH:0
FNDA:0,strict_output
DA:1,0
DA:11,0
DA:25,0
DA:27,0
DA:28,0
DA:29,0
DA:30,0
DA:32,0
DA:33,0
DA:35,0
DA:36,0
DA:39,0
DA:40,0
DA:43,0
DA:44,0
DA:47,0
DA:64,0
DA:66,0
DA:67,0
DA:71,0
DA:72,0
DA:75,0
DA:76,0
DA:77,0
DA:79,0
DA:80,0
DA:81,0
DA:83,0
DA:85,0
DA:86,0
DA:87,0
DA:88,0
DA:90,0
DA:91,0
DA:96,0
DA:97,0
DA:98,0
DA:102,0
DA:104,0
DA:105,0
DA:106,0
DA:111,0
LF:42
LH:0
BRDA:15,0,0,0
BRDA:16,1,0,0
BRDA:17,2,0,0
BRDA:18,3,0,0
BRDA:19,4,0,0
BRDA:20,5,0,0
BRDA:25,6,0,0
BRDA:25,6,1,0
BRDA:25,7,0,0
BRDA:25,7,1,0
BRDA:35,8,0,0
BRDA:39,9,0,0
BRDA:43,10,0,0
BRDA:57,11,0,0
BRDA:57,11,1,0
BRDA:64,12,0,0
BRDA:64,12,1,0
BRDA:64,13,0,0
BRDA:64,13,1,0
BRDA:64,14,0,0
BRDA:64,14,1,0
BRDA:64,15,0,0
BRDA:64,15,1,0
BRDA:66,16,0,0
BRDA:77,17,0,0
BRDA:77,17,1,0
BRDA:81,18,0,0
BRDA:83,19,0,0
BRDA:85,20,0,0
BRDA:87,21,0,0
BRDA:90,22,0,0
BRDA:90,23,0,0
BRDA:90,23,1,0
BRDA:96,24,0,0
BRDA:98,25,0,0
BRDA:98,25,1,0
BRDA:105,26,0,0
BRF:37
BRH:0
end_of_record
TN:
SF:src\server\ai\experimental\gpttest.ts
FN:16,buildOutputFormatPrompt
FN:40,normalizeOutputValue
FN:58,validateAndNormalizeOutput
FN:68,(anonymous_4)
FN:106,escapeInnerQuotes
FN:123,quotePropertyNames
FN:127,strict_output
FNF:7
FNH:0
FNDA:0,buildOutputFormatPrompt
FNDA:0,normalizeOutputValue
FNDA:0,validateAndNormalizeOutput
FNDA:0,(anonymous_4)
FNDA:0,escapeInnerQuotes
FNDA:0,quotePropertyNames
FNDA:0,strict_output
DA:1,0
DA:2,0
DA:4,0
DA:22,0
DA:26,0
DA:27,0
DA:29,0
DA:30,0
DA:33,0
DA:34,0
DA:36,0
DA:37,0
DA:45,0
DA:46,0
DA:47,0
DA:49,0
DA:50,0
DA:52,0
DA:53,0
DA:55,0
DA:66,0
DA:67,0
DA:68,0
DA:69,0
DA:70,0
DA:72,0
DA:73,0
DA:74,0
DA:76,0
DA:80,0
DA:81,0
DA:84,0
DA:87,0
DA:88,0
DA:89,0
DA:90,0
DA:91,0
DA:93,0
DA:94,0
DA:103,0
DA:107,0
DA:108,0
DA:109,0
DA:110,0
DA:111,0
DA:112,0
DA:113,0
DA:114,0
DA:116,0
DA:118,0
DA:120,0
DA:124,0
DA:127,0
DA:138,0
DA:140,0
DA:143,0
DA:145,0
DA:147,0
DA:148,0
DA:154,0
DA:167,0
DA:168,0
DA:170,0
DA:171,0
DA:172,0
DA:176,0
DA:177,0
DA:178,0
DA:181,0
DA:182,0
DA:184,0
DA:185,0
DA:189,0
DA:190,0
DA:193,0
DA:194,0
DA:195,0
DA:196,0
DA:198,0
DA:206,0
DA:207,0
DA:208,0
DA:211,0
LF:83
LH:0
BRDA:26,0,0,0
BRDA:29,1,0,0
BRDA:33,2,0,0
BRDA:46,3,0,0
BRDA:49,4,0,0
BRDA:49,5,0,0
BRDA:49,5,1,0
BRDA:52,6,0,0
BRDA:52,7,0,0
BRDA:52,7,1,0
BRDA:66,8,0,0
BRDA:67,9,0,0
BRDA:69,10,0,0
BRDA:72,11,0,0
BRDA:72,12,0,0
BRDA:72,12,1,0
BRDA:74,13,0,0
BRDA:74,13,1,0
BRDA:80,14,0,0
BRDA:80,15,0,0
BRDA:80,15,1,0
BRDA:84,16,0,0
BRDA:84,16,1,0
BRDA:89,17,0,0
BRDA:89,18,0,0
BRDA:89,18,1,0
BRDA:90,19,0,0
BRDA:93,20,0,0
BRDA:103,21,0,0
BRDA:103,21,1,0
BRDA:112,22,0,0
BRDA:112,22,1,0
BRDA:112,23,0,0
BRDA:112,23,1,0
BRDA:131,24,0,0
BRDA:132,25,0,0
BRDA:133,26,0,0
BRDA:134,27,0,0
BRDA:135,28,0,0
BRDA:136,29,0,0
BRDA:140,30,0,0
BRDA:140,30,1,0
BRDA:143,31,0,0
BRDA:143,31,1,0
BRDA:167,32,0,0
BRDA:167,32,1,0
BRDA:167,33,0,0
BRDA:167,33,1,0
BRDA:167,34,0,0
BRDA:167,34,1,0
BRDA:167,35,0,0
BRDA:167,35,1,0
BRDA:167,36,0,0
BRDA:167,36,1,0
BRDA:167,37,0,0
BRDA:167,37,1,0
BRDA:167,38,0,0
BRDA:167,38,1,0
BRDA:167,39,0,0
BRDA:167,39,1,0
BRDA:167,40,0,0
BRDA:167,40,1,0
BRDA:167,41,0,0
BRDA:167,41,1,0
BRDA:172,42,0,0
BRDA:172,42,1,0
BRDA:173,43,0,0
BRDA:173,43,1,0
BRDA:173,43,2,0
BRDA:177,44,0,0
BRDA:184,45,0,0
BRDA:195,46,0,0
BRDA:195,47,0,0
BRDA:195,47,1,0
BRF:74
BRH:0
end_of_record
TN:
SF:src\server\auth\emailVerification.ts
FN:5,createEmailVerificationToken
FN:9,verifyEmailToken
FNF:2
FNH:2
FNDA:8,createEmailVerificationToken
FNDA:12,verifyEmailToken
DA:1,2
DA:3,2
DA:5,2
DA:6,8
DA:9,2
DA:10,12
LF:6
LH:6
BRF:0
BRH:0
end_of_record
TN:
SF:src\server\auth\password.ts
FN:7,normalizeEmail
FN:11,hashPassword
FN:17,verifyPassword
FNF:3
FNH:3
FNDA:24,normalizeEmail
FNDA:16,hashPassword
FNDA:5,verifyPassword
DA:1,25
DA:2,25
DA:4,25
DA:5,25
DA:7,25
DA:8,24
DA:11,25
DA:12,16
DA:13,16
DA:14,16
DA:17,25
DA:18,5
DA:19,5
DA:20,2
DA:23,3
DA:24,3
DA:26,3
DA:27,0
DA:30,3
LF:19
LH:18
BRDA:19,0,0,2
BRDA:19,1,0,5
BRDA:19,1,1,5
BRDA:26,2,0,0
BRF:4
BRH:3
end_of_record
TN:
SF:src\server\core\auth.ts
FN:58,(anonymous_1)
FN:73,(anonymous_2)
FN:128,(anonymous_3)
FN:138,(anonymous_4)
FN:160,(anonymous_5)
FN:216,(anonymous_6)
FN:266,getTestSessionFromRequest
FN:298,(anonymous_8)
FNF:8
FNH:4
FNDA:3,(anonymous_1)
FNDA:0,(anonymous_2)
FNDA:0,(anonymous_3)
FNDA:0,(anonymous_4)
FNDA:2,(anonymous_5)
FNDA:0,(anonymous_6)
FNDA:112,getTestSessionFromRequest
FNDA:112,(anonymous_8)
DA:1,21
DA:2,21
DA:7,21
DA:8,21
DA:9,21
DA:10,21
DA:11,21
DA:17,21
DA:19,21
DA:20,0
DA:47,21
DA:59,3
DA:60,0
DA:63,3
DA:67,3
DA:69,1
DA:71,2
DA:75,0
DA:81,0
DA:82,0
DA:85,0
DA:88,0
DA:89,0
DA:90,0
DA:91,0
DA:92,0
DA:93,0
DA:94,0
DA:95,0
DA:96,0
DA:98,0
DA:99,0
DA:100,0
DA:101,0
DA:105,0
DA:108,0
DA:116,0
DA:123,0
DA:128,0
DA:129,0
DA:131,0
DA:136,0
DA:139,0
DA:140,0
DA:141,0
DA:142,0
DA:143,0
DA:144,0
DA:145,0
DA:146,0
DA:147,0
DA:149,0
DA:166,2
DA:168,2
DA:169,0
DA:173,2
DA:177,2
DA:181,2
DA:182,1
DA:185,1
DA:198,1
DA:199,0
DA:202,1
DA:218,0
DA:222,0
DA:226,0
DA:227,0
DA:230,0
DA:234,0
DA:235,0
DA:238,0
DA:239,0
DA:242,0
DA:243,0
DA:244,0
DA:247,0
DA:267,112
DA:268,0
DA:271,112
DA:272,112
DA:273,15
DA:276,97
DA:280,97
DA:281,0
DA:284,97
DA:298,21
DA:299,112
DA:300,112
DA:301,0
DA:302,0
DA:308,112
LF:91
LH:35
BRDA:17,0,0,0
BRDA:17,0,1,21
BRDA:17,1,0,21
BRDA:17,1,1,21
BRDA:19,2,0,0
BRDA:19,3,0,21
BRDA:19,3,1,21
BRDA:53,4,0,0
BRDA:53,4,1,21
BRDA:53,5,0,21
BRDA:53,5,1,21
BRDA:59,6,0,0
BRDA:67,7,0,1
BRDA:67,8,0,3
BRDA:67,8,1,2
BRDA:67,9,0,1
BRDA:67,9,1,2
BRDA:67,10,0,3
BRDA:67,10,1,2
BRDA:67,11,0,1
BRDA:67,11,1,1
BRDA:67,12,0,2
BRDA:67,12,1,1
BRDA:75,13,0,0
BRDA:75,13,1,0
BRDA:75,14,0,0
BRDA:75,14,1,0
BRDA:77,15,0,0
BRDA:77,15,1,0
BRDA:77,16,0,0
BRDA:77,16,1,0
BRDA:81,17,0,0
BRDA:88,18,0,0
BRDA:108,19,0,0
BRDA:108,19,1,0
BRDA:108,20,0,0
BRDA:108,20,1,0
BRDA:108,20,2,0
BRDA:108,20,3,0
BRDA:116,21,0,0
BRDA:116,21,1,0
BRDA:116,22,0,0
BRDA:116,22,1,0
BRDA:116,22,2,0
BRDA:116,22,3,0
BRDA:123,23,0,0
BRDA:123,23,1,0
BRDA:124,24,0,0
BRDA:124,24,1,0
BRDA:124,24,2,0
BRDA:124,24,3,0
BRDA:139,25,0,0
BRDA:168,26,0,0
BRDA:173,27,0,2
BRDA:173,27,1,0
BRDA:173,28,0,0
BRDA:173,28,1,2
BRDA:173,29,0,2
BRDA:173,29,1,2
BRDA:177,30,0,2
BRDA:177,30,1,0
BRDA:177,31,0,0
BRDA:177,31,1,2
BRDA:177,32,0,2
BRDA:177,32,1,2
BRDA:181,33,0,1
BRDA:181,34,0,2
BRDA:181,34,1,1
BRDA:198,35,0,0
BRDA:198,36,0,1
BRDA:198,36,1,1
BRDA:218,37,0,0
BRDA:218,37,1,0
BRDA:218,38,0,0
BRDA:218,38,1,0
BRDA:218,39,0,0
BRDA:218,39,1,0
BRDA:222,40,0,0
BRDA:222,40,1,0
BRDA:222,41,0,0
BRDA:222,41,1,0
BRDA:222,42,0,0
BRDA:222,42,1,0
BRDA:226,43,0,0
BRDA:226,44,0,0
BRDA:226,44,1,0
BRDA:234,45,0,0
BRDA:234,46,0,0
BRDA:234,46,1,0
BRDA:234,46,2,0
BRDA:238,47,0,0
BRDA:238,48,0,0
BRDA:238,48,1,0
BRDA:243,49,0,0
BRDA:267,50,0,0
BRDA:267,51,0,112
BRDA:267,51,1,112
BRDA:271,52,0,15
BRDA:271,52,1,97
BRDA:271,53,0,112
BRDA:271,53,1,97
BRDA:272,54,0,15
BRDA:280,55,0,0
BRDA:291,56,0,0
BRDA:291,56,1,97
BRDA:291,57,0,97
BRDA:291,57,1,0
BRDA:292,58,0,97
BRDA:292,58,1,0
BRDA:292,59,0,97
BRDA:292,59,1,97
BRDA:293,60,0,0
BRDA:293,60,1,97
BRDA:293,61,0,97
BRDA:293,61,1,0
BRDA:301,62,0,0
BRDA:301,63,0,0
BRDA:301,63,1,0
BRDA:301,64,0,0
BRDA:301,64,1,0
BRF:120
BRH:46
end_of_record
TN:
SF:src\server\core\db.ts
FNF:0
FNH:0
DA:1,40
DA:4,40
DA:9,40
DA:12,40
DA:13,39
DA:16,40
LF:6
LH:6
BRDA:9,0,0,1
BRDA:9,0,1,39
BRDA:9,1,0,40
BRDA:9,1,1,40
BRDA:12,2,0,39
BRF:5
BRH:5
end_of_record
TN:
SF:src\server\core\index.ts
FNF:0
FNH:0
DA:1,0
DA:2,0
LF:2
LH:0
BRF:0
BRH:0
end_of_record
TN:
SF:src\server\core\quizQuestionMetadata.ts
FN:14,isRecord
FN:18,splitOptionChunks
FN:25,(anonymous_2)
FN:29,normalizeOptions
FN:34,(anonymous_4)
FN:68,(anonymous_5)
FN:69,(anonymous_6)
FN:79,normalizeCitation
FN:106,parseQuestionMetadata
FN:119,buildStoredQuestionMetadata
FNF:10
FNH:7
FNDA:24,isRecord
FNDA:16,splitOptionChunks
FNDA:16,(anonymous_2)
FNDA:30,normalizeOptions
FNDA:16,(anonymous_4)
FNDA:0,(anonymous_5)
FNDA:0,(anonymous_6)
FNDA:0,normalizeCitation
FNDA:13,parseQuestionMetadata
FNDA:17,buildStoredQuestionMetadata
DA:15,24
DA:19,16
DA:20,0
DA:23,16
DA:25,16
DA:30,30
DA:31,19
DA:34,16
DA:40,11
DA:41,0
DA:42,0
DA:43,0
DA:46,0
DA:47,0
DA:48,0
DA:49,0
DA:55,0
DA:58,11
DA:59,0
DA:60,0
DA:63,0
DA:64,0
DA:67,0
DA:68,0
DA:69,0
DA:71,0
DA:72,0
DA:76,11
DA:80,0
DA:81,0
DA:85,0
DA:87,0
DA:89,0
DA:90,0
DA:94,0
DA:99,0
DA:106,7
DA:107,13
DA:108,0
DA:114,13
DA:119,7
DA:124,17
DA:126,17
DA:127,3
DA:128,0
DA:134,3
DA:137,14
DA:138,0
DA:143,14
LF:49
LH:20
BRDA:15,0,0,24
BRDA:15,0,1,24
BRDA:15,0,2,2
BRDA:19,1,0,0
BRDA:30,2,0,19
BRDA:40,3,0,0
BRDA:42,4,0,0
BRDA:48,5,0,0
BRDA:58,6,0,0
BRDA:59,7,0,0
BRDA:63,8,0,0
BRDA:68,9,0,0
BRDA:68,9,1,0
BRDA:71,10,0,0
BRDA:80,11,0,0
BRDA:85,12,0,0
BRDA:85,12,1,0
BRDA:87,13,0,0
BRDA:87,13,1,0
BRDA:89,14,0,0
BRDA:89,15,0,0
BRDA:89,15,1,0
BRDA:94,16,0,0
BRDA:94,16,1,0
BRDA:94,17,0,0
BRDA:94,17,1,0
BRDA:102,18,0,0
BRDA:102,18,1,0
BRDA:107,19,0,0
BRDA:124,20,0,3
BRDA:124,20,1,14
BRDA:124,21,0,17
BRDA:124,21,1,17
BRDA:126,22,0,3
BRDA:127,23,0,0
BRDA:137,24,0,0
BRF:36
BRH:9
end_of_record
TN:
SF:src\server\core\roles.ts
FN:6,normalizeEmail
FN:10,getOwnerEmail
FN:14,isOwnerEmail
FN:18,getAdminCredentialsConfig
FNF:4
FNH:4
FNDA:571,normalizeEmail
FNDA:286,getOwnerEmail
FNDA:280,isOwnerEmail
FNDA:5,getAdminCredentialsConfig
DA:1,22
DA:2,22
DA:3,22
DA:4,22
DA:7,571
DA:10,22
DA:11,286
DA:14,22
DA:15,280
DA:18,22
DA:19,5
LF:11
LH:11
BRDA:7,0,0,571
BRDA:7,0,1,0
BRDA:7,1,0,571
BRDA:7,1,1,571
BRDA:11,2,0,33
BRDA:11,2,1,253
BRDA:11,3,0,286
BRDA:11,3,1,286
BRDA:20,4,0,5
BRDA:20,4,1,0
BRDA:20,5,0,5
BRDA:20,5,1,5
BRDA:21,6,0,5
BRDA:21,6,1,0
BRDA:21,7,0,5
BRDA:21,7,1,5
BRDA:23,8,0,5
BRDA:23,8,1,0
BRDA:23,9,0,5
BRDA:23,9,1,5
BRDA:25,10,0,0
BRDA:25,10,1,5
BRDA:25,11,0,5
BRDA:25,11,1,5
BRF:24
BRH:19
end_of_record
TN:
SF:src\server\mailer\email.ts
FN:8,getAppBaseUrl
FN:16,getFromAddress
FN:20,canSendSmtpMail
FN:29,buildVerificationUrl
FN:34,sendVerificationEmail
FNF:5
FNH:4
FNDA:12,getAppBaseUrl
FNDA:0,getFromAddress
FNDA:12,canSendSmtpMail
FNDA:12,buildVerificationUrl
FNDA:12,sendVerificationEmail
DA:1,2
DA:9,12
DA:17,0
DA:21,12
DA:29,2
DA:30,12
DA:31,12
DA:34,2
DA:38,12
DA:39,12
DA:43,12
DA:44,0
DA:47,12
DA:50,0
DA:60,0
LF:15
LH:11
BRDA:10,0,0,12
BRDA:10,0,1,12
BRDA:10,0,2,12
BRDA:10,1,0,12
BRDA:10,1,1,0
BRDA:10,2,0,12
BRDA:10,2,1,12
BRDA:11,3,0,12
BRDA:11,3,1,0
BRDA:11,4,0,12
BRDA:11,4,1,12
BRDA:17,5,0,0
BRDA:17,5,1,0
BRDA:17,6,0,0
BRDA:17,6,1,0
BRDA:17,7,0,0
BRDA:17,7,1,0
BRDA:22,8,0,12
BRDA:22,8,1,0
BRDA:22,8,2,0
BRDA:22,8,3,0
BRDA:22,9,0,12
BRDA:22,9,1,0
BRDA:22,10,0,12
BRDA:22,10,1,12
BRDA:23,11,0,0
BRDA:23,11,1,0
BRDA:23,12,0,0
BRDA:23,12,1,0
BRDA:24,13,0,0
BRDA:24,13,1,0
BRDA:24,14,0,0
BRDA:24,14,1,0
BRDA:25,15,0,0
BRDA:25,15,1,0
BRDA:25,16,0,0
BRDA:25,16,1,0
BRDA:38,17,0,12
BRDA:43,18,0,0
BRF:39
BRH:14
end_of_record
TN:
SF:src\server\question-generation\generateQuestions.ts
FN:3,generateQuestions
FNF:1
FNH:0
FNDA:0,generateQuestions
DA:1,0
DA:3,0
DA:12,0
DA:13,0
DA:23,0
DA:24,0
DA:38,0
LF:7
LH:0
BRDA:12,0,0,0
BRDA:12,0,1,0
BRDA:23,1,0,0
BRF:3
BRH:0
end_of_record
TN:
SF:src\server\question-generation\index.ts
FNF:0
FNH:0
DA:1,0
DA:2,0
LF:2
LH:0
BRF:0
BRH:0
end_of_record
TN:
SF:src\server\question-generation\parseAndGenerateQuestions.ts
FN:9,parseAndGenerateQuestions
FNF:1
FNH:1
FNDA:11,parseAndGenerateQuestions
DA:9,2
DA:13,11
DA:14,9
DA:15,2
DA:18,7
DA:19,7
DA:20,5
DA:21,5
DA:22,3
DA:24,2
DA:27,5
DA:28,4
DA:30,2
DA:31,1
LF:14
LH:14
BRDA:13,0,0,2
BRDA:14,1,0,2
BRDA:19,2,0,5
BRDA:27,3,0,1
BRDA:28,4,0,2
BRF:5
BRH:5
end_of_record
TN:
SF:src\server\repositories\adminQuizRepository.ts
FNF:0
FNH:0
DA:1,0
LF:1
LH:0
BRF:0
BRH:0
end_of_record
TN:
SF:src\server\repositories\authRegistrationRepository.ts
FN:3,findUserByEmail
FN:9,createUserWithPassword
FNF:2
FNH:2
FNDA:17,findUserByEmail
FNDA:13,createUserWithPassword
DA:1,2
DA:3,2
DA:4,17
DA:9,2
DA:14,13
LF:5
LH:5
BRF:0
BRH:0
end_of_record
TN:
SF:src\server\repositories\gameRepository.ts
FN:4,createGame
FN:19,findGameById
FN:25,findGameWithQuestionsById
FN:34,findGameWithQuestionsForUserOrAdmin
FN:48,findOpenEndedGameForUserOrAdmin
FN:70,markGameEnded
FN:77,createQuestionsForGame
FN:83,findRecentGamesByUserId
FN:91,countGamesByUserId
FNF:9
FNH:5
FNDA:8,createGame
FNDA:6,findGameById
FNDA:5,findGameWithQuestionsById
FNDA:0,findGameWithQuestionsForUserOrAdmin
FNDA:0,findOpenEndedGameForUserOrAdmin
FNDA:3,markGameEnded
FNDA:6,createQuestionsForGame
FNDA:0,findRecentGamesByUserId
FNDA:0,countGamesByUserId
DA:1,4
DA:4,4
DA:9,8
DA:19,4
DA:20,6
DA:25,4
DA:26,5
DA:34,4
DA:39,0
DA:48,4
DA:53,0
DA:70,4
DA:71,3
DA:77,4
DA:80,6
DA:83,4
DA:84,0
DA:91,4
DA:92,0
LF:19
LH:15
BRDA:42,0,0,0
BRDA:42,0,1,0
BRDA:56,1,0,0
BRDA:56,1,1,0
BRF:4
BRH:0
end_of_record
TN:
SF:src\server\repositories\index.ts
FNF:0
FNH:0
DA:1,0
DA:2,0
DA:3,0
DA:4,0
DA:5,0
DA:6,0
LF:6
LH:0
BRF:0
BRH:0
end_of_record
TN:
SF:src\server\repositories\questionRepository.ts
FN:3,findQuestionById
FN:9,findQuestionWithGameOwnerById
FN:22,saveUserAnswer
FN:29,saveMcqResult
FN:36,saveOpenEndedResult
FNF:5
FNH:5
FNDA:1,findQuestionById
FNDA:12,findQuestionWithGameOwnerById
FNDA:11,saveUserAnswer
FNDA:5,saveMcqResult
FNDA:7,saveOpenEndedResult
DA:1,3
DA:3,3
DA:4,1
DA:9,3
DA:10,12
DA:22,3
DA:23,11
DA:29,3
DA:30,5
DA:36,3
DA:40,7
LF:11
LH:11
BRF:0
BRH:0
end_of_record
TN:
SF:src\server\repositories\topicRepository.ts
FN:3,isUniqueConstraintViolation
FN:12,incrementTopicCount
FN:43,listTopicCounts
FNF:3
FNH:2
FNDA:2,isUniqueConstraintViolation
FNDA:11,incrementTopicCount
FNDA:0,listTopicCounts
DA:1,4
DA:4,2
DA:12,4
DA:13,11
DA:14,11
DA:28,2
DA:29,1
DA:39,1
DA:43,4
DA:44,0
LF:10
LH:9
BRDA:5,0,0,2
BRDA:5,0,1,2
BRDA:5,0,2,2
BRDA:5,0,3,1
BRDA:28,1,0,1
BRF:5
BRH:5
end_of_record
TN:
SF:src\server\repositories\userQuizAttemptRepository.ts
FN:4,createUserQuizAttempt
FN:24,findUserQuizAttemptByUserAndQuiz
FN:33,createPendingUserQuizAttempt
FN:51,ensurePendingUserQuizAttempt
FN:79,completePendingUserQuizAttempt
FN:108,listUserQuizAttemptsByUserId
FN:115,listUserQuizAttemptsByUserIdAndQuizIds
FN:131,listUserQuizAttemptsByQuizIds
FN:143,listCompletedUserQuizAttempts
FN:154,findUserQuizAttemptById
FN:160,updateUserQuizAttemptAnswersById
FNF:11
FNH:7
FNDA:4,createUserQuizAttempt
FNDA:47,findUserQuizAttemptByUserAndQuiz
FNDA:8,createPendingUserQuizAttempt
FNDA:0,ensurePendingUserQuizAttempt
FNDA:7,completePendingUserQuizAttempt
FNDA:8,listUserQuizAttemptsByUserId
FNDA:4,listUserQuizAttemptsByUserIdAndQuizIds
FNDA:2,listUserQuizAttemptsByQuizIds
FNDA:0,listCompletedUserQuizAttempts
FNDA:0,findUserQuizAttemptById
FNDA:0,updateUserQuizAttemptAnswersById
DA:1,9
DA:2,9
DA:4,9
DA:11,4
DA:24,9
DA:28,47
DA:33,9
DA:38,8
DA:51,9
DA:56,0
DA:61,0
DA:62,0
DA:65,0
DA:66,0
DA:68,0
DA:72,0
DA:75,0
DA:79,9
DA:85,7
DA:87,7
DA:101,7
DA:102,0
DA:105,7
DA:108,9
DA:109,8
DA:115,9
DA:119,4
DA:120,0
DA:123,4
DA:131,9
DA:132,2
DA:133,0
DA:136,2
DA:143,9
DA:144,0
DA:154,9
DA:155,0
DA:160,9
DA:165,0
LF:39
LH:25
BRDA:61,0,0,0
BRDA:68,1,0,0
BRDA:69,2,0,0
BRDA:69,2,1,0
BRDA:101,3,0,0
BRDA:119,4,0,0
BRDA:132,5,0,0
BRDA:169,6,0,0
BRDA:169,6,1,0
BRF:9
BRH:0
end_of_record
TN:
SF:src\server\repositories\userRepository.ts
FN:3,listUsersForAdmin
FN:17,updateUserBan
FN:24,updateUserRevoke
FN:31,updateUserAdmin
FN:38,findUserIdentityById
FN:49,findUserIdentityByEmail
FN:60,findUserBanStatus
FN:67,findUserBanStatusByEmail
FN:74,findUserRevokeStatus
FN:81,updateUserOnlineByEmail
FNF:10
FNH:8
FNDA:3,listUsersForAdmin
FNDA:4,updateUserBan
FNDA:4,updateUserRevoke
FNDA:5,updateUserAdmin
FNDA:13,findUserIdentityById
FNDA:0,findUserIdentityByEmail
FNDA:4,findUserBanStatus
FNDA:0,findUserBanStatusByEmail
FNDA:4,findUserRevokeStatus
FNDA:5,updateUserOnlineByEmail
DA:1,14
DA:3,14
DA:4,3
DA:17,14
DA:18,4
DA:24,14
DA:25,4
DA:31,14
DA:32,5
DA:38,14
DA:39,13
DA:49,14
DA:50,0
DA:60,14
DA:61,4
DA:67,14
DA:68,0
DA:74,14
DA:75,4
DA:81,14
DA:82,5
LF:21
LH:19
BRF:0
BRH:0
end_of_record
TN:
SF:src\server\services\adminQuizAttemptService.ts
FNF:0
FNH:0
DA:1,0
LF:1
LH:0
BRF:0
BRH:0
end_of_record
TN:
SF:src\server\services\adminQuizService.ts
FNF:0
FNH:0
DA:1,0
LF:1
LH:0
BRF:0
BRH:0
end_of_record
TN:
SF:src\server\services\answerEvaluationService.ts
FN:11,cosineSimilarity
FN:33,evaluateOpenEndedSimilarity
FN:49,gradeAndSaveAnswer
FNF:3
FNH:3
FNDA:3,cosineSimilarity
FNDA:11,evaluateOpenEndedSimilarity
FNDA:12,gradeAndSaveAnswer
DA:1,2
DA:3,2
DA:4,2
DA:6,2
DA:9,2
DA:11,2
DA:12,3
DA:13,1
DA:16,2
DA:17,2
DA:18,2
DA:20,2
DA:21,5
DA:22,5
DA:23,5
DA:26,2
DA:27,0
DA:30,2
DA:33,2
DA:41,11
DA:42,11
DA:49,2
DA:54,12
DA:55,12
DA:56,2
DA:59,10
DA:64,0
DA:67,10
DA:69,10
DA:71,4
DA:72,4
DA:73,4
DA:76,6
DA:77,6
DA:81,6
DA:82,6
DA:88,0
LF:37
LH:34
BRDA:12,0,0,1
BRDA:12,1,0,3
BRDA:12,1,1,3
BRDA:12,1,2,3
BRDA:26,2,0,0
BRDA:26,3,0,2
BRDA:26,3,1,2
BRDA:55,4,0,2
BRDA:59,5,0,0
BRDA:60,6,0,10
BRDA:60,6,1,10
BRDA:60,6,2,10
BRDA:69,7,0,4
BRDA:76,8,0,6
BRF:14
BRH:12
end_of_record
TN:
SF:src\server\services\authRegistrationService.ts
FN:28,(anonymous_0)
FN:15,(anonymous_1)
FN:30,registerUserWithEmailPassword
FNF:3
FNH:3
FNDA:4,(anonymous_0)
FNDA:12,(anonymous_1)
FNDA:17,registerUserWithEmailPassword
DA:1,2
DA:2,2
DA:3,2
DA:4,2
DA:5,2
DA:9,2
DA:16,12
DA:20,2
DA:28,6
DA:30,2
DA:35,17
LF:11
LH:11
BRF:0
BRH:0
end_of_record
TN:
SF:src\server\services\gameService.ts
FN:22,fitDbString
FN:31,createGameWithTopicCount
FN:39,saveGeneratedQuestionsForGame
FN:45,(anonymous_3)
FN:57,(anonymous_4)
FN:71,(anonymous_5)
FN:84,getGameWithQuestions
FN:88,endGame
FNF:8
FNH:8
FNDA:21,fitDbString
FNDA:7,createGameWithTopicCount
FNDA:5,saveGeneratedQuestionsForGame
FNDA:3,(anonymous_3)
FNDA:14,(anonymous_4)
FNDA:3,(anonymous_5)
FNDA:4,getGameWithQuestions
FNDA:5,endGame
DA:1,3
DA:2,3
DA:3,3
DA:4,3
DA:20,3
DA:23,21
DA:26,3
DA:27,3
DA:28,3
DA:29,3
DA:31,3
DA:36,7
DA:39,3
DA:44,5
DA:45,3
DA:46,3
DA:47,3
DA:48,3
DA:49,3
DA:50,3
DA:51,3
DA:52,3
DA:57,14
DA:58,3
DA:67,3
DA:68,3
DA:71,2
DA:72,3
DA:73,3
DA:81,2
DA:84,3
DA:85,4
DA:88,3
DA:92,5
DA:93,5
DA:98,2
DA:100,3
DA:101,3
DA:102,2
DA:104,1
DA:105,1
DA:108,0
LF:42
LH:41
BRDA:44,0,0,3
BRDA:95,1,0,2
BRDA:95,1,1,3
BRDA:95,2,0,5
BRDA:95,2,1,5
BRDA:96,3,0,2
BRDA:96,3,1,3
BRDA:96,4,0,5
BRDA:96,4,1,5
BRDA:100,5,0,3
BRDA:101,6,0,2
BRDA:104,7,0,1
BRF:12
BRH:12
end_of_record
TN:
SF:src\server\services\historyReadService.ts
FN:5,getRecentGames
FN:9,getTotalGamesCount
FNF:2
FNH:2
FNDA:1,getRecentGames
FNDA:1,getTotalGamesCount
DA:1,1
DA:3,1
DA:5,1
DA:6,1
DA:9,1
DA:10,1
LF:6
LH:6
BRF:0
BRH:0
end_of_record
TN:
SF:src\server\services\index.ts
FNF:0
FNH:0
DA:1,0
DA:2,0
DA:3,0
DA:4,0
DA:5,0
DA:6,0
DA:7,0
DA:8,0
LF:8
LH:0
BRF:0
BRH:0
end_of_record
TN:
SF:src\server\services\playReadService.ts
FN:5,getOpenEndedGameForPlay
FNF:1
FNH:1
FNDA:1,getOpenEndedGameForPlay
DA:1,1
DA:3,1
DA:5,1
DA:10,1
LF:4
LH:4
BRF:0
BRH:0
end_of_record
TN:
SF:src\server\services\questionGenerationService.ts
FN:25,getQuestionGenerationModels
FN:29,getQuestionGenerationTemperature
FN:33,createBatchToken
FN:37,shuffleCopy
FN:48,buildOpenEndedPrompts
FN:49,(anonymous_5)
FN:69,buildMcqPrompts
FN:70,(anonymous_7)
FN:82,normalizeTopic
FN:87,getOpenEndedQuestionKey
FN:91,getMcqQuestionKey
FN:95,appendUniqueOpenEndedQuestions
FN:116,appendUniqueMcqQuestions
FN:137,fillOpenEndedQuestionsWithFallback
FN:158,fillMcqQuestionsWithFallback
FN:179,buildFallbackOpenEndedQuestions
FN:221,(anonymous_16)
FN:226,buildFallbackMcqQuestions
FN:270,(anonymous_18)
FN:282,normalizeOpenEndedQuestions
FN:286,(anonymous_20)
FN:305,(anonymous_21)
FN:323,normalizeMcqQuestions
FN:327,(anonymous_23)
FN:362,(anonymous_24)
FN:380,generateQuestionsByTopic
FNF:26
FNH:23
FNDA:7,getQuestionGenerationModels
FNDA:7,getQuestionGenerationTemperature
FNDA:7,createBatchToken
FNDA:13,shuffleCopy
FNDA:12,buildOpenEndedPrompts
FNDA:17,(anonymous_5)
FNDA:6,buildMcqPrompts
FNDA:6,(anonymous_7)
FNDA:5,normalizeTopic
FNDA:10,getOpenEndedQuestionKey
FNDA:2,getMcqQuestionKey
FNDA:6,appendUniqueOpenEndedQuestions
FNDA:2,appendUniqueMcqQuestions
FNDA:3,fillOpenEndedQuestionsWithFallback
FNDA:2,fillMcqQuestionsWithFallback
FNDA:3,buildFallbackOpenEndedQuestions
FNDA:4,(anonymous_16)
FNDA:2,buildFallbackMcqQuestions
FNDA:2,(anonymous_18)
FNDA:3,normalizeOpenEndedQuestions
FNDA:3,(anonymous_20)
FNDA:3,(anonymous_21)
FNDA:0,normalizeMcqQuestions
FNDA:0,(anonymous_23)
FNDA:0,(anonymous_24)
FNDA:7,generateQuestionsByTopic
DA:1,3
DA:2,3
DA:23,3
DA:26,7
DA:30,7
DA:34,7
DA:38,13
DA:39,13
DA:40,57
DA:41,57
DA:42,57
DA:43,57
DA:45,13
DA:49,12
DA:50,17
DA:51,17
DA:70,6
DA:71,6
DA:83,5
DA:84,5
DA:88,10
DA:92,2
DA:101,6
DA:102,7
DA:103,0
DA:106,7
DA:107,7
DA:108,0
DA:111,7
DA:112,7
DA:122,2
DA:123,2
DA:124,0
DA:127,2
DA:128,2
DA:129,0
DA:132,2
DA:133,2
DA:142,3
DA:144,3
DA:147,3
DA:148,3
DA:149,3
DA:152,0
DA:155,3
DA:163,2
DA:165,2
DA:168,2
DA:169,2
DA:170,2
DA:173,0
DA:176,2
DA:180,3
DA:182,3
DA:221,3
DA:222,4
DA:227,2
DA:229,2
DA:238,2
DA:246,2
DA:254,2
DA:262,2
DA:270,2
DA:271,2
DA:272,2
DA:283,3
DA:284,3
DA:287,3
DA:288,0
DA:291,3
DA:292,3
DA:293,0
DA:296,3
DA:297,3
DA:299,3
DA:300,0
DA:303,3
DA:306,3
DA:307,0
DA:310,3
DA:311,3
DA:312,0
DA:315,3
DA:316,3
DA:320,3
DA:324,0
DA:325,0
DA:328,0
DA:329,0
DA:332,0
DA:340,0
DA:347,0
DA:350,0
DA:351,0
DA:352,0
DA:353,0
DA:354,0
DA:356,0
DA:357,0
DA:360,0
DA:363,0
DA:364,0
DA:367,0
DA:368,0
DA:369,0
DA:372,0
DA:373,0
DA:377,0
DA:380,3
DA:381,7
DA:382,7
DA:383,7
DA:385,7
DA:386,5
DA:387,5
DA:388,5
DA:390,5
DA:391,12
DA:392,12
DA:405,3
DA:406,3
DA:413,3
DA:414,2
DA:417,1
DA:418,0
DA:423,9
DA:427,3
DA:438,3
DA:445,2
DA:446,2
DA:447,2
DA:449,2
DA:450,6
DA:451,6
DA:467,0
DA:468,0
DA:475,0
DA:476,0
DA:479,0
DA:480,0
DA:483,6
DA:487,2
DA:498,2
LF:143
LH:102
BRDA:56,0,0,12
BRDA:56,0,1,5
BRDA:59,1,0,12
BRDA:59,1,1,5
BRDA:84,2,0,5
BRDA:84,2,1,0
BRDA:102,3,0,0
BRDA:107,4,0,0
BRDA:123,5,0,0
BRDA:128,6,0,0
BRDA:148,7,0,3
BRDA:169,8,0,2
BRDA:284,9,0,3
BRDA:284,9,1,0
BRDA:287,10,0,0
BRDA:287,11,0,3
BRDA:287,11,1,3
BRDA:292,12,0,0
BRDA:292,13,0,3
BRDA:292,13,1,3
BRDA:299,14,0,0
BRDA:299,15,0,3
BRDA:299,15,1,3
BRDA:306,16,0,0
BRDA:311,17,0,0
BRDA:325,18,0,0
BRDA:325,18,1,0
BRDA:328,19,0,0
BRDA:328,20,0,0
BRDA:328,20,1,0
BRDA:340,21,0,0
BRDA:341,22,0,0
BRDA:341,22,1,0
BRDA:341,22,2,0
BRDA:341,22,3,0
BRDA:341,22,4,0
BRDA:356,23,0,0
BRDA:356,24,0,0
BRDA:356,24,1,0
BRDA:356,24,2,0
BRDA:356,24,3,0
BRDA:356,24,4,0
BRDA:363,25,0,0
BRDA:368,26,0,0
BRDA:385,27,0,5
BRDA:413,28,0,2
BRDA:417,29,0,0
BRDA:431,30,0,3
BRDA:431,30,1,0
BRDA:433,31,0,0
BRDA:433,31,1,0
BRDA:475,32,0,0
BRDA:479,33,0,0
BRDA:491,34,0,2
BRDA:491,34,1,0
BRDA:493,35,0,0
BRDA:493,35,1,0
BRF:57
BRH:18
end_of_record
TN:
SF:src\server\services\statisticsReadService.ts
FN:5,getGameForStatistics
FNF:1
FNH:1
FNDA:1,getGameForStatistics
DA:1,1
DA:3,1
DA:5,1
DA:6,1
LF:4
LH:4
BRF:0
BRH:0
end_of_record
TN:
SF:src\server\services\topicReadService.ts
FN:5,getHotTopics
FNF:1
FNH:1
FNDA:1,getHotTopics
DA:1,1
DA:3,1
DA:5,1
DA:6,1
LF:4
LH:4
BRF:0
BRH:0
end_of_record
TN:
SF:src\server\services\uploadQuizGenerationService.ts
FN:117,escapeRegExp
FN:121,isRateLimitMessage
FN:129,isRefusalLikeText
FN:135,(anonymous_12)
FN:138,extractSentencesForFallback
FN:141,(anonymous_14)
FN:142,(anonymous_15)
FN:144,(anonymous_16)
FN:150,extractSentenceCandidates
FN:153,(anonymous_18)
FN:154,(anonymous_19)
FN:155,(anonymous_20)
FN:159,tokenizeForOverlap
FN:163,(anonymous_22)
FN:165,(anonymous_23)
FN:172,normalizeRawCitation
FN:203,buildCitationForQuestion
FN:240,(anonymous_26)
FN:270,normalizeQuestionCount
FN:279,pickFallbackAnswerToken
FN:282,(anonymous_29)
FN:285,(anonymous_30)
FN:298,(anonymous_31)
FN:299,(anonymous_32)
FN:302,buildFallbackQuestion
FN:321,generateFallbackQuestionsFromContent
FN:358,(anonymous_35)
FN:359,(anonymous_36)
FN:363,(anonymous_37)
FN:364,(anonymous_38)
FN:392,isJsonFile
FN:396,isTextFile
FN:400,isPdfFile
FN:404,isLikelyReadableOcrText
FN:423,(anonymous_43)
FN:424,(anonymous_44)
FN:433,extractTextFromPdf
FN:435,(anonymous_46)
FN:445,(anonymous_47)
FN:467,extractTextFromPdfWithOcr
FN:472,(anonymous_49)
FN:514,ensureAcceptedFile
FN:520,extractCourseContent
FN:575,ensureMinimumContentLength
FN:581,prepareCourseContentForGeneration
FN:590,normalizeGeneratedQuestions
FN:594,(anonymous_55)
FN:612,(anonymous_56)
FN:615,generateQuestionsFromCourseContent
FN:661,requestNormalizedQuestions
FN:720,(anonymous_59)
FN:741,(anonymous_60)
FN:754,generateQuestionsFromUploadedFile
FNF:53
FNH:46
FNDA:6,escapeRegExp
FNDA:9,isRateLimitMessage
FNDA:10,isRefusalLikeText
FNDA:87,(anonymous_12)
FNDA:3,extractSentencesForFallback
FNDA:3,(anonymous_14)
FNDA:11,(anonymous_15)
FNDA:11,(anonymous_16)
FNDA:5,extractSentenceCandidates
FNDA:5,(anonymous_18)
FNDA:10,(anonymous_19)
FNDA:10,(anonymous_20)
FNDA:10,tokenizeForOverlap
FNDA:100,(anonymous_22)
FNDA:100,(anonymous_23)
FNDA:2,normalizeRawCitation
FNDA:5,buildCitationForQuestion
FNDA:28,(anonymous_26)
FNDA:10,normalizeQuestionCount
FNDA:6,pickFallbackAnswerToken
FNDA:63,(anonymous_29)
FNDA:7,(anonymous_30)
FNDA:0,(anonymous_31)
FNDA:0,(anonymous_32)
FNDA:6,buildFallbackQuestion
FNDA:3,generateFallbackQuestionsFromContent
FNDA:2,(anonymous_35)
FNDA:2,(anonymous_36)
FNDA:12,(anonymous_37)
FNDA:12,(anonymous_38)
FNDA:23,isJsonFile
FNDA:10,isTextFile
FNDA:15,isPdfFile
FNDA:0,isLikelyReadableOcrText
FNDA:0,(anonymous_43)
FNDA:0,(anonymous_44)
FNDA:2,extractTextFromPdf
FNDA:2,(anonymous_46)
FNDA:0,(anonymous_47)
FNDA:2,extractTextFromPdfWithOcr
FNDA:0,(anonymous_49)
FNDA:13,ensureAcceptedFile
FNDA:12,extractCourseContent
FNDA:9,ensureMinimumContentLength
FNDA:7,prepareCourseContentForGeneration
FNDA:2,normalizeGeneratedQuestions
FNDA:2,(anonymous_55)
FNDA:2,(anonymous_56)
FNDA:10,generateQuestionsFromCourseContent
FNDA:11,requestNormalizedQuestions
FNDA:1,(anonymous_59)
FNDA:5,(anonymous_60)
FNDA:13,generateQuestionsFromUploadedFile
DA:1,2
DA:2,2
DA:4,2
DA:5,2
DA:6,2
DA:7,2
DA:8,2
DA:9,2
DA:10,2
DA:11,2
DA:12,2
DA:13,2
DA:14,2
DA:15,2
DA:16,2
DA:17,2
DA:18,2
DA:19,2
DA:20,2
DA:21,2
DA:22,2
DA:29,2
DA:78,2
DA:118,6
DA:122,9
DA:123,9
DA:130,10
DA:131,10
DA:132,0
DA:135,87
DA:139,3
DA:141,3
DA:142,11
DA:145,11
DA:151,5
DA:153,5
DA:154,10
DA:155,10
DA:160,10
DA:163,100
DA:166,100
DA:173,2
DA:174,2
DA:177,0
DA:184,0
DA:186,0
DA:188,0
DA:192,0
DA:193,0
DA:196,0
DA:209,5
DA:210,5
DA:212,5
DA:213,0
DA:218,0
DA:225,5
DA:226,5
DA:227,5
DA:228,5
DA:229,5
DA:231,5
DA:232,5
DA:233,5
DA:235,5
DA:237,5
DA:238,5
DA:239,4
DA:240,4
DA:241,28
DA:243,4
DA:246,5
DA:247,5
DA:248,5
DA:249,5
DA:250,5
DA:255,5
DA:259,5
DA:263,5
DA:271,10
DA:272,5
DA:275,5
DA:276,5
DA:280,6
DA:281,6
DA:282,63
DA:285,6
DA:286,7
DA:287,7
DA:294,6
DA:295,6
DA:298,0
DA:299,0
DA:303,6
DA:305,6
DA:309,6
DA:314,6
DA:315,6
DA:318,0
DA:325,3
DA:326,3
DA:327,3
DA:328,3
DA:330,3
DA:331,6
DA:332,6
DA:333,0
DA:336,6
DA:337,6
DA:338,0
DA:341,6
DA:342,6
DA:343,6
DA:344,0
DA:347,6
DA:348,6
DA:349,6
DA:351,6
DA:352,1
DA:356,2
DA:358,2
DA:359,2
DA:362,2
DA:363,12
DA:364,12
DA:366,2
DA:368,2
DA:369,5
DA:370,0
DA:373,5
DA:374,5
DA:375,1
DA:378,4
DA:379,4
DA:380,4
DA:381,0
DA:384,4
DA:385,4
DA:386,4
DA:389,2
DA:393,23
DA:397,10
DA:401,15
DA:405,0
DA:406,0
DA:407,0
DA:410,0
DA:411,0
DA:414,0
DA:415,0
DA:418,0
DA:419,0
DA:420,0
DA:423,0
DA:424,0
DA:425,0
DA:426,0
DA:429,0
DA:430,0
DA:434,2
DA:435,4
DA:436,0
DA:437,0
DA:439,0
DA:440,0
DA:441,0
DA:442,0
DA:444,0
DA:446,0
DA:447,0
DA:448,0
DA:450,0
DA:456,0
DA:457,0
DA:461,0
DA:463,2
DA:468,2
DA:469,0
DA:470,0
DA:472,0
DA:476,0
DA:478,0
DA:479,0
DA:480,0
DA:502,0
DA:505,0
DA:506,0
DA:510,0
DA:511,0
DA:515,13
DA:516,1
DA:521,12
DA:522,2
DA:523,2
DA:524,2
DA:528,2
DA:531,2
DA:532,0
DA:535,2
DA:536,0
DA:537,0
DA:540,0
DA:541,0
DA:546,0
DA:549,10
DA:551,10
DA:553,3
DA:554,3
DA:556,1
DA:560,2
DA:565,2
DA:566,0
DA:569,2
DA:572,7
DA:576,9
DA:577,2
DA:582,7
DA:583,7
DA:584,6
DA:587,1
DA:591,2
DA:593,2
DA:595,2
DA:597,2
DA:599,2
DA:600,2
DA:602,2
DA:603,1
DA:606,1
DA:612,2
DA:615,2
DA:619,10
DA:620,10
DA:621,10
DA:622,10
DA:624,10
DA:643,10
DA:656,10
DA:663,11
DA:664,11
DA:676,9
DA:677,9
DA:680,2
DA:683,10
DA:684,10
DA:685,10
DA:686,1
DA:687,1
DA:690,9
DA:691,9
DA:692,2
DA:696,2
DA:697,1
DA:700,1
DA:703,7
DA:706,1
DA:707,0
DA:710,1
DA:711,0
DA:714,1
DA:715,1
DA:719,1
DA:720,1
DA:723,1
DA:724,4
DA:725,4
DA:726,0
DA:729,4
DA:730,4
DA:731,4
DA:732,1
DA:736,1
DA:737,0
DA:741,5
DA:754,2
DA:758,13
DA:759,12
DA:760,9
DA:761,7
LF:278
LH:207
BRDA:5,0,0,2
BRDA:5,0,1,2
BRDA:5,1,0,2
BRDA:5,1,1,0
BRDA:5,2,0,2
BRDA:5,2,1,2
BRDA:6,3,0,2
BRDA:6,3,1,2
BRDA:6,4,0,2
BRDA:6,4,1,0
BRDA:6,5,0,2
BRDA:6,5,1,2
BRDA:124,6,0,9
BRDA:124,6,1,7
BRDA:131,7,0,0
BRDA:145,8,0,11
BRDA:145,8,1,8
BRDA:162,9,0,9
BRDA:162,9,1,1
BRDA:162,10,0,10
BRDA:162,10,1,9
BRDA:166,11,0,100
BRDA:166,11,1,100
BRDA:173,12,0,2
BRDA:173,13,0,2
BRDA:173,13,1,0
BRDA:184,14,0,0
BRDA:184,14,1,0
BRDA:186,15,0,0
BRDA:186,15,1,0
BRDA:188,16,0,0
BRDA:188,16,1,0
BRDA:188,17,0,0
BRDA:188,17,1,0
BRDA:192,18,0,0
BRDA:192,19,0,0
BRDA:192,19,1,0
BRDA:199,20,0,0
BRDA:199,20,1,0
BRDA:209,21,0,5
BRDA:209,21,1,5
BRDA:209,22,0,5
BRDA:209,22,1,0
BRDA:209,23,0,5
BRDA:209,23,1,5
BRDA:212,24,0,0
BRDA:220,25,0,0
BRDA:220,25,1,0
BRDA:235,26,0,5
BRDA:235,26,1,5
BRDA:238,27,0,4
BRDA:238,28,0,5
BRDA:238,28,1,4
BRDA:246,29,0,4
BRDA:246,29,1,1
BRDA:247,30,0,5
BRDA:255,31,0,0
BRDA:255,31,1,5
BRDA:259,32,0,4
BRDA:259,32,1,1
BRDA:271,33,0,5
BRDA:280,34,0,6
BRDA:280,34,1,0
BRDA:280,35,0,6
BRDA:280,35,1,6
BRDA:288,36,0,7
BRDA:288,36,1,7
BRDA:288,36,2,7
BRDA:294,37,0,6
BRDA:299,38,0,0
BRDA:299,38,1,0
BRDA:299,39,0,0
BRDA:299,39,1,0
BRDA:305,40,0,0
BRDA:305,40,1,6
BRDA:314,41,0,6
BRDA:323,42,0,0
BRDA:332,43,0,0
BRDA:337,44,0,0
BRDA:343,45,0,0
BRDA:351,46,0,1
BRDA:359,47,0,2
BRDA:359,47,1,2
BRDA:362,48,0,1
BRDA:362,48,1,1
BRDA:362,49,0,2
BRDA:362,49,1,1
BRDA:364,50,0,12
BRDA:364,50,1,12
BRDA:369,51,0,0
BRDA:374,52,0,1
BRDA:380,53,0,0
BRDA:393,54,0,23
BRDA:393,54,1,17
BRDA:397,55,0,10
BRDA:397,55,1,4
BRDA:401,56,0,15
BRDA:401,56,1,11
BRDA:406,57,0,0
BRDA:410,58,0,0
BRDA:414,59,0,0
BRDA:419,60,0,0
BRDA:425,61,0,0
BRDA:446,62,0,0
BRDA:446,63,0,0
BRDA:446,63,1,0
BRDA:446,63,2,0
BRDA:448,64,0,0
BRDA:448,64,1,0
BRDA:456,65,0,0
BRDA:494,66,0,0
BRDA:494,66,1,0
BRDA:502,67,0,0
BRDA:502,67,1,0
BRDA:502,68,0,0
BRDA:502,68,1,0
BRDA:502,69,0,0
BRDA:502,69,1,0
BRDA:505,70,0,0
BRDA:505,70,1,0
BRDA:515,71,0,1
BRDA:515,72,0,13
BRDA:515,72,1,10
BRDA:515,72,2,3
BRDA:521,73,0,2
BRDA:531,74,0,0
BRDA:536,75,0,0
BRDA:540,76,0,0
BRDA:551,77,0,3
BRDA:560,78,0,2
BRDA:560,78,1,1
BRDA:560,78,2,1
BRDA:560,78,3,0
BRDA:560,78,4,1
BRDA:560,78,5,0
BRDA:565,79,0,0
BRDA:576,80,0,2
BRDA:576,81,0,9
BRDA:576,81,1,9
BRDA:583,82,0,6
BRDA:591,83,0,2
BRDA:591,83,1,0
BRDA:597,84,0,2
BRDA:597,84,1,0
BRDA:597,85,0,0
BRDA:597,85,1,2
BRDA:597,86,0,2
BRDA:597,86,1,2
BRDA:599,87,0,2
BRDA:599,87,1,0
BRDA:599,88,0,0
BRDA:599,88,1,2
BRDA:599,89,0,2
BRDA:599,89,1,2
BRDA:600,90,0,0
BRDA:600,90,1,2
BRDA:600,91,0,2
BRDA:600,91,1,2
BRDA:602,92,0,1
BRDA:602,93,0,2
BRDA:602,93,1,1
BRDA:609,94,0,0
BRDA:609,94,1,1
BRDA:617,95,0,1
BRDA:620,96,0,10
BRDA:620,96,1,7
BRDA:620,97,0,7
BRDA:620,97,1,3
BRDA:620,98,0,10
BRDA:620,98,1,10
BRDA:621,99,0,10
BRDA:621,99,1,7
BRDA:621,100,0,7
BRDA:621,100,1,3
BRDA:621,101,0,10
BRDA:621,101,1,10
BRDA:622,102,0,3
BRDA:622,102,1,7
BRDA:676,103,0,9
BRDA:676,103,1,0
BRDA:686,104,0,1
BRDA:690,105,0,9
BRDA:690,105,1,0
BRDA:691,106,0,2
BRDA:696,107,0,1
BRDA:706,108,0,0
BRDA:710,109,0,0
BRDA:714,110,0,1
BRDA:725,111,0,0
BRDA:731,112,0,1
BRDA:736,113,0,0
BRDA:744,114,0,0
BRDA:744,114,1,5
BRDA:744,115,0,5
BRDA:744,115,1,5
BRDA:756,116,0,9
BRDA:765,117,0,7
BRDA:765,117,1,7
BRDA:765,117,2,0
BRF:199
BRH:122
end_of_record
TN:
SF:src\server\services\userQuizAttemptService.ts
FN:13,(anonymous_0)
FN:20,(anonymous_1)
FN:30,saveUserQuizAttempt
FN:69,getUserQuizAttempt
FN:73,ensurePendingQuizAttempt
FN:100,completePendingQuizAttempt
FN:130,getUserQuizAttemptStatuses
FN:136,(anonymous_7)
FN:145,getUserQuizStats
FN:147,(anonymous_9)
FN:179,(anonymous_10)
FN:196,normalizeText
FN:200,roundToTwo
FN:204,clamp
FN:208,getDifficultyTarget
FN:225,extractAttemptMasteryScore
FN:237,(anonymous_16)
FN:246,getAdaptiveQuizRecommendations
FN:251,(anonymous_18)
FN:254,(anonymous_19)
FN:277,(anonymous_20)
FNF:21
FNH:20
FNDA:3,(anonymous_0)
FNDA:1,(anonymous_1)
FNDA:4,saveUserQuizAttempt
FNDA:3,getUserQuizAttempt
FNDA:11,ensurePendingQuizAttempt
FNDA:8,completePendingQuizAttempt
FNDA:4,getUserQuizAttemptStatuses
FNDA:3,(anonymous_7)
FNDA:2,getUserQuizStats
FNDA:4,(anonymous_9)
FNDA:4,(anonymous_10)
FNDA:102,normalizeText
FNDA:54,roundToTwo
FNDA:8,clamp
FNDA:50,getDifficultyTarget
FNDA:2,extractAttemptMasteryScore
FNDA:0,(anonymous_16)
FNDA:5,getAdaptiveQuizRecommendations
FNDA:7,(anonymous_18)
FNDA:50,(anonymous_19)
FNDA:50,(anonymous_20)
DA:1,5
DA:2,5
DA:3,5
DA:4,5
DA:12,5
DA:14,3
DA:15,3
DA:19,5
DA:21,1
DA:22,1
DA:26,5
DA:27,5
DA:28,5
DA:30,5
DA:37,4
DA:43,4
DA:44,1
DA:48,3
DA:49,0
DA:50,0
DA:56,0
DA:58,0
DA:59,0
DA:61,0
DA:66,3
DA:69,5
DA:70,3
DA:73,5
DA:78,11
DA:83,11
DA:84,2
DA:87,9
DA:88,1
DA:92,8
DA:93,8
DA:94,0
DA:97,8
DA:100,5
DA:106,8
DA:111,8
DA:112,1
DA:115,7
DA:116,0
DA:119,7
DA:120,7
DA:121,7
DA:123,0
DA:124,0
DA:126,0
DA:130,5
DA:134,4
DA:136,4
DA:145,5
DA:146,2
DA:147,4
DA:159,2
DA:161,2
DA:162,4
DA:163,4
DA:171,4
DA:172,4
DA:173,4
DA:174,4
DA:175,0
DA:179,4
DA:197,102
DA:201,54
DA:205,8
DA:209,50
DA:210,50
DA:211,45
DA:214,5
DA:215,4
DA:218,1
DA:219,1
DA:222,0
DA:226,2
DA:227,2
DA:228,0
DA:231,2
DA:232,2
DA:233,2
DA:236,0
DA:238,0
DA:243,0
DA:246,5
DA:250,5
DA:251,7
DA:254,50
DA:255,5
DA:257,5
DA:258,5
DA:259,5
DA:260,3
DA:263,2
DA:264,2
DA:265,0
DA:268,2
DA:269,2
DA:270,2
DA:273,2
DA:274,2
DA:277,5
DA:278,50
DA:280,50
DA:284,50
DA:286,50
DA:291,50
DA:295,50
DA:296,50
DA:297,48
DA:298,2
DA:299,0
DA:300,2
DA:301,0
DA:302,2
DA:303,2
DA:306,50
LF:118
LH:98
BRDA:43,0,0,1
BRDA:43,1,0,3
BRDA:43,1,1,1
BRDA:43,2,0,4
BRDA:43,2,1,1
BRDA:48,3,0,0
BRDA:48,4,0,3
BRDA:48,4,1,0
BRDA:48,5,0,3
BRDA:48,5,1,0
BRDA:58,6,0,0
BRDA:58,7,0,0
BRDA:58,7,1,0
BRDA:83,8,0,2
BRDA:83,9,0,8
BRDA:83,9,1,3
BRDA:83,10,0,11
BRDA:83,10,1,3
BRDA:87,11,0,1
BRDA:87,12,0,8
BRDA:87,12,1,1
BRDA:87,13,0,9
BRDA:87,13,1,1
BRDA:93,14,0,0
BRDA:111,15,0,1
BRDA:115,16,0,0
BRDA:123,17,0,0
BRDA:123,18,0,0
BRDA:123,18,1,0
BRDA:162,19,0,4
BRDA:174,20,0,0
BRDA:183,21,0,4
BRDA:183,21,1,0
BRDA:197,22,0,102
BRDA:197,22,1,0
BRDA:197,23,0,102
BRDA:197,23,1,102
BRDA:204,24,0,8
BRDA:204,25,0,8
BRDA:210,26,0,45
BRDA:214,27,0,4
BRDA:218,28,0,1
BRDA:227,29,0,0
BRDA:227,30,0,2
BRDA:227,30,1,2
BRDA:227,30,2,2
BRDA:232,31,0,2
BRDA:232,32,0,2
BRDA:232,32,1,0
BRDA:238,33,0,0
BRDA:238,33,1,0
BRDA:238,33,2,0
BRDA:259,34,0,3
BRDA:264,35,0,0
BRDA:269,36,0,2
BRDA:280,37,0,2
BRDA:280,37,1,48
BRDA:280,38,0,50
BRDA:280,38,1,50
BRDA:280,39,0,48
BRDA:280,39,1,2
BRDA:280,40,0,50
BRDA:280,40,1,50
BRDA:286,41,0,48
BRDA:286,41,1,2
BRDA:291,42,0,48
BRDA:291,42,1,2
BRDA:293,43,0,2
BRDA:293,43,1,0
BRDA:293,44,0,2
BRDA:293,44,1,2
BRDA:296,45,0,48
BRDA:296,45,1,2
BRDA:298,46,0,0
BRDA:298,46,1,2
BRDA:299,47,0,0
BRDA:299,47,1,0
BRDA:299,48,0,0
BRDA:299,48,1,0
BRDA:300,49,0,0
BRDA:300,49,1,2
BRDA:300,50,0,2
BRDA:300,50,1,2
BRDA:302,51,0,2
BRDA:302,52,0,2
BRDA:302,52,1,2
BRDA:311,53,0,48
BRDA:311,53,1,2
BRDA:313,54,0,48
BRDA:313,54,1,2
BRF:90
BRH:63
end_of_record
TN:
SF:src\server\services\userReadService.ts
FN:5,getUserRevokedStatus
FN:10,getUserBannedStatusByEmail
FNF:2
FNH:2
FNDA:2,getUserRevokedStatus
FNDA:2,getUserBannedStatusByEmail
DA:1,1
DA:3,1
DA:5,1
DA:6,2
DA:7,2
DA:10,1
DA:11,2
DA:12,2
LF:8
LH:8
BRDA:7,0,0,1
BRDA:7,0,1,1
BRDA:7,1,0,2
BRDA:7,1,1,1
BRDA:12,2,0,1
BRDA:12,2,1,1
BRDA:12,3,0,2
BRDA:12,3,1,1
BRF:8
BRH:8
end_of_record
TN:
SF:src\server\services\userService.ts
FN:4,(anonymous_0)
FN:5,(anonymous_1)
FN:6,(anonymous_2)
FN:7,(anonymous_3)
FN:8,(anonymous_4)
FN:9,(anonymous_5)
FN:14,markUserOfflineByEmail
FNF:7
FNH:1
FNDA:0,(anonymous_0)
FNDA:0,(anonymous_1)
FNDA:0,(anonymous_2)
FNDA:0,(anonymous_3)
FNDA:0,(anonymous_4)
FNDA:0,(anonymous_5)
FNDA:4,markUserOfflineByEmail
DA:1,3
DA:3,3
DA:4,3
DA:5,3
DA:6,3
DA:7,3
DA:8,3
DA:9,3
DA:12,3
DA:14,3
DA:15,4
LF:11
LH:11
BRF:0
BRH:0
end_of_record
