TN:
SF:src\components\admin\OpenAIGenerator.tsx
FN:13,(anonymous_0)
FN:19,(anonymous_1)
FN:62,(anonymous_2)
FN:75,(anonymous_3)
FNF:4
FNH:0
FNDA:0,(anonymous_0)
FNDA:0,(anonymous_1)
FNDA:0,(anonymous_2)
FNDA:0,(anonymous_3)
DA:13,0
DA:14,0
DA:15,0
DA:16,0
DA:17,0
DA:19,0
DA:20,0
DA:21,0
DA:22,0
DA:23,0
DA:24,0
DA:29,0
DA:30,0
DA:35,0
DA:36,0
DA:42,0
DA:45,0
DA:46,0
DA:48,0
DA:51,0
DA:55,0
DA:62,0
DA:76,0
LF:23
LH:0
BRDA:30,0,0,0
BRDA:30,0,1,0
BRDA:31,1,0,0
BRDA:31,1,1,0
BRDA:31,1,2,0
BRDA:45,2,0,0
BRDA:45,2,1,0
BRDA:45,3,0,0
BRDA:45,3,1,0
BRDA:68,4,0,0
BRDA:68,4,1,0
BRDA:70,5,0,0
BRDA:70,5,1,0
BRDA:72,6,0,0
BRDA:72,6,1,0
BRDA:74,7,0,0
BRDA:74,7,1,0
BRF:17
BRH:0
end_of_record
TN:
SF:src\components\admin\QuizList.tsx
FN:11,parseQuestionMetadata
FN:15,(anonymous_1)
FN:23,(anonymous_2)
FN:27,(anonymous_3)
FN:59,normalizeFilterValue
FN:63,formatDate
FN:80,QuizList
FN:89,(anonymous_7)
FN:95,(anonymous_8)
FN:107,(anonymous_9)
FN:110,(anonymous_10)
FN:143,(anonymous_11)
FN:148,(anonymous_12)
FN:152,(anonymous_13)
FN:153,(anonymous_14)
FN:157,(anonymous_15)
FN:160,(anonymous_16)
FN:164,(anonymous_17)
FN:165,(anonymous_18)
FN:169,(anonymous_19)
FN:172,(anonymous_20)
FN:176,(anonymous_21)
FN:178,(anonymous_22)
FN:184,(anonymous_23)
FN:187,(anonymous_24)
FN:192,(anonymous_25)
FN:208,(anonymous_26)
FN:221,(anonymous_27)
FN:228,(anonymous_28)
FN:228,(anonymous_29)
FN:245,(anonymous_30)
FN:248,(anonymous_31)
FN:257,(anonymous_32)
FN:260,(anonymous_33)
FN:269,(anonymous_34)
FN:272,(anonymous_35)
FN:298,(anonymous_36)
FN:315,(anonymous_37)
FN:321,(anonymous_38)
FN:335,(anonymous_39)
FN:382,(anonymous_40)
FNF:41
FNH:0
FNDA:0,parseQuestionMetadata
FNDA:0,(anonymous_1)
FNDA:0,(anonymous_2)
FNDA:0,(anonymous_3)
FNDA:0,normalizeFilterValue
FNDA:0,formatDate
FNDA:0,QuizList
FNDA:0,(anonymous_7)
FNDA:0,(anonymous_8)
FNDA:0,(anonymous_9)
FNDA:0,(anonymous_10)
FNDA:0,(anonymous_11)
FNDA:0,(anonymous_12)
FNDA:0,(anonymous_13)
FNDA:0,(anonymous_14)
FNDA:0,(anonymous_15)
FNDA:0,(anonymous_16)
FNDA:0,(anonymous_17)
FNDA:0,(anonymous_18)
FNDA:0,(anonymous_19)
FNDA:0,(anonymous_20)
FNDA:0,(anonymous_21)
FNDA:0,(anonymous_22)
FNDA:0,(anonymous_23)
FNDA:0,(anonymous_24)
FNDA:0,(anonymous_25)
FNDA:0,(anonymous_26)
FNDA:0,(anonymous_27)
FNDA:0,(anonymous_28)
FNDA:0,(anonymous_29)
FNDA:0,(anonymous_30)
FNDA:0,(anonymous_31)
FNDA:0,(anonymous_32)
FNDA:0,(anonymous_33)
FNDA:0,(anonymous_34)
FNDA:0,(anonymous_35)
FNDA:0,(anonymous_36)
FNDA:0,(anonymous_37)
FNDA:0,(anonymous_38)
FNDA:0,(anonymous_39)
FNDA:0,(anonymous_40)
DA:12,0
DA:13,0
DA:15,0
DA:20,0
DA:21,0
DA:23,0
DA:27,0
DA:32,0
DA:39,0
DA:56,0
DA:60,0
DA:64,0
DA:65,0
DA:68,0
DA:69,0
DA:70,0
DA:73,0
DA:81,0
DA:82,0
DA:83,0
DA:84,0
DA:85,0
DA:86,0
DA:87,0
DA:89,0
DA:90,0
DA:92,0
DA:93,0
DA:95,0
DA:96,0
DA:97,0
DA:98,0
DA:100,0
DA:101,0
DA:104,0
DA:105,0
DA:106,0
DA:107,0
DA:111,0
DA:113,0
DA:125,0
DA:128,0
DA:129,0
DA:134,0
DA:137,0
DA:138,0
DA:143,0
DA:144,0
DA:148,0
DA:149,0
DA:152,0
DA:154,0
DA:157,0
DA:160,0
DA:161,0
DA:164,0
DA:166,0
DA:169,0
DA:172,0
DA:173,0
DA:176,0
DA:181,0
DA:184,0
DA:187,0
DA:188,0
DA:189,0
DA:190,0
DA:192,0
DA:193,0
DA:194,0
DA:195,0
DA:198,0
DA:200,0
DA:202,0
DA:204,0
DA:208,0
DA:209,0
DA:210,0
DA:211,0
DA:214,0
DA:215,0
DA:218,0
DA:221,0
DA:222,0
DA:223,0
DA:224,0
DA:227,0
DA:228,0
DA:230,0
DA:231,0
DA:234,0
DA:239,0
DA:245,0
DA:249,0
DA:257,0
DA:261,0
DA:269,0
DA:273,0
DA:299,0
DA:315,0
DA:321,0
DA:336,0
DA:337,0
DA:383,0
LF:104
LH:0
BRDA:12,0,0,0
BRDA:12,0,1,0
BRDA:20,1,0,0
BRDA:20,1,1,0
BRDA:20,2,0,0
BRDA:20,2,1,0
BRDA:21,3,0,0
BRDA:21,3,1,0
BRDA:25,4,0,0
BRDA:25,4,1,0
BRDA:32,5,0,0
BRDA:32,5,1,0
BRDA:32,6,0,0
BRDA:32,6,1,0
BRDA:42,7,0,0
BRDA:42,7,1,0
BRDA:42,8,0,0
BRDA:42,8,1,0
BRDA:42,8,2,0
BRDA:48,9,0,0
BRDA:48,9,1,0
BRDA:60,10,0,0
BRDA:60,10,1,0
BRDA:64,11,0,0
BRDA:64,11,1,0
BRDA:68,12,0,0
BRDA:68,12,1,0
BRDA:69,13,0,0
BRDA:69,13,1,0
BRDA:80,14,0,0
BRDA:100,15,0,0
BRDA:100,15,1,0
BRDA:101,16,0,0
BRDA:101,16,1,0
BRDA:104,17,0,0
BRDA:104,17,1,0
BRDA:105,18,0,0
BRDA:105,18,1,0
BRDA:109,19,0,0
BRDA:109,19,1,0
BRDA:116,20,0,0
BRDA:116,20,1,0
BRDA:128,21,0,0
BRDA:128,21,1,0
BRDA:130,22,0,0
BRDA:130,22,1,0
BRDA:137,23,0,0
BRDA:137,23,1,0
BRDA:154,24,0,0
BRDA:154,24,1,0
BRDA:166,25,0,0
BRDA:166,25,1,0
BRDA:181,26,0,0
BRDA:181,26,1,0
BRDA:198,27,0,0
BRDA:198,27,1,0
BRDA:200,28,0,0
BRDA:200,28,1,0
BRDA:202,29,0,0
BRDA:202,29,1,0
BRDA:204,30,0,0
BRDA:204,30,1,0
BRDA:204,30,2,0
BRDA:210,31,0,0
BRDA:210,31,1,0
BRDA:214,32,0,0
BRDA:214,32,1,0
BRDA:222,33,0,0
BRDA:222,33,1,0
BRDA:227,34,0,0
BRDA:227,34,1,0
BRDA:231,35,0,0
BRDA:231,35,1,0
BRDA:279,36,0,0
BRDA:279,36,1,0
BRDA:280,37,0,0
BRDA:280,37,1,0
BRDA:281,38,0,0
BRDA:281,38,1,0
BRDA:281,38,2,0
BRDA:282,39,0,0
BRDA:282,39,1,0
BRDA:282,39,2,0
BRDA:305,40,0,0
BRDA:305,40,1,0
BRDA:307,41,0,0
BRDA:307,41,1,0
BRDA:308,42,0,0
BRDA:308,42,1,0
BRDA:308,43,0,0
BRDA:308,43,1,0
BRDA:336,44,0,0
BRDA:336,44,1,0
BRDA:342,45,0,0
BRDA:342,45,1,0
BRDA:350,46,0,0
BRDA:350,46,1,0
BRDA:351,47,0,0
BRDA:351,47,1,0
BRDA:352,48,0,0
BRDA:352,48,1,0
BRDA:356,49,0,0
BRDA:356,49,1,0
BRDA:356,49,2,0
BRDA:365,50,0,0
BRDA:365,50,1,0
BRDA:366,51,0,0
BRDA:366,51,1,0
BRDA:367,52,0,0
BRDA:367,52,1,0
BRDA:369,53,0,0
BRDA:369,53,1,0
BRDA:378,54,0,0
BRDA:378,54,1,0
BRDA:378,54,2,0
BRDA:385,55,0,0
BRDA:385,55,1,0
BRF:117
BRH:0
end_of_record
TN:
SF:src\components\admin\QuizStatistics.tsx
FN:27,(anonymous_0)
FN:31,(anonymous_1)
FN:32,(anonymous_2)
FN:102,(anonymous_3)
FNF:4
FNH:0
FNDA:0,(anonymous_0)
FNDA:0,(anonymous_1)
FNDA:0,(anonymous_2)
FNDA:0,(anonymous_3)
DA:27,0
DA:28,0
DA:29,0
DA:31,0
DA:32,0
DA:33,0
DA:34,0
DA:35,0
DA:36,0
DA:37,0
DA:38,0
DA:39,0
DA:41,0
DA:44,0
DA:47,0
DA:48,0
DA:49,0
DA:51,0
DA:56,0
DA:58,0
DA:61,0
DA:65,0
DA:68,0
DA:103,0
LF:24
LH:0
BRDA:27,0,0,0
BRDA:36,1,0,0
BRDA:36,1,1,0
BRDA:38,2,0,0
BRDA:38,2,1,0
BRDA:51,3,0,0
BRDA:51,3,1,0
BRDA:52,4,0,0
BRDA:52,4,1,0
BRDA:52,4,2,0
BRDA:69,5,0,0
BRDA:69,5,1,0
BRDA:70,6,0,0
BRDA:70,6,1,0
BRDA:72,7,0,0
BRDA:72,7,1,0
BRDA:114,8,0,0
BRDA:114,8,1,0
BRF:18
BRH:0
end_of_record
TN:
SF:src\components\admin\QuizUpload.tsx
FN:26,normalizeCitation
FN:56,isAcceptedUploadFile
FN:68,(anonymous_2)
FN:78,(anonymous_3)
FN:93,(anonymous_4)
FN:107,(anonymous_5)
FN:111,(anonymous_6)
FN:139,(anonymous_7)
FN:151,(anonymous_8)
FN:166,(anonymous_9)
FN:206,(anonymous_10)
FN:245,(anonymous_11)
FN:248,(anonymous_12)
FN:261,(anonymous_13)
FN:264,(anonymous_14)
FN:277,(anonymous_15)
FN:280,(anonymous_16)
FN:296,(anonymous_17)
FNF:18
FNH:0
FNDA:0,normalizeCitation
FNDA:0,isAcceptedUploadFile
FNDA:0,(anonymous_2)
FNDA:0,(anonymous_3)
FNDA:0,(anonymous_4)
FNDA:0,(anonymous_5)
FNDA:0,(anonymous_6)
FNDA:0,(anonymous_7)
FNDA:0,(anonymous_8)
FNDA:0,(anonymous_9)
FNDA:0,(anonymous_10)
FNDA:0,(anonymous_11)
FNDA:0,(anonymous_12)
FNDA:0,(anonymous_13)
FNDA:0,(anonymous_14)
FNDA:0,(anonymous_15)
FNDA:0,(anonymous_16)
FNDA:0,(anonymous_17)
DA:9,0
DA:10,0
DA:12,0
DA:27,0
DA:28,0
DA:32,0
DA:36,0
DA:40,0
DA:45,0
DA:46,0
DA:49,0
DA:57,0
DA:58,0
DA:68,0
DA:69,0
DA:70,0
DA:71,0
DA:72,0
DA:73,0
DA:74,0
DA:75,0
DA:76,0
DA:78,0
DA:79,0
DA:80,0
DA:81,0
DA:82,0
DA:83,0
DA:84,0
DA:86,0
DA:87,0
DA:89,0
DA:93,0
DA:94,0
DA:95,0
DA:96,0
DA:97,0
DA:98,0
DA:99,0
DA:100,0
DA:102,0
DA:103,0
DA:107,0
DA:108,0
DA:111,0
DA:112,0
DA:113,0
DA:114,0
DA:116,0
DA:117,0
DA:118,0
DA:119,0
DA:120,0
DA:121,0
DA:122,0
DA:123,0
DA:124,0
DA:126,0
DA:130,0
DA:132,0
DA:133,0
DA:134,0
DA:137,0
DA:141,0
DA:143,0
DA:145,0
DA:146,0
DA:149,0
DA:151,0
DA:155,0
DA:166,0
DA:169,0
DA:170,0
DA:183,0
DA:185,0
DA:191,0
DA:193,0
DA:197,0
DA:206,0
DA:245,0
DA:249,0
DA:261,0
DA:265,0
DA:277,0
DA:281,0
DA:297,0
DA:298,0
DA:299,0
DA:300,0
DA:303,0
LF:90
LH:0
BRDA:27,0,0,0
BRDA:27,0,1,0
BRDA:27,1,0,0
BRDA:27,1,1,0
BRDA:32,2,0,0
BRDA:32,2,1,0
BRDA:36,3,0,0
BRDA:36,3,1,0
BRDA:40,4,0,0
BRDA:40,4,1,0
BRDA:40,5,0,0
BRDA:40,5,1,0
BRDA:45,6,0,0
BRDA:45,6,1,0
BRDA:45,7,0,0
BRDA:45,7,1,0
BRDA:52,8,0,0
BRDA:52,8,1,0
BRDA:59,9,0,0
BRDA:59,9,1,0
BRDA:59,9,2,0
BRDA:59,9,3,0
BRDA:59,9,4,0
BRDA:59,9,5,0
BRDA:79,10,0,0
BRDA:79,10,1,0
BRDA:79,11,0,0
BRDA:79,11,1,0
BRDA:81,12,0,0
BRDA:81,12,1,0
BRDA:95,13,0,0
BRDA:95,13,1,0
BRDA:95,14,0,0
BRDA:95,14,1,0
BRDA:97,15,0,0
BRDA:97,15,1,0
BRDA:112,16,0,0
BRDA:112,16,1,0
BRDA:132,17,0,0
BRDA:132,17,1,0
BRDA:133,18,0,0
BRDA:133,18,1,0
BRDA:137,19,0,0
BRDA:137,19,1,0
BRDA:141,20,0,0
BRDA:141,20,1,0
BRDA:143,21,0,0
BRDA:143,21,1,0
BRDA:145,22,0,0
BRDA:145,22,1,0
BRDA:145,23,0,0
BRDA:145,23,1,0
BRDA:149,24,0,0
BRDA:149,24,1,0
BRDA:158,25,0,0
BRDA:158,25,1,0
BRDA:158,26,0,0
BRDA:158,26,1,0
BRDA:161,27,0,0
BRDA:161,27,1,0
BRDA:169,28,0,0
BRDA:169,28,1,0
BRDA:186,29,0,0
BRDA:186,29,1,0
BRDA:201,30,0,0
BRDA:201,30,1,0
BRDA:202,31,0,0
BRDA:202,31,1,0
BRDA:218,32,0,0
BRDA:218,32,1,0
BRDA:228,33,0,0
BRDA:228,33,1,0
BRDA:231,34,0,0
BRDA:231,34,1,0
BRDA:231,35,0,0
BRDA:231,35,1,0
BRDA:237,36,0,0
BRDA:237,36,1,0
BRDA:298,37,0,0
BRDA:298,37,1,0
BRDA:309,38,0,0
BRDA:309,38,1,0
BRF:82
BRH:0
end_of_record
TN:
SF:src\components\home\HomeClient.tsx
FN:46,normalizeFilterValue
FN:57,getDifficultyChipClass
FN:74,getAttemptStatusChipClass
FN:87,HomeClient
FN:98,(anonymous_4)
FN:102,(anonymous_5)
FN:103,(anonymous_6)
FN:107,(anonymous_7)
FN:114,(anonymous_8)
FN:137,(anonymous_9)
FN:138,(anonymous_10)
FN:154,(anonymous_11)
FN:156,(anonymous_12)
FN:200,(anonymous_13)
FN:204,(anonymous_14)
FN:219,(anonymous_15)
FN:236,(anonymous_16)
FN:252,(anonymous_17)
FN:254,(anonymous_18)
FNF:19
FNH:0
FNDA:0,normalizeFilterValue
FNDA:0,getDifficultyChipClass
FNDA:0,getAttemptStatusChipClass
FNDA:0,HomeClient
FNDA:0,(anonymous_4)
FNDA:0,(anonymous_5)
FNDA:0,(anonymous_6)
FNDA:0,(anonymous_7)
FNDA:0,(anonymous_8)
FNDA:0,(anonymous_9)
FNDA:0,(anonymous_10)
FNDA:0,(anonymous_11)
FNDA:0,(anonymous_12)
FNDA:0,(anonymous_13)
FNDA:0,(anonymous_14)
FNDA:0,(anonymous_15)
FNDA:0,(anonymous_16)
FNDA:0,(anonymous_17)
FNDA:0,(anonymous_18)
DA:20,0
DA:47,0
DA:50,0
DA:58,0
DA:59,0
DA:60,0
DA:63,0
DA:64,0
DA:67,0
DA:68,0
DA:71,0
DA:75,0
DA:76,0
DA:77,0
DA:80,0
DA:81,0
DA:84,0
DA:88,0
DA:89,0
DA:90,0
DA:91,0
DA:92,0
DA:95,0
DA:98,0
DA:99,0
DA:100,0
DA:101,0
DA:102,0
DA:104,0
DA:105,0
DA:108,0
DA:109,0
DA:114,0
DA:115,0
DA:117,0
DA:118,0
DA:119,0
DA:120,0
DA:121,0
DA:124,0
DA:127,0
DA:130,0
DA:133,0
DA:136,0
DA:137,0
DA:140,0
DA:144,0
DA:148,0
DA:149,0
DA:152,0
DA:154,0
DA:156,0
DA:157,0
DA:158,0
DA:161,0
DA:162,0
DA:165,0
DA:168,0
DA:200,0
DA:205,0
DA:219,0
DA:236,0
DA:253,0
DA:255,0
DA:258,0
DA:260,0
LF:66
LH:0
BRDA:47,0,0,0
BRDA:47,0,1,0
BRDA:59,1,0,0
BRDA:59,1,1,0
BRDA:63,2,0,0
BRDA:63,2,1,0
BRDA:67,3,0,0
BRDA:67,3,1,0
BRDA:76,4,0,0
BRDA:76,4,1,0
BRDA:80,5,0,0
BRDA:80,5,1,0
BRDA:104,6,0,0
BRDA:104,6,1,0
BRDA:124,7,0,0
BRDA:124,7,1,0
BRDA:127,8,0,0
BRDA:127,8,1,0
BRDA:130,9,0,0
BRDA:130,9,1,0
BRDA:133,10,0,0
BRDA:133,10,1,0
BRDA:133,10,2,0
BRDA:140,11,0,0
BRDA:140,11,1,0
BRDA:144,12,0,0
BRDA:144,12,1,0
BRDA:148,13,0,0
BRDA:148,13,1,0
BRDA:157,14,0,0
BRDA:157,14,1,0
BRDA:161,15,0,0
BRDA:161,15,1,0
BRDA:199,16,0,0
BRDA:199,16,1,0
BRDA:200,17,0,0
BRDA:200,17,1,0
BRDA:218,18,0,0
BRDA:218,18,1,0
BRDA:219,19,0,0
BRDA:219,19,1,0
BRDA:235,20,0,0
BRDA:235,20,1,0
BRDA:236,21,0,0
BRDA:236,21,1,0
BRDA:248,22,0,0
BRDA:248,22,1,0
BRDA:249,23,0,0
BRDA:249,23,1,0
BRDA:258,24,0,0
BRDA:258,24,1,0
BRDA:274,25,0,0
BRDA:274,25,1,0
BRDA:274,26,0,0
BRDA:274,26,1,0
BRDA:300,27,0,0
BRDA:300,27,1,0
BRDA:300,28,0,0
BRDA:300,28,1,0
BRDA:306,29,0,0
BRDA:306,29,1,0
BRDA:306,29,2,0
BRDA:308,30,0,0
BRDA:308,30,1,0
BRDA:308,30,2,0
BRDA:315,31,0,0
BRDA:315,31,1,0
BRDA:321,32,0,0
BRDA:321,32,1,0
BRDA:326,33,0,0
BRDA:326,33,1,0
BRDA:337,34,0,0
BRDA:337,34,1,0
BRDA:346,35,0,0
BRDA:346,35,1,0
BRDA:346,35,2,0
BRF:76
BRH:0
end_of_record
TN:
SF:src\components\ui\avatar.tsx
FN:11,(anonymous_0)
FN:26,(anonymous_1)
FN:38,(anonymous_2)
FNF:3
FNH:0
FNDA:0,(anonymous_0)
FNDA:0,(anonymous_1)
FNDA:0,(anonymous_2)
DA:8,0
DA:12,0
DA:21,0
DA:23,0
DA:27,0
DA:33,0
DA:35,0
DA:39,0
DA:48,0
LF:9
LH:0
BRF:0
BRH:0
end_of_record
TN:
SF:src\components\ui\button.tsx
FN:38,Button
FNF:1
FNH:0
FNDA:0,Button
DA:7,0
DA:48,0
DA:50,0
LF:3
LH:0
BRDA:42,0,0,0
BRDA:48,1,0,0
BRDA:48,1,1,0
BRF:3
BRH:0
end_of_record
TN:
SF:src\components\ui\card.tsx
FN:8,(anonymous_0)
FN:23,(anonymous_1)
FN:35,(anonymous_2)
FN:47,(anonymous_3)
FN:59,(anonymous_4)
FN:67,(anonymous_5)
FNF:6
FNH:0
FNDA:0,(anonymous_0)
FNDA:0,(anonymous_1)
FNDA:0,(anonymous_2)
FNDA:0,(anonymous_3)
FNDA:0,(anonymous_4)
FNDA:0,(anonymous_5)
DA:5,0
DA:9,0
DA:18,0
DA:20,0
DA:24,0
DA:30,0
DA:32,0
DA:36,0
DA:42,0
DA:44,0
DA:48,0
DA:54,0
DA:56,0
DA:60,0
DA:62,0
DA:64,0
DA:68,0
DA:74,0
LF:18
LH:0
BRF:0
BRH:0
end_of_record
TN:
SF:src\components\ui\chart.tsx
FN:27,useChart
FN:45,(anonymous_1)
FN:70,(anonymous_2)
FN:72,(anonymous_3)
FN:84,(anonymous_4)
FN:87,(anonymous_5)
FN:116,(anonymous_6)
FN:136,(anonymous_7)
FN:188,(anonymous_8)
FN:269,(anonymous_9)
FN:288,(anonymous_10)
FN:320,getPayloadConfigFromPayload
FNF:12
FNH:0
FNDA:0,useChart
FNDA:0,(anonymous_1)
FNDA:0,(anonymous_2)
FNDA:0,(anonymous_3)
FNDA:0,(anonymous_4)
FNDA:0,(anonymous_5)
FNDA:0,(anonymous_6)
FNDA:0,(anonymous_7)
FNDA:0,(anonymous_8)
FNDA:0,(anonymous_9)
FNDA:0,(anonymous_10)
FNDA:0,getPayloadConfigFromPayload
DA:9,0
DA:25,0
DA:28,0
DA:30,0
DA:31,0
DA:34,0
DA:37,0
DA:46,0
DA:47,0
DA:49,0
DA:68,0
DA:70,0
DA:71,0
DA:72,0
DA:75,0
DA:76,0
DA:79,0
DA:84,0
DA:89,0
DA:91,0
DA:103,0
DA:105,0
DA:134,0
DA:136,0
DA:137,0
DA:138,0
DA:141,0
DA:142,0
DA:143,0
DA:145,0
DA:149,0
DA:150,0
DA:157,0
DA:158,0
DA:161,0
DA:172,0
DA:173,0
DA:176,0
DA:178,0
DA:189,0
DA:190,0
DA:191,0
DA:193,0
DA:257,0
DA:259,0
DA:261,0
DA:273,0
DA:275,0
DA:276,0
DA:279,0
DA:289,0
DA:290,0
DA:292,0
DA:317,0
DA:325,0
DA:326,0
DA:330,0
DA:336,0
DA:338,0
DA:342,0
DA:343,0
DA:348,0
DA:353,0
LF:63
LH:0
BRDA:30,0,0,0
BRDA:30,0,1,0
BRDA:47,1,0,0
BRDA:47,1,1,0
BRDA:72,2,0,0
BRDA:72,2,1,0
BRDA:75,3,0,0
BRDA:75,3,1,0
BRDA:89,4,0,0
BRDA:89,4,1,0
BRDA:91,5,0,0
BRDA:91,5,1,0
BRDA:121,6,0,0
BRDA:122,7,0,0
BRDA:123,8,0,0
BRDA:137,9,0,0
BRDA:137,9,1,0
BRDA:137,10,0,0
BRDA:137,10,1,0
BRDA:142,11,0,0
BRDA:142,11,1,0
BRDA:142,11,2,0
BRDA:142,11,3,0
BRDA:145,12,0,0
BRDA:145,12,1,0
BRDA:145,13,0,0
BRDA:145,13,1,0
BRDA:146,14,0,0
BRDA:146,14,1,0
BRDA:149,15,0,0
BRDA:149,15,1,0
BRDA:157,16,0,0
BRDA:157,16,1,0
BRDA:172,17,0,0
BRDA:172,17,1,0
BRDA:172,18,0,0
BRDA:172,18,1,0
BRDA:176,19,0,0
BRDA:176,19,1,0
BRDA:186,20,0,0
BRDA:186,20,1,0
BRDA:189,21,0,0
BRDA:189,21,1,0
BRDA:189,21,2,0
BRDA:189,21,3,0
BRDA:191,22,0,0
BRDA:191,22,1,0
BRDA:191,22,2,0
BRDA:198,23,0,0
BRDA:198,23,1,0
BRDA:201,24,0,0
BRDA:201,24,1,0
BRDA:201,25,0,0
BRDA:201,25,1,0
BRDA:201,25,2,0
BRDA:205,26,0,0
BRDA:205,26,1,0
BRDA:208,27,0,0
BRDA:208,27,1,0
BRDA:217,28,0,0
BRDA:217,28,1,0
BRDA:232,29,0,0
BRDA:232,29,1,0
BRDA:236,30,0,0
BRDA:236,30,1,0
BRDA:238,31,0,0
BRDA:238,31,1,0
BRDA:241,32,0,0
BRDA:241,32,1,0
BRDA:270,33,0,0
BRDA:270,34,0,0
BRDA:275,35,0,0
BRDA:275,35,1,0
BRDA:284,36,0,0
BRDA:284,36,1,0
BRDA:289,37,0,0
BRDA:289,37,1,0
BRDA:289,37,2,0
BRDA:299,38,0,0
BRDA:299,38,1,0
BRDA:299,39,0,0
BRDA:299,39,1,0
BRDA:325,40,0,0
BRDA:325,40,1,0
BRDA:325,41,0,0
BRDA:325,41,1,0
BRDA:330,42,0,0
BRDA:330,42,1,0
BRDA:330,43,0,0
BRDA:330,43,1,0
BRDA:330,43,2,0
BRDA:338,44,0,0
BRDA:338,44,1,0
BRDA:339,45,0,0
BRDA:339,45,1,0
BRDA:343,46,0,0
BRDA:343,46,1,0
BRDA:344,47,0,0
BRDA:344,47,1,0
BRDA:344,47,2,0
BRDA:353,48,0,0
BRDA:353,48,1,0
BRF:102
BRH:0
end_of_record
TN:
SF:src\components\ui\dialog.tsx
FN:13,(anonymous_0)
FN:21,(anonymous_1)
FN:36,(anonymous_2)
FN:57,(anonymous_3)
FN:71,(anonymous_4)
FN:88,(anonymous_5)
FN:103,(anonymous_6)
FNF:7
FNH:0
FNDA:0,(anonymous_0)
FNDA:0,(anonymous_1)
FNDA:0,(anonymous_2)
FNDA:0,(anonymous_3)
FNDA:0,(anonymous_4)
FNDA:0,(anonymous_5)
FNDA:0,(anonymous_6)
DA:9,0
DA:11,0
DA:13,0
DA:14,0
DA:16,0
DA:18,0
DA:22,0
DA:31,0
DA:33,0
DA:37,0
DA:55,0
DA:57,0
DA:61,0
DA:69,0
DA:71,0
DA:75,0
DA:83,0
DA:85,0
DA:89,0
DA:98,0
DA:100,0
DA:104,0
DA:110,0
LF:23
LH:0
BRF:0
BRH:0
end_of_record
TN:
SF:src\components\ui\dropdown-menu.tsx
FN:30,(anonymous_0)
FN:50,(anonymous_1)
FN:66,(anonymous_2)
FN:87,(anonymous_3)
FN:103,(anonymous_4)
FN:127,(anonymous_5)
FN:151,(anonymous_6)
FN:167,(anonymous_7)
FN:176,(anonymous_8)
FNF:9
FNH:0
FNDA:0,(anonymous_0)
FNDA:0,(anonymous_1)
FNDA:0,(anonymous_2)
FNDA:0,(anonymous_3)
FNDA:0,(anonymous_4)
FNDA:0,(anonymous_5)
FNDA:0,(anonymous_6)
FNDA:0,(anonymous_7)
FNDA:0,(anonymous_8)
DA:13,0
DA:15,0
DA:17,0
DA:19,0
DA:21,0
DA:23,0
DA:25,0
DA:31,0
DA:44,0
DA:47,0
DA:51,0
DA:60,0
DA:63,0
DA:67,0
DA:80,0
DA:82,0
DA:88,0
DA:98,0
DA:100,0
DA:104,0
DA:121,0
DA:124,0
DA:128,0
DA:144,0
DA:146,0
DA:152,0
DA:162,0
DA:164,0
DA:168,0
DA:174,0
DA:176,0
DA:180,0
DA:187,0
LF:33
LH:0
BRDA:35,0,0,0
BRDA:35,0,1,0
BRDA:66,1,0,0
BRDA:92,2,0,0
BRDA:92,2,1,0
BRDA:156,3,0,0
BRDA:156,3,1,0
BRF:7
BRH:0
end_of_record
TN:
SF:src\components\ui\form.tsx
FN:32,(anonymous_0)
FN:45,(anonymous_1)
FN:76,FormItem
FN:90,FormLabel
FN:107,FormControl
FN:126,FormDescription
FN:139,FormMessage
FNF:7
FNH:0
FNDA:0,(anonymous_0)
FNDA:0,(anonymous_1)
FNDA:0,FormItem
FNDA:0,FormLabel
FNDA:0,FormControl
FNDA:0,FormDescription
FNDA:0,FormMessage
DA:19,0
DA:28,0
DA:32,0
DA:38,0
DA:45,0
DA:46,0
DA:47,0
DA:48,0
DA:49,0
DA:50,0
DA:52,0
DA:53,0
DA:56,0
DA:58,0
DA:72,0
DA:77,0
DA:79,0
DA:94,0
DA:96,0
DA:109,0
DA:111,0
DA:127,0
DA:129,0
DA:140,0
DA:141,0
DA:143,0
DA:144,0
DA:147,0
LF:28
LH:0
BRDA:52,0,0,0
BRDA:52,0,1,0
BRDA:116,1,0,0
BRDA:116,1,1,0
BRDA:141,2,0,0
BRDA:141,2,1,0
BRDA:141,3,0,0
BRDA:141,3,1,0
BRDA:143,4,0,0
BRDA:143,4,1,0
BRF:10
BRH:0
end_of_record
TN:
SF:src\components\ui\input.tsx
FN:9,(anonymous_0)
FNF:1
FNH:0
FNDA:0,(anonymous_0)
DA:8,0
DA:10,0
DA:23,0
LF:3
LH:0
BRF:0
BRH:0
end_of_record
TN:
SF:src\components\ui\navigation-menu.tsx
FN:11,(anonymous_0)
FN:29,(anonymous_1)
FN:50,(anonymous_2)
FN:68,(anonymous_3)
FN:85,(anonymous_4)
FN:103,(anonymous_5)
FNF:6
FNH:0
FNDA:0,(anonymous_0)
FNDA:0,(anonymous_1)
FNDA:0,(anonymous_2)
FNDA:0,(anonymous_3)
FNDA:0,(anonymous_4)
FNDA:0,(anonymous_5)
DA:8,0
DA:12,0
DA:24,0
DA:26,0
DA:30,0
DA:39,0
DA:41,0
DA:43,0
DA:47,0
DA:51,0
DA:63,0
DA:65,0
DA:69,0
DA:78,0
DA:80,0
DA:82,0
DA:86,0
DA:97,0
DA:100,0
DA:104,0
DA:115,0
LF:21
LH:0
BRF:0
BRH:0
end_of_record
TN:
SF:src\components\ui\table.tsx
FN:8,(anonymous_0)
FN:22,(anonymous_1)
FN:30,(anonymous_2)
FN:42,(anonymous_3)
FN:54,(anonymous_4)
FN:69,(anonymous_5)
FN:84,(anonymous_6)
FN:99,(anonymous_7)
FNF:8
FNH:0
FNDA:0,(anonymous_0)
FNDA:0,(anonymous_1)
FNDA:0,(anonymous_2)
FNDA:0,(anonymous_3)
FNDA:0,(anonymous_4)
FNDA:0,(anonymous_5)
FNDA:0,(anonymous_6)
FNDA:0,(anonymous_7)
DA:5,0
DA:9,0
DA:17,0
DA:19,0
DA:23,0
DA:25,0
DA:27,0
DA:31,0
DA:37,0
DA:39,0
DA:43,0
DA:49,0
DA:51,0
DA:55,0
DA:64,0
DA:66,0
DA:70,0
DA:79,0
DA:81,0
DA:85,0
DA:94,0
DA:96,0
DA:100,0
DA:106,0
LF:24
LH:0
BRF:0
BRH:0
end_of_record
TN:
SF:src\components\ui\toast.tsx
FN:13,(anonymous_0)
FN:46,(anonymous_1)
FN:60,(anonymous_2)
FN:75,(anonymous_3)
FN:93,(anonymous_4)
FN:105,(anonymous_5)
FNF:6
FNH:0
FNDA:0,(anonymous_0)
FNDA:0,(anonymous_1)
FNDA:0,(anonymous_2)
FNDA:0,(anonymous_3)
FNDA:0,(anonymous_4)
FNDA:0,(anonymous_5)
DA:8,0
DA:10,0
DA:14,0
DA:23,0
DA:25,0
DA:42,0
DA:47,0
DA:55,0
DA:57,0
DA:61,0
DA:70,0
DA:72,0
DA:76,0
DA:88,0
DA:90,0
DA:94,0
DA:100,0
DA:102,0
DA:106,0
DA:112,0
LF:20
LH:0
BRF:0
BRH:0
end_of_record
TN:
SF:src\components\ui\use-toast.ts
FN:25,genId
FN:56,(anonymous_1)
FN:61,(anonymous_2)
FN:72,(anonymous_3)
FN:83,(anonymous_4)
FN:96,(anonymous_5)
FN:103,(anonymous_6)
FN:122,(anonymous_7)
FN:131,dispatch
FN:133,(anonymous_9)
FN:140,toast
FN:143,(anonymous_11)
FN:148,(anonymous_12)
FN:156,(anonymous_13)
FN:169,useToast
FN:172,(anonymous_15)
FN:174,(anonymous_16)
FN:185,(anonymous_17)
FNF:18
FNH:0
FNDA:0,genId
FNDA:0,(anonymous_1)
FNDA:0,(anonymous_2)
FNDA:0,(anonymous_3)
FNDA:0,(anonymous_4)
FNDA:0,(anonymous_5)
FNDA:0,(anonymous_6)
FNDA:0,(anonymous_7)
FNDA:0,dispatch
FNDA:0,(anonymous_9)
FNDA:0,toast
FNDA:0,(anonymous_11)
FNDA:0,(anonymous_12)
FNDA:0,(anonymous_13)
FNDA:0,useToast
FNDA:0,(anonymous_15)
FNDA:0,(anonymous_16)
FNDA:0,(anonymous_17)
DA:6,0
DA:7,0
DA:16,0
DA:23,0
DA:26,0
DA:27,0
DA:54,0
DA:56,0
DA:57,0
DA:58,0
DA:61,0
DA:62,0
DA:63,0
DA:69,0
DA:72,0
DA:73,0
DA:75,0
DA:81,0
DA:84,0
DA:89,0
DA:93,0
DA:94,0
DA:96,0
DA:97,0
DA:101,0
DA:104,0
DA:114,0
DA:115,0
DA:120,0
DA:122,0
DA:127,0
DA:129,0
DA:132,0
DA:133,0
DA:134,0
DA:141,0
DA:143,0
DA:144,0
DA:148,0
DA:150,0
DA:157,0
DA:162,0
DA:170,0
DA:172,0
DA:173,0
DA:174,0
DA:175,0
DA:176,0
DA:177,0
DA:182,0
DA:185,0
LF:51
LH:0
BRDA:57,0,0,0
BRDA:57,0,1,0
BRDA:73,1,0,0
BRDA:73,1,1,0
BRDA:73,1,2,0
BRDA:73,1,3,0
BRDA:84,2,0,0
BRDA:84,2,1,0
BRDA:93,3,0,0
BRDA:93,3,1,0
BRDA:104,4,0,0
BRDA:104,4,1,0
BRDA:104,5,0,0
BRDA:104,5,1,0
BRDA:114,6,0,0
BRDA:114,6,1,0
BRDA:157,7,0,0
BRDA:157,7,1,0
BRDA:176,8,0,0
BRDA:176,8,1,0
BRF:20
BRH:0
end_of_record
