TN:
SF:src\components\admin\OpenAIGenerator.tsx
FN:13,(anonymous_0)
FN:19,(anonymous_1)
FN:62,(anonymous_2)
FN:75,(anonymous_3)
FNF:4
FNH:4
FNDA:14,(anonymous_0)
FNDA:3,(anonymous_1)
FNDA:3,(anonymous_2)
FNDA:2,(anonymous_3)
DA:13,1
DA:14,14
DA:15,14
DA:16,14
DA:17,14
DA:19,14
DA:20,3
DA:21,3
DA:22,3
DA:23,3
DA:24,3
DA:29,2
DA:30,2
DA:35,1
DA:36,1
DA:42,1
DA:45,1
DA:46,1
DA:48,0
DA:51,3
DA:55,14
DA:62,3
DA:76,2
LF:23
LH:22
BRDA:30,0,0,1
BRDA:30,0,1,1
BRDA:31,1,0,2
BRDA:31,1,1,2
BRDA:31,1,2,2
BRDA:45,2,0,1
BRDA:45,2,1,0
BRDA:45,3,0,1
BRDA:45,3,1,1
BRDA:68,4,0,14
BRDA:68,4,1,11
BRDA:70,5,0,3
BRDA:70,5,1,11
BRDA:72,6,0,14
BRDA:72,6,1,2
BRDA:74,7,0,14
BRDA:74,7,1,1
BRF:17
BRH:16
end_of_record
TN:
SF:src\components\admin\QuizList.tsx
FN:5,normalizeFilterValue
FN:13,QuizList
FN:21,(anonymous_2)
FN:27,(anonymous_3)
FN:55,(anonymous_4)
FN:60,(anonymous_5)
FN:64,(anonymous_6)
FN:65,(anonymous_7)
FN:69,(anonymous_8)
FN:72,(anonymous_9)
FN:76,(anonymous_10)
FN:77,(anonymous_11)
FN:81,(anonymous_12)
FN:84,(anonymous_13)
FN:88,(anonymous_14)
FN:90,(anonymous_15)
FN:96,(anonymous_16)
FN:99,(anonymous_17)
FN:104,(anonymous_18)
FN:120,(anonymous_19)
FN:133,(anonymous_20)
FN:140,(anonymous_21)
FN:140,(anonymous_22)
FN:157,(anonymous_23)
FN:160,(anonymous_24)
FN:169,(anonymous_25)
FN:172,(anonymous_26)
FN:181,(anonymous_27)
FN:184,(anonymous_28)
FN:209,(anonymous_29)
FN:224,(anonymous_30)
FNF:31
FNH:28
FNDA:58,normalizeFilterValue
FNDA:15,QuizList
FNDA:4,(anonymous_2)
FNDA:4,(anonymous_3)
FNDA:4,(anonymous_4)
FNDA:9,(anonymous_5)
FNDA:3,(anonymous_6)
FNDA:3,(anonymous_7)
FNDA:1,(anonymous_8)
FNDA:9,(anonymous_9)
FNDA:3,(anonymous_10)
FNDA:3,(anonymous_11)
FNDA:1,(anonymous_12)
FNDA:9,(anonymous_13)
FNDA:3,(anonymous_14)
FNDA:3,(anonymous_15)
FNDA:0,(anonymous_16)
FNDA:11,(anonymous_17)
FNDA:7,(anonymous_18)
FNDA:4,(anonymous_19)
FNDA:1,(anonymous_20)
FNDA:1,(anonymous_21)
FNDA:1,(anonymous_22)
FNDA:1,(anonymous_23)
FNDA:7,(anonymous_24)
FNDA:1,(anonymous_25)
FNDA:7,(anonymous_26)
FNDA:0,(anonymous_27)
FNDA:0,(anonymous_28)
FNDA:4,(anonymous_29)
FNDA:1,(anonymous_30)
DA:6,58
DA:14,15
DA:15,15
DA:16,15
DA:17,15
DA:18,15
DA:19,15
DA:21,15
DA:22,4
DA:24,4
DA:25,4
DA:27,4
DA:28,4
DA:29,4
DA:30,3
DA:32,3
DA:33,0
DA:36,3
DA:37,3
DA:40,1
DA:41,1
DA:46,1
DA:49,4
DA:50,4
DA:55,4
DA:56,4
DA:60,15
DA:61,9
DA:64,3
DA:66,3
DA:69,1
DA:72,15
DA:73,9
DA:76,3
DA:78,3
DA:81,1
DA:84,15
DA:85,9
DA:88,3
DA:93,3
DA:96,0
DA:99,15
DA:100,11
DA:101,11
DA:102,11
DA:104,11
DA:105,7
DA:106,7
DA:107,7
DA:110,7
DA:112,7
DA:114,7
DA:116,7
DA:120,15
DA:121,4
DA:122,4
DA:123,0
DA:126,4
DA:127,0
DA:130,4
DA:133,15
DA:134,1
DA:135,1
DA:136,1
DA:139,1
DA:140,1
DA:142,0
DA:143,0
DA:146,0
DA:151,15
DA:157,1
DA:161,7
DA:169,1
DA:173,7
DA:181,0
DA:185,0
DA:210,4
DA:224,1
LF:78
LH:69
BRDA:6,0,0,58
BRDA:6,0,1,11
BRDA:13,1,0,15
BRDA:32,2,0,0
BRDA:32,2,1,3
BRDA:33,3,0,0
BRDA:33,3,1,0
BRDA:36,4,0,3
BRDA:36,4,1,0
BRDA:37,5,0,3
BRDA:37,5,1,0
BRDA:40,6,0,1
BRDA:40,6,1,0
BRDA:42,7,0,0
BRDA:42,7,1,1
BRDA:49,8,0,4
BRDA:49,8,1,0
BRDA:66,9,0,3
BRDA:66,9,1,3
BRDA:78,10,0,3
BRDA:78,10,1,3
BRDA:93,11,0,3
BRDA:93,11,1,0
BRDA:110,12,0,7
BRDA:110,12,1,4
BRDA:112,13,0,7
BRDA:112,13,1,2
BRDA:114,14,0,7
BRDA:114,14,1,0
BRDA:116,15,0,7
BRDA:116,15,1,5
BRDA:116,15,2,4
BRDA:122,16,0,0
BRDA:122,16,1,4
BRDA:126,17,0,0
BRDA:126,17,1,4
BRDA:134,18,0,1
BRDA:134,18,1,0
BRDA:139,19,0,1
BRDA:139,19,1,0
BRDA:143,20,0,0
BRDA:143,20,1,0
BRDA:191,21,0,15
BRDA:191,21,1,4
BRDA:192,22,0,15
BRDA:192,22,1,1
BRDA:193,23,0,15
BRDA:193,23,1,11
BRDA:193,23,2,8
BRDA:194,24,0,15
BRDA:194,24,1,11
BRDA:194,24,2,3
BRDA:217,25,0,4
BRDA:217,25,1,0
BRDA:217,26,0,4
BRDA:217,26,1,4
BRF:56
BRH:39
end_of_record
TN:
SF:src\components\admin\QuizStatistics.tsx
FN:12,(anonymous_0)
FN:15,(anonymous_1)
FN:16,(anonymous_2)
FN:44,(anonymous_3)
FNF:4
FNH:4
FNDA:3,(anonymous_0)
FNDA:2,(anonymous_1)
FNDA:2,(anonymous_2)
FNDA:2,(anonymous_3)
DA:12,1
DA:13,3
DA:15,3
DA:16,2
DA:17,2
DA:18,2
DA:19,1
DA:20,1
DA:22,1
DA:26,2
DA:29,3
DA:45,2
LF:12
LH:12
BRDA:56,0,0,1
BRDA:56,0,1,1
BRF:2
BRH:2
end_of_record
TN:
SF:src\components\admin\QuizUpload.tsx
FN:14,isAcceptedUploadFile
FN:26,(anonymous_1)
FN:32,(anonymous_2)
FN:47,(anonymous_3)
FN:61,(anonymous_4)
FN:65,(anonymous_5)
FN:89,(anonymous_6)
FN:126,(anonymous_7)
FNF:8
FNH:5
FNDA:5,isAcceptedUploadFile
FNDA:17,(anonymous_1)
FNDA:5,(anonymous_2)
FNDA:0,(anonymous_3)
FNDA:0,(anonymous_4)
FNDA:3,(anonymous_5)
FNDA:1,(anonymous_6)
FNDA:0,(anonymous_7)
DA:15,5
DA:16,5
DA:26,1
DA:27,17
DA:28,17
DA:29,17
DA:30,17
DA:32,17
DA:33,5
DA:34,5
DA:35,5
DA:36,1
DA:37,1
DA:38,1
DA:40,4
DA:41,4
DA:43,0
DA:47,17
DA:48,0
DA:49,0
DA:50,0
DA:51,0
DA:52,0
DA:53,0
DA:54,0
DA:56,0
DA:57,0
DA:61,17
DA:62,0
DA:65,17
DA:66,3
DA:67,0
DA:68,0
DA:70,3
DA:71,3
DA:72,3
DA:73,3
DA:74,3
DA:76,3
DA:80,2
DA:82,2
DA:83,1
DA:84,1
DA:87,1
DA:90,1
DA:97,1
DA:98,1
DA:103,1
DA:105,0
DA:111,1
DA:113,3
DA:117,17
DA:126,0
LF:53
LH:38
BRDA:17,0,0,5
BRDA:17,0,1,1
BRDA:17,0,2,1
BRDA:17,0,3,1
BRDA:17,0,4,1
BRDA:17,0,5,1
BRDA:33,1,0,5
BRDA:33,1,1,0
BRDA:33,2,0,5
BRDA:33,2,1,5
BRDA:35,3,0,1
BRDA:35,3,1,4
BRDA:49,4,0,0
BRDA:49,4,1,0
BRDA:49,5,0,0
BRDA:49,5,1,0
BRDA:51,6,0,0
BRDA:51,6,1,0
BRDA:66,7,0,0
BRDA:66,7,1,3
BRDA:82,8,0,1
BRDA:82,8,1,1
BRDA:83,9,0,1
BRDA:83,9,1,1
BRDA:87,10,0,1
BRDA:87,10,1,0
BRDA:90,11,0,1
BRDA:90,11,1,1
BRDA:90,11,2,1
BRDA:90,11,3,1
BRDA:97,12,0,1
BRDA:97,12,1,0
BRDA:106,13,0,0
BRDA:106,13,1,0
BRDA:121,14,0,9
BRDA:121,14,1,8
BRDA:122,15,0,3
BRDA:122,15,1,14
BRDA:138,16,0,9
BRDA:138,16,1,8
BRDA:148,17,0,17
BRDA:148,17,1,14
BRDA:151,18,0,11
BRDA:151,18,1,6
BRDA:151,19,0,17
BRDA:151,19,1,14
BRDA:157,20,0,3
BRDA:157,20,1,14
BRDA:159,21,0,17
BRDA:159,21,1,3
BRF:50
BRH:38
end_of_record
TN:
SF:src\components\home\HomeClient.tsx
FN:23,normalizeFilterValue
FN:27,HomeClient
FN:38,(anonymous_2)
FN:42,(anonymous_3)
FN:43,(anonymous_4)
FN:47,(anonymous_5)
FN:54,(anonymous_6)
FN:76,(anonymous_7)
FN:99,(anonymous_8)
FN:103,(anonymous_9)
FN:116,(anonymous_10)
FN:131,(anonymous_11)
FN:146,(anonymous_12)
FN:148,(anonymous_13)
FNF:14
FNH:13
FNDA:156,normalizeFilterValue
FNDA:14,HomeClient
FNDA:5,(anonymous_2)
FNDA:4,(anonymous_3)
FNDA:4,(anonymous_4)
FNDA:1,(anonymous_5)
FNDA:16,(anonymous_6)
FNDA:12,(anonymous_7)
FNDA:3,(anonymous_8)
FNDA:56,(anonymous_9)
FNDA:1,(anonymous_10)
FNDA:0,(anonymous_11)
FNDA:12,(anonymous_12)
FNDA:18,(anonymous_13)
DA:7,1
DA:24,156
DA:28,14
DA:29,14
DA:30,14
DA:31,14
DA:32,14
DA:35,14
DA:38,14
DA:39,5
DA:40,5
DA:41,5
DA:42,4
DA:44,4
DA:45,4
DA:48,1
DA:49,1
DA:54,14
DA:55,16
DA:57,16
DA:58,16
DA:59,16
DA:60,16
DA:61,16
DA:64,16
DA:67,16
DA:70,16
DA:73,16
DA:76,14
DA:77,12
DA:78,0
DA:81,12
DA:82,12
DA:85,0
DA:88,14
DA:99,3
DA:104,56
DA:116,1
DA:131,0
DA:147,12
DA:149,18
DA:152,12
LF:42
LH:39
BRDA:24,0,0,156
BRDA:24,0,1,42
BRDA:44,1,0,4
BRDA:44,1,1,0
BRDA:64,2,0,16
BRDA:64,2,1,4
BRDA:67,3,0,16
BRDA:67,3,1,2
BRDA:70,4,0,16
BRDA:70,4,1,0
BRDA:73,5,0,16
BRDA:73,5,1,13
BRDA:73,5,2,12
BRDA:77,6,0,0
BRDA:77,6,1,12
BRDA:81,7,0,12
BRDA:81,7,1,0
BRDA:98,8,0,14
BRDA:98,8,1,12
BRDA:99,9,0,3
BRDA:99,9,1,1
BRDA:115,10,0,14
BRDA:115,10,1,13
BRDA:116,11,0,1
BRDA:116,11,1,0
BRDA:130,12,0,14
BRDA:130,12,1,14
BRDA:131,13,0,0
BRDA:131,13,1,0
BRDA:141,14,0,14
BRDA:141,14,1,5
BRDA:142,15,0,14
BRDA:142,15,1,1
BRDA:157,16,0,12
BRDA:157,16,1,0
BRDA:157,17,0,12
BRDA:157,17,1,12
BRDA:180,18,0,12
BRDA:180,18,1,0
BRDA:195,19,0,14
BRDA:195,19,1,9
BRDA:195,19,2,2
BRF:42
BRH:33
end_of_record
TN:
SF:src\components\ui\avatar.tsx
FN:11,(anonymous_0)
FN:26,(anonymous_1)
FN:38,(anonymous_2)
FNF:3
FNH:3
FNDA:3,(anonymous_0)
FNDA:1,(anonymous_1)
FNDA:1,(anonymous_2)
DA:8,1
DA:12,3
DA:21,1
DA:23,1
DA:27,1
DA:33,1
DA:35,1
DA:39,1
DA:48,1
LF:9
LH:9
BRF:0
BRH:0
end_of_record
TN:
SF:src\components\ui\button.tsx
FN:38,Button
FNF:1
FNH:1
FNDA:3,Button
DA:7,1
DA:48,3
DA:50,3
LF:3
LH:3
BRDA:42,0,0,2
BRDA:48,1,0,1
BRDA:48,1,1,2
BRF:3
BRH:3
end_of_record
TN:
SF:src\components\ui\card.tsx
FN:8,(anonymous_0)
FN:23,(anonymous_1)
FN:35,(anonymous_2)
FN:47,(anonymous_3)
FN:59,(anonymous_4)
FN:67,(anonymous_5)
FNF:6
FNH:6
FNDA:7,(anonymous_0)
FNDA:6,(anonymous_1)
FNDA:6,(anonymous_2)
FNDA:5,(anonymous_3)
FNDA:6,(anonymous_4)
FNDA:1,(anonymous_5)
DA:5,3
DA:9,7
DA:18,3
DA:20,3
DA:24,6
DA:30,3
DA:32,3
DA:36,6
DA:42,3
DA:44,3
DA:48,5
DA:54,3
DA:56,3
DA:60,6
DA:62,3
DA:64,3
DA:68,1
DA:74,3
LF:18
LH:18
BRF:0
BRH:0
end_of_record
TN:
SF:src\components\ui\chart.tsx
FN:27,useChart
FN:45,(anonymous_1)
FN:70,(anonymous_2)
FN:72,(anonymous_3)
FN:84,(anonymous_4)
FN:87,(anonymous_5)
FN:116,(anonymous_6)
FN:136,(anonymous_7)
FN:188,(anonymous_8)
FN:269,(anonymous_9)
FN:288,(anonymous_10)
FN:320,getPayloadConfigFromPayload
FNF:12
FNH:11
FNDA:2,useChart
FNDA:3,(anonymous_1)
FNDA:3,(anonymous_2)
FNDA:3,(anonymous_3)
FNDA:6,(anonymous_4)
FNDA:6,(anonymous_5)
FNDA:1,(anonymous_6)
FNDA:1,(anonymous_7)
FNDA:0,(anonymous_8)
FNDA:1,(anonymous_9)
FNDA:1,(anonymous_10)
FNDA:1,getPayloadConfigFromPayload
DA:9,1
DA:25,1
DA:28,2
DA:30,2
DA:31,0
DA:34,2
DA:37,1
DA:46,3
DA:47,3
DA:49,3
DA:68,1
DA:70,1
DA:71,3
DA:72,3
DA:75,3
DA:76,0
DA:79,3
DA:84,6
DA:89,6
DA:91,6
DA:103,1
DA:105,1
DA:134,1
DA:136,1
DA:137,1
DA:138,1
DA:141,0
DA:142,0
DA:143,0
DA:145,0
DA:149,0
DA:150,0
DA:157,0
DA:158,0
DA:161,0
DA:172,1
DA:173,1
DA:176,0
DA:178,0
DA:189,0
DA:190,0
DA:191,0
DA:193,0
DA:257,1
DA:259,1
DA:261,1
DA:273,1
DA:275,1
DA:276,0
DA:279,1
DA:289,1
DA:290,1
DA:292,1
DA:317,1
DA:325,1
DA:326,0
DA:330,1
DA:336,1
DA:338,1
DA:342,0
DA:343,1
DA:348,0
DA:353,1
LF:63
LH:42
BRDA:30,0,0,0
BRDA:30,0,1,2
BRDA:47,1,0,3
BRDA:47,1,1,3
BRDA:72,2,0,3
BRDA:72,2,1,3
BRDA:75,3,0,0
BRDA:75,3,1,3
BRDA:89,4,0,6
BRDA:89,4,1,6
BRDA:91,5,0,6
BRDA:91,5,1,0
BRDA:121,6,0,1
BRDA:122,7,0,1
BRDA:123,8,0,1
BRDA:137,9,0,1
BRDA:137,9,1,0
BRDA:137,10,0,1
BRDA:137,10,1,1
BRDA:142,11,0,0
BRDA:142,11,1,0
BRDA:142,11,2,0
BRDA:142,11,3,0
BRDA:145,12,0,0
BRDA:145,12,1,0
BRDA:145,13,0,0
BRDA:145,13,1,0
BRDA:146,14,0,0
BRDA:146,14,1,0
BRDA:149,15,0,0
BRDA:149,15,1,0
BRDA:157,16,0,0
BRDA:157,16,1,0
BRDA:172,17,0,1
BRDA:172,17,1,0
BRDA:172,18,0,1
BRDA:172,18,1,0
BRDA:176,19,0,0
BRDA:176,19,1,0
BRDA:186,20,0,0
BRDA:186,20,1,0
BRDA:189,21,0,0
BRDA:189,21,1,0
BRDA:189,21,2,0
BRDA:189,21,3,0
BRDA:191,22,0,0
BRDA:191,22,1,0
BRDA:191,22,2,0
BRDA:198,23,0,0
BRDA:198,23,1,0
BRDA:201,24,0,0
BRDA:201,24,1,0
BRDA:201,25,0,0
BRDA:201,25,1,0
BRDA:201,25,2,0
BRDA:205,26,0,0
BRDA:205,26,1,0
BRDA:208,27,0,0
BRDA:208,27,1,0
BRDA:217,28,0,0
BRDA:217,28,1,0
BRDA:232,29,0,0
BRDA:232,29,1,0
BRDA:236,30,0,0
BRDA:236,30,1,0
BRDA:238,31,0,0
BRDA:238,31,1,0
BRDA:241,32,0,0
BRDA:241,32,1,0
BRDA:270,33,0,1
BRDA:270,34,0,1
BRDA:275,35,0,0
BRDA:275,35,1,1
BRDA:284,36,0,0
BRDA:284,36,1,1
BRDA:289,37,0,1
BRDA:289,37,1,1
BRDA:289,37,2,0
BRDA:299,38,0,0
BRDA:299,38,1,1
BRDA:299,39,0,1
BRDA:299,39,1,0
BRDA:325,40,0,0
BRDA:325,40,1,1
BRDA:325,41,0,1
BRDA:325,41,1,1
BRDA:330,42,0,0
BRDA:330,42,1,1
BRDA:330,43,0,1
BRDA:330,43,1,0
BRDA:330,43,2,0
BRDA:338,44,0,0
BRDA:338,44,1,1
BRDA:339,45,0,1
BRDA:339,45,1,0
BRDA:343,46,0,0
BRDA:343,46,1,1
BRDA:344,47,0,1
BRDA:344,47,1,0
BRDA:344,47,2,0
BRDA:353,48,0,1
BRDA:353,48,1,0
BRF:102
BRH:35
end_of_record
TN:
SF:src\components\ui\dialog.tsx
FN:13,(anonymous_0)
FN:21,(anonymous_1)
FN:36,(anonymous_2)
FN:57,(anonymous_3)
FN:71,(anonymous_4)
FN:88,(anonymous_5)
FN:103,(anonymous_6)
FNF:7
FNH:7
FNDA:1,(anonymous_0)
FNDA:1,(anonymous_1)
FNDA:1,(anonymous_2)
FNDA:1,(anonymous_3)
FNDA:1,(anonymous_4)
FNDA:1,(anonymous_5)
FNDA:1,(anonymous_6)
DA:9,1
DA:11,1
DA:13,1
DA:14,1
DA:16,1
DA:18,1
DA:22,1
DA:31,1
DA:33,1
DA:37,1
DA:55,1
DA:57,1
DA:61,1
DA:69,1
DA:71,1
DA:75,1
DA:83,1
DA:85,1
DA:89,1
DA:98,1
DA:100,1
DA:104,1
DA:110,1
LF:23
LH:23
BRF:0
BRH:0
end_of_record
TN:
SF:src\components\ui\dropdown-menu.tsx
FN:30,(anonymous_0)
FN:50,(anonymous_1)
FN:66,(anonymous_2)
FN:87,(anonymous_3)
FN:103,(anonymous_4)
FN:127,(anonymous_5)
FN:151,(anonymous_6)
FN:167,(anonymous_7)
FN:176,(anonymous_8)
FNF:9
FNH:9
FNDA:1,(anonymous_0)
FNDA:1,(anonymous_1)
FNDA:2,(anonymous_2)
FNDA:1,(anonymous_3)
FNDA:1,(anonymous_4)
FNDA:2,(anonymous_5)
FNDA:1,(anonymous_6)
FNDA:1,(anonymous_7)
FNDA:1,(anonymous_8)
DA:13,1
DA:15,1
DA:17,1
DA:19,1
DA:21,1
DA:23,1
DA:25,1
DA:31,1
DA:44,1
DA:47,1
DA:51,1
DA:60,1
DA:63,1
DA:67,2
DA:80,1
DA:82,1
DA:88,1
DA:98,1
DA:100,1
DA:104,1
DA:121,1
DA:124,1
DA:128,2
DA:144,1
DA:146,1
DA:152,1
DA:162,1
DA:164,1
DA:168,1
DA:174,1
DA:176,1
DA:180,1
DA:187,1
LF:33
LH:33
BRDA:35,0,0,1
BRDA:35,0,1,0
BRDA:66,1,0,2
BRDA:92,2,0,1
BRDA:92,2,1,0
BRDA:156,3,0,1
BRDA:156,3,1,0
BRF:7
BRH:4
end_of_record
TN:
SF:src\components\ui\form.tsx
FN:32,(anonymous_0)
FN:45,(anonymous_1)
FN:76,FormItem
FN:90,FormLabel
FN:107,FormControl
FN:126,FormDescription
FN:139,FormMessage
FNF:7
FNH:7
FNDA:2,(anonymous_0)
FNDA:8,(anonymous_1)
FNDA:2,FormItem
FNDA:2,FormLabel
FNDA:2,FormControl
FNDA:2,FormDescription
FNDA:2,FormMessage
DA:19,1
DA:28,1
DA:32,1
DA:38,2
DA:45,1
DA:46,8
DA:47,8
DA:48,8
DA:49,8
DA:50,8
DA:52,8
DA:53,0
DA:56,8
DA:58,8
DA:72,1
DA:77,2
DA:79,2
DA:94,2
DA:96,2
DA:109,2
DA:111,2
DA:127,2
DA:129,2
DA:140,2
DA:141,2
DA:143,2
DA:144,2
DA:147,0
LF:28
LH:26
BRDA:52,0,0,0
BRDA:52,0,1,8
BRDA:116,1,0,2
BRDA:116,1,1,0
BRDA:141,2,0,0
BRDA:141,2,1,2
BRDA:141,3,0,0
BRDA:141,3,1,0
BRDA:143,4,0,2
BRDA:143,4,1,0
BRF:10
BRH:4
end_of_record
TN:
SF:src\components\ui\input.tsx
FN:9,(anonymous_0)
FNF:1
FNH:1
FNDA:4,(anonymous_0)
DA:8,1
DA:10,4
DA:23,1
LF:3
LH:3
BRF:0
BRH:0
end_of_record
TN:
SF:src\components\ui\navigation-menu.tsx
FN:11,(anonymous_0)
FN:29,(anonymous_1)
FN:50,(anonymous_2)
FN:68,(anonymous_3)
FN:85,(anonymous_4)
FN:103,(anonymous_5)
FNF:6
FNH:5
FNDA:2,(anonymous_0)
FNDA:2,(anonymous_1)
FNDA:2,(anonymous_2)
FNDA:2,(anonymous_3)
FNDA:2,(anonymous_4)
FNDA:0,(anonymous_5)
DA:8,1
DA:12,2
DA:24,1
DA:26,1
DA:30,2
DA:39,1
DA:41,1
DA:43,1
DA:47,1
DA:51,2
DA:63,1
DA:65,1
DA:69,2
DA:78,1
DA:80,1
DA:82,1
DA:86,2
DA:97,1
DA:100,1
DA:104,0
DA:115,1
LF:21
LH:20
BRF:0
BRH:0
end_of_record
TN:
SF:src\components\ui\table.tsx
FN:8,(anonymous_0)
FN:22,(anonymous_1)
FN:30,(anonymous_2)
FN:42,(anonymous_3)
FN:54,(anonymous_4)
FN:69,(anonymous_5)
FN:84,(anonymous_6)
FN:99,(anonymous_7)
FNF:8
FNH:8
FNDA:2,(anonymous_0)
FNDA:2,(anonymous_1)
FNDA:2,(anonymous_2)
FNDA:2,(anonymous_3)
FNDA:6,(anonymous_4)
FNDA:4,(anonymous_5)
FNDA:8,(anonymous_6)
FNDA:2,(anonymous_7)
DA:5,2
DA:9,2
DA:17,2
DA:19,2
DA:23,2
DA:25,2
DA:27,2
DA:31,2
DA:37,2
DA:39,2
DA:43,2
DA:49,2
DA:51,2
DA:55,6
DA:64,2
DA:66,2
DA:70,4
DA:79,2
DA:81,2
DA:85,8
DA:94,2
DA:96,2
DA:100,2
DA:106,2
LF:24
LH:24
BRF:0
BRH:0
end_of_record
TN:
SF:src\components\ui\toast.tsx
FN:13,(anonymous_0)
FN:46,(anonymous_1)
FN:60,(anonymous_2)
FN:75,(anonymous_3)
FN:93,(anonymous_4)
FN:105,(anonymous_5)
FNF:6
FNH:6
FNDA:1,(anonymous_0)
FNDA:3,(anonymous_1)
FNDA:1,(anonymous_2)
FNDA:1,(anonymous_3)
FNDA:1,(anonymous_4)
FNDA:1,(anonymous_5)
DA:8,1
DA:10,1
DA:14,1
DA:23,1
DA:25,1
DA:42,1
DA:47,3
DA:55,1
DA:57,1
DA:61,1
DA:70,1
DA:72,1
DA:76,1
DA:88,1
DA:90,1
DA:94,1
DA:100,1
DA:102,1
DA:106,1
DA:112,1
LF:20
LH:20
BRF:0
BRH:0
end_of_record
TN:
SF:src\components\ui\use-toast.ts
FN:25,genId
FN:56,(anonymous_1)
FN:61,(anonymous_2)
FN:72,(anonymous_3)
FN:83,(anonymous_4)
FN:96,(anonymous_5)
FN:103,(anonymous_6)
FN:122,(anonymous_7)
FN:131,dispatch
FN:133,(anonymous_9)
FN:140,toast
FN:143,(anonymous_11)
FN:148,(anonymous_12)
FN:156,(anonymous_13)
FN:169,useToast
FN:172,(anonymous_15)
FN:174,(anonymous_16)
FN:185,(anonymous_17)
FNF:18
FNH:14
FNDA:4,genId
FNDA:3,(anonymous_1)
FNDA:0,(anonymous_2)
FNDA:8,(anonymous_3)
FNDA:1,(anonymous_4)
FNDA:2,(anonymous_5)
FNDA:3,(anonymous_6)
FNDA:2,(anonymous_7)
FNDA:5,dispatch
FNDA:5,(anonymous_9)
FNDA:4,toast
FNDA:0,(anonymous_11)
FNDA:0,(anonymous_12)
FNDA:0,(anonymous_13)
FNDA:7,useToast
FNDA:7,(anonymous_15)
FNDA:7,(anonymous_16)
FNDA:1,(anonymous_17)
DA:6,1
DA:7,1
DA:16,1
DA:23,1
DA:26,4
DA:27,4
DA:54,1
DA:56,1
DA:57,3
DA:58,1
DA:61,2
DA:62,0
DA:63,0
DA:69,2
DA:72,1
DA:73,8
DA:75,4
DA:81,1
DA:84,1
DA:89,2
DA:93,2
DA:94,1
DA:96,1
DA:97,2
DA:101,2
DA:104,3
DA:114,1
DA:115,0
DA:120,1
DA:122,2
DA:127,1
DA:129,1
DA:132,5
DA:133,5
DA:134,5
DA:141,4
DA:143,4
DA:144,0
DA:148,4
DA:150,4
DA:157,0
DA:162,4
DA:170,7
DA:172,7
DA:173,7
DA:174,7
DA:175,7
DA:176,7
DA:177,7
DA:182,7
DA:185,1
LF:51
LH:46
BRDA:57,0,0,1
BRDA:57,0,1,2
BRDA:73,1,0,4
BRDA:73,1,1,1
BRDA:73,1,2,2
BRDA:73,1,3,1
BRDA:84,2,0,1
BRDA:84,2,1,0
BRDA:93,3,0,1
BRDA:93,3,1,1
BRDA:104,4,0,3
BRDA:104,4,1,0
BRDA:104,5,0,3
BRDA:104,5,1,2
BRDA:114,6,0,0
BRDA:114,6,1,1
BRDA:157,7,0,0
BRDA:157,7,1,0
BRDA:176,8,0,7
BRDA:176,8,1,0
BRF:20
BRH:14
end_of_record
