TN:
SF:src\app\api\(admin)\quiz-review\route.ts
FN:9,POST
FN:34,(anonymous_1)
FN:58,GET
FN:75,DELETE
FNF:4
FNH:0
FNDA:0,POST
FNDA:0,(anonymous_1)
FNDA:0,GET
FNDA:0,DELETE
DA:1,0
DA:2,0
DA:3,0
DA:9,0
DA:10,0
DA:11,0
DA:12,0
DA:14,0
DA:15,0
DA:16,0
DA:17,0
DA:20,0
DA:21,0
DA:23,0
DA:24,0
DA:27,0
DA:34,0
DA:42,0
DA:44,0
DA:45,0
DA:51,0
DA:58,0
DA:59,0
DA:60,0
DA:61,0
DA:63,0
DA:64,0
DA:65,0
DA:67,0
DA:72,0
DA:75,0
DA:76,0
DA:77,0
DA:78,0
DA:80,0
DA:81,0
DA:82,0
DA:83,0
DA:85,0
DA:86,0
DA:87,0
DA:89,0
LF:42
LH:0
BRDA:11,0,0,0
BRDA:11,1,0,0
BRDA:11,1,1,0
BRDA:11,2,0,0
BRDA:11,2,1,0
BRDA:11,3,0,0
BRDA:11,3,1,0
BRDA:11,4,0,0
BRDA:11,4,1,0
BRDA:20,5,0,0
BRDA:20,6,0,0
BRDA:20,6,1,0
BRDA:20,6,2,0
BRDA:23,7,0,0
BRDA:23,8,0,0
BRDA:23,8,1,0
BRDA:37,9,0,0
BRDA:37,9,1,0
BRDA:44,10,0,0
BRDA:60,11,0,0
BRDA:60,12,0,0
BRDA:60,12,1,0
BRDA:60,13,0,0
BRDA:60,13,1,0
BRDA:68,14,0,0
BRDA:68,14,1,0
BRDA:68,15,0,0
BRDA:68,15,1,0
BRDA:69,16,0,0
BRDA:69,16,1,0
BRDA:69,17,0,0
BRDA:69,17,1,0
BRDA:77,18,0,0
BRDA:77,19,0,0
BRDA:77,19,1,0
BRDA:77,20,0,0
BRDA:77,20,1,0
BRDA:77,21,0,0
BRDA:77,21,1,0
BRDA:77,22,0,0
BRDA:77,22,1,0
BRDA:82,23,0,0
BRF:42
BRH:0
end_of_record
TN:
SF:src\app\api\(admin)\quiz-statistics\route.ts
FN:4,GET
FNF:1
FNH:0
FNDA:0,GET
DA:1,0
DA:2,0
DA:3,0
DA:4,0
DA:5,0
DA:6,0
DA:7,0
DA:9,0
DA:11,0
LF:9
LH:0
BRDA:6,0,0,0
BRDA:6,1,0,0
BRDA:6,1,1,0
BRDA:6,2,0,0
BRDA:6,2,1,0
BRDA:6,3,0,0
BRDA:6,3,1,0
BRDA:6,4,0,0
BRDA:6,4,1,0
BRF:9
BRH:0
end_of_record
TN:
SF:src\app\api\(admin)\setAdmin\route.ts
FN:5,POST
FN:13,(anonymous_1)
FNF:2
FNH:0
FNDA:0,POST
FNDA:0,(anonymous_1)
DA:1,0
DA:2,0
DA:3,0
DA:5,0
DA:8,0
DA:9,0
DA:10,0
DA:13,0
DA:14,0
DA:15,0
DA:16,0
DA:19,0
DA:20,0
DA:21,0
DA:23,0
LF:15
LH:0
BRDA:9,0,0,0
BRDA:9,1,0,0
BRDA:9,1,1,0
BRDA:9,2,0,0
BRDA:9,2,1,0
BRDA:9,3,0,0
BRDA:9,3,1,0
BRDA:9,4,0,0
BRDA:9,4,1,0
BRDA:15,5,0,0
BRF:10
BRH:0
end_of_record
TN:
SF:src\app\api\(admin)\upload-and-generate\route.ts
FN:10,POST
FNF:1
FNH:0
FNDA:0,POST
DA:1,0
DA:2,0
DA:3,0
DA:4,0
DA:10,0
DA:11,0
DA:12,0
DA:13,0
DA:15,0
DA:16,0
DA:20,0
DA:28,0
DA:29,0
DA:31,0
DA:32,0
DA:34,0
DA:35,0
DA:36,0
DA:38,0
DA:39,0
DA:51,0
DA:52,0
DA:55,0
DA:56,0
DA:57,0
DA:67,0
DA:74,0
LF:27
LH:0
BRDA:12,0,0,0
BRDA:12,1,0,0
BRDA:12,1,1,0
BRDA:12,2,0,0
BRDA:12,2,1,0
BRDA:12,3,0,0
BRDA:12,3,1,0
BRDA:12,4,0,0
BRDA:12,4,1,0
BRDA:15,5,0,0
BRDA:15,5,1,0
BRDA:16,6,0,0
BRDA:17,7,0,0
BRDA:17,7,1,0
BRDA:31,8,0,0
BRDA:38,9,0,0
BRDA:51,10,0,0
BRDA:55,11,0,0
BRDA:56,12,0,0
BRF:19
BRH:0
end_of_record
TN:
SF:src\app\api\(admin)\users\route.ts
FN:5,GET
FNF:1
FNH:0
FNDA:0,GET
DA:1,0
DA:2,0
DA:3,0
DA:5,0
DA:6,0
DA:7,0
DA:8,0
DA:10,0
DA:11,0
LF:9
LH:0
BRDA:7,0,0,0
BRDA:7,1,0,0
BRDA:7,1,1,0
BRDA:7,2,0,0
BRDA:7,2,1,0
BRDA:7,3,0,0
BRDA:7,3,1,0
BRDA:7,4,0,0
BRDA:7,4,1,0
BRF:9
BRH:0
end_of_record
TN:
SF:src\app\api\(admin)\users\[userId]\assign-admin\route.ts
FN:5,POST
FNF:1
FNH:0
FNDA:0,POST
DA:1,0
DA:2,0
DA:3,0
DA:5,0
DA:9,0
DA:10,0
DA:11,0
DA:14,0
DA:16,0
DA:17,0
DA:20,0
DA:21,0
DA:22,0
DA:24,0
LF:14
LH:0
BRDA:10,0,0,0
BRDA:10,1,0,0
BRDA:10,1,1,0
BRDA:10,2,0,0
BRDA:10,2,1,0
BRDA:10,3,0,0
BRDA:10,3,1,0
BRDA:10,4,0,0
BRDA:10,4,1,0
BRDA:16,5,0,0
BRF:10
BRH:0
end_of_record
TN:
SF:src\app\api\(admin)\users\[userId]\ban\route.ts
FN:8,POST
FN:24,GET
FNF:2
FNH:0
FNDA:0,POST
FNDA:0,GET
DA:1,0
DA:2,0
DA:3,0
DA:8,0
DA:12,0
DA:13,0
DA:14,0
DA:15,0
DA:17,0
DA:18,0
DA:19,0
DA:21,0
DA:24,0
DA:28,0
DA:29,0
DA:30,0
DA:33,0
DA:34,0
DA:35,0
DA:36,0
DA:37,0
DA:39,0
DA:41,0
LF:23
LH:0
BRDA:14,0,0,0
BRDA:14,1,0,0
BRDA:14,1,1,0
BRDA:14,2,0,0
BRDA:14,2,1,0
BRDA:14,3,0,0
BRDA:14,3,1,0
BRDA:14,4,0,0
BRDA:14,4,1,0
BRDA:29,5,0,0
BRDA:29,6,0,0
BRDA:29,6,1,0
BRDA:29,7,0,0
BRDA:29,7,1,0
BRDA:29,8,0,0
BRDA:29,8,1,0
BRDA:29,9,0,0
BRDA:29,9,1,0
BRDA:36,10,0,0
BRF:19
BRH:0
end_of_record
TN:
SF:src\app\api\(admin)\users\[userId]\revoke\route.ts
FN:8,POST
FN:30,GET
FNF:2
FNH:0
FNDA:0,POST
FNDA:0,GET
DA:1,0
DA:2,0
DA:3,0
DA:8,0
DA:12,0
DA:13,0
DA:14,0
DA:15,0
DA:17,0
DA:18,0
DA:19,0
DA:20,0
DA:22,0
DA:24,0
DA:30,0
DA:34,0
DA:35,0
DA:36,0
DA:39,0
DA:40,0
DA:41,0
DA:42,0
DA:43,0
DA:45,0
DA:47,0
LF:25
LH:0
BRDA:14,0,0,0
BRDA:14,1,0,0
BRDA:14,1,1,0
BRDA:14,2,0,0
BRDA:14,2,1,0
BRDA:14,3,0,0
BRDA:14,3,1,0
BRDA:14,4,0,0
BRDA:14,4,1,0
BRDA:19,5,0,0
BRDA:35,6,0,0
BRDA:35,7,0,0
BRDA:35,7,1,0
BRDA:35,8,0,0
BRDA:35,8,1,0
BRDA:35,9,0,0
BRDA:35,9,1,0
BRDA:35,10,0,0
BRDA:35,10,1,0
BRDA:42,11,0,0
BRF:20
BRH:0
end_of_record
TN:
SF:src\app\api\(admin)\users\[userId]\unban\route.ts
FN:5,POST
FNF:1
FNH:0
FNDA:0,POST
DA:1,0
DA:2,0
DA:3,0
DA:5,0
DA:9,0
DA:10,0
DA:11,0
DA:12,0
DA:14,0
DA:15,0
DA:16,0
DA:18,0
LF:12
LH:0
BRDA:11,0,0,0
BRDA:11,1,0,0
BRDA:11,1,1,0
BRDA:11,2,0,0
BRDA:11,2,1,0
BRDA:11,3,0,0
BRDA:11,3,1,0
BRDA:11,4,0,0
BRDA:11,4,1,0
BRF:9
BRH:0
end_of_record
TN:
SF:src\app\api\(admin)\users\[userId]\unrevoke\route.ts
FN:5,POST
FNF:1
FNH:0
FNDA:0,POST
DA:1,0
DA:2,0
DA:3,0
DA:5,0
DA:9,0
DA:10,0
DA:11,0
DA:12,0
DA:14,0
DA:15,0
DA:16,0
DA:18,0
LF:12
LH:0
BRDA:11,0,0,0
BRDA:11,1,0,0
BRDA:11,1,1,0
BRDA:11,2,0,0
BRDA:11,2,1,0
BRDA:11,3,0,0
BRDA:11,3,1,0
BRDA:11,4,0,0
BRDA:11,4,1,0
BRF:9
BRH:0
end_of_record
TN:
SF:src\app\api\auth\[...nextauth]\route.ts
FNF:0
FNH:0
DA:1,0
DA:2,0
DA:4,0
DA:6,0
LF:4
LH:0
BRF:0
BRH:0
end_of_record
TN:
SF:src\app\api\checkAnswer\route.ts
FN:7,POST
FNF:1
FNH:1
FNDA:16,POST
DA:1,1
DA:2,1
DA:3,1
DA:4,1
DA:5,1
DA:7,1
DA:8,16
DA:9,16
DA:10,1
DA:14,15
DA:15,15
DA:17,1
DA:24,14
DA:25,3
DA:31,11
DA:32,11
DA:33,11
DA:37,11
DA:39,0
DA:40,0
DA:46,0
LF:21
LH:18
BRDA:9,0,0,1
BRDA:9,1,0,1
BRDA:9,1,1,15
BRDA:9,2,0,16
BRDA:9,2,1,16
BRDA:9,3,0,1
BRDA:9,3,1,15
BRDA:9,4,0,16
BRDA:9,4,1,15
BRDA:24,5,0,3
BRDA:24,6,0,14
BRDA:24,6,1,12
BRDA:39,7,0,0
BRF:13
BRH:12
end_of_record
TN:
SF:src\app\api\endGame\route.ts
FN:7,POST
FNF:1
FNH:1
FNDA:6,POST
DA:1,1
DA:2,1
DA:3,1
DA:4,1
DA:5,1
DA:7,1
DA:8,6
DA:9,6
DA:10,1
DA:14,5
DA:15,5
DA:17,1
DA:20,4
DA:21,4
DA:22,3
DA:26,3
DA:28,1
DA:29,1
DA:37,0
LF:19
LH:18
BRDA:9,0,0,1
BRDA:9,1,0,1
BRDA:9,1,1,5
BRDA:9,2,0,6
BRDA:9,2,1,6
BRDA:9,3,0,1
BRDA:9,3,1,5
BRDA:9,4,0,6
BRDA:9,4,1,5
BRDA:28,5,0,1
BRF:10
BRH:10
end_of_record
TN:
SF:src\app\api\game\route.ts
FN:28,POST
FN:96,GET
FNF:2
FNH:2
FNDA:3,POST
FNDA:5,GET
DA:1,1
DA:2,1
DA:7,1
DA:8,1
DA:9,1
DA:10,1
DA:28,1
DA:29,3
DA:30,3
DA:31,3
DA:32,1
DA:39,2
DA:40,2
DA:41,1
DA:47,1
DA:48,1
DA:49,1
DA:51,1
DA:71,0
DA:77,0
DA:79,2
DA:80,1
DA:87,1
DA:96,1
DA:97,5
DA:98,5
DA:99,5
DA:100,1
DA:107,4
DA:108,4
DA:109,4
DA:110,1
DA:118,3
DA:119,3
DA:120,1
DA:128,2
DA:129,1
DA:137,1
DA:144,0
LF:39
LH:36
BRDA:31,0,0,1
BRDA:31,1,0,1
BRDA:31,1,1,2
BRDA:31,2,0,3
BRDA:31,2,1,2
BRDA:60,3,0,0
BRDA:60,3,1,1
BRDA:61,4,0,0
BRDA:61,4,1,1
BRDA:64,5,0,1
BRDA:64,5,1,0
BRDA:79,6,0,1
BRDA:79,6,1,1
BRDA:99,7,0,1
BRDA:99,8,0,1
BRDA:99,8,1,4
BRDA:99,9,0,5
BRDA:99,9,1,4
BRDA:109,10,0,1
BRDA:119,11,0,1
BRDA:128,12,0,1
BRDA:128,13,0,2
BRDA:128,13,1,2
BRF:23
BRH:20
end_of_record
TN:
SF:src\app\api\questions\route.ts
FN:10,POST
FNF:1
FNH:1
FNDA:4,POST
DA:1,1
DA:2,1
DA:3,1
DA:4,1
DA:5,1
DA:7,1
DA:8,1
DA:10,1
DA:11,4
DA:12,4
DA:13,1
DA:22,3
DA:23,3
DA:25,1
DA:33,2
DA:34,2
DA:35,1
DA:37,0
DA:46,2
DA:47,1
DA:55,1
LF:21
LH:20
BRDA:12,0,0,1
BRDA:12,1,0,1
BRDA:12,1,1,3
BRDA:12,2,0,4
BRDA:12,2,1,4
BRDA:12,3,0,1
BRDA:12,3,1,3
BRDA:12,4,0,4
BRDA:12,4,1,3
BRDA:46,5,0,1
BRF:10
BRH:10
end_of_record
TN:
SF:src\app\api\sign-out\route.ts
FN:5,getErrorCode
FN:14,POST
FNF:2
FNH:0
FNDA:0,getErrorCode
FNDA:0,POST
DA:1,0
DA:2,0
DA:3,0
DA:6,0
DA:7,0
DA:10,0
DA:11,0
DA:14,0
DA:15,0
DA:16,0
DA:17,0
DA:18,0
DA:20,0
DA:22,0
DA:23,0
DA:26,0
DA:27,0
DA:37,0
DA:38,0
DA:48,0
LF:20
LH:0
BRDA:6,0,0,0
BRDA:6,1,0,0
BRDA:6,1,1,0
BRDA:6,1,2,0
BRDA:11,2,0,0
BRDA:11,2,1,0
BRDA:17,3,0,0
BRDA:17,4,0,0
BRDA:17,4,1,0
BRDA:17,5,0,0
BRDA:17,5,1,0
BRDA:17,6,0,0
BRDA:17,6,1,0
BRDA:17,7,0,0
BRDA:17,7,1,0
BRDA:26,8,0,0
BRDA:37,9,0,0
BRF:17
BRH:0
end_of_record
TN:
SF:src\app\api\start-quiz\route.ts
FN:11,splitOptionChunks
FN:18,(anonymous_1)
FN:22,extractOptions
FN:25,(anonymous_3)
FN:41,(anonymous_4)
FN:55,(anonymous_5)
FN:64,GET
FN:92,(anonymous_7)
FN:108,POST
FNF:9
FNH:2
FNDA:0,splitOptionChunks
FNDA:0,(anonymous_1)
FNDA:0,extractOptions
FNDA:0,(anonymous_3)
FNDA:0,(anonymous_4)
FNDA:0,(anonymous_5)
FNDA:4,GET
FNDA:2,(anonymous_7)
FNDA:0,POST
DA:1,1
DA:2,1
DA:3,1
DA:4,1
DA:5,1
DA:9,1
DA:12,0
DA:13,0
DA:16,0
DA:18,0
DA:23,0
DA:24,0
DA:25,0
DA:28,0
DA:31,0
DA:32,0
DA:33,0
DA:34,0
DA:37,0
DA:38,0
DA:39,0
DA:40,0
DA:41,0
DA:44,0
DA:50,0
DA:53,0
DA:54,0
DA:55,0
DA:58,0
DA:61,0
DA:64,1
DA:65,4
DA:66,4
DA:67,1
DA:70,3
DA:71,3
DA:73,3
DA:74,1
DA:80,2
DA:81,2
DA:82,2
DA:83,1
DA:85,1
DA:92,2
DA:101,0
DA:108,1
DA:109,0
DA:110,0
DA:111,0
DA:114,0
DA:115,0
DA:116,0
DA:118,0
DA:124,0
DA:126,0
DA:127,0
DA:133,0
DA:134,0
DA:137,0
LF:59
LH:21
BRDA:12,0,0,0
BRDA:23,1,0,0
BRDA:31,2,0,0
BRDA:33,3,0,0
BRDA:39,4,0,0
BRDA:53,5,0,0
BRDA:53,6,0,0
BRDA:53,6,1,0
BRDA:66,7,0,1
BRDA:66,8,0,1
BRDA:66,8,1,3
BRDA:66,9,0,4
BRDA:66,9,1,4
BRDA:66,10,0,1
BRDA:66,10,1,3
BRDA:66,11,0,4
BRDA:66,11,1,3
BRDA:73,12,0,1
BRDA:82,13,0,1
BRDA:96,14,0,0
BRDA:96,14,1,2
BRDA:110,15,0,0
BRDA:110,16,0,0
BRDA:110,16,1,0
BRDA:110,17,0,0
BRDA:110,17,1,0
BRDA:110,18,0,0
BRDA:110,18,1,0
BRDA:110,19,0,0
BRDA:110,19,1,0
BRDA:126,20,0,0
BRDA:133,21,0,0
BRF:32
BRH:12
end_of_record
TN:
SF:src\app\api\user-quiz-stats\route.ts
FN:8,POST
FN:32,GET
FNF:2
FNH:0
FNDA:0,POST
FNDA:0,GET
DA:1,0
DA:2,0
DA:3,0
DA:8,0
DA:9,0
DA:10,0
DA:11,0
DA:12,0
DA:15,0
DA:16,0
DA:23,0
DA:25,0
DA:32,0
DA:33,0
DA:34,0
DA:35,0
DA:36,0
DA:39,0
DA:41,0
DA:44,0
LF:20
LH:0
BRDA:11,0,0,0
BRDA:11,1,0,0
BRDA:11,1,1,0
BRDA:11,2,0,0
BRDA:11,2,1,0
BRDA:11,3,0,0
BRDA:11,3,1,0
BRDA:11,4,0,0
BRDA:11,4,1,0
BRDA:35,5,0,0
BRDA:35,6,0,0
BRDA:35,6,1,0
BRDA:35,7,0,0
BRDA:35,7,1,0
BRDA:35,8,0,0
BRDA:35,8,1,0
BRDA:35,9,0,0
BRDA:35,9,1,0
BRF:18
BRH:0
end_of_record
TN:
SF:src\schemas\questions.ts
FNF:0
FNH:0
DA:1,4
DA:3,4
DA:9,4
DA:14,4
DA:19,4
LF:5
LH:5
BRF:0
BRH:0
end_of_record
TN:
SF:src\schemas\forms\quiz.ts
FNF:0
FNH:0
DA:1,1
DA:3,1
LF:2
LH:2
BRF:0
BRH:0
end_of_record
TN:
SF:src\server\admin\repositories\adminQuizRepository.ts
FN:12,createAdminQuiz
FN:21,(anonymous_1)
FN:35,findAdminQuizzes
FN:49,deleteAdminQuizById
FN:55,findApprovedQuizById
FN:65,findAllUserQuizAttempts
FNF:6
FNH:1
FNDA:0,createAdminQuiz
FNDA:0,(anonymous_1)
FNDA:0,findAdminQuizzes
FNDA:0,deleteAdminQuizById
FNDA:2,findApprovedQuizById
FNDA:0,findAllUserQuizAttempts
DA:1,1
DA:12,1
DA:13,0
DA:21,0
DA:35,1
DA:39,0
DA:40,0
DA:41,0
DA:43,0
DA:49,1
DA:50,0
DA:55,1
DA:56,2
DA:65,1
DA:66,0
LF:15
LH:7
BRDA:18,0,0,0
BRDA:18,0,1,0
BRDA:18,1,0,0
BRDA:18,1,1,0
BRDA:19,2,0,0
BRDA:19,2,1,0
BRDA:19,3,0,0
BRDA:19,3,1,0
BRDA:25,4,0,0
BRDA:25,4,1,0
BRDA:25,5,0,0
BRDA:25,5,1,0
BRDA:40,6,0,0
BRDA:40,7,0,0
BRDA:40,7,1,0
BRDA:40,8,0,0
BRDA:40,8,1,0
BRDA:41,9,0,0
BRDA:41,10,0,0
BRDA:41,10,1,0
BRDA:41,11,0,0
BRDA:41,11,1,0
BRF:22
BRH:0
end_of_record
TN:
SF:src\server\admin\services\adminQuizAttemptService.ts
FN:29,(anonymous_1)
FN:35,normalizeText
FN:39,lexicalSimilarity
FN:46,hasSingleAdjacentSwap
FN:76,typoSimilarity
FN:84,scoreMcqAnswer
FN:93,scoreOpenEndedAnswer
FN:130,submitAndGradeAdminQuizAttempt
FN:141,(anonymous_9)
FN:145,(anonymous_10)
FN:164,(anonymous_11)
FNF:11
FNH:0
FNDA:0,(anonymous_1)
FNDA:0,normalizeText
FNDA:0,lexicalSimilarity
FNDA:0,hasSingleAdjacentSwap
FNDA:0,typoSimilarity
FNDA:0,scoreMcqAnswer
FNDA:0,scoreOpenEndedAnswer
FNDA:0,submitAndGradeAdminQuizAttempt
FNDA:0,(anonymous_9)
FNDA:0,(anonymous_10)
FNDA:0,(anonymous_11)
DA:1,1
DA:2,1
DA:3,1
DA:5,1
DA:28,1
DA:30,0
DA:31,0
DA:36,0
DA:40,0
DA:47,0
DA:48,0
DA:51,0
DA:52,0
DA:53,0
DA:54,0
DA:55,0
DA:56,0
DA:61,0
DA:62,0
DA:65,0
DA:66,0
DA:67,0
DA:70,0
DA:77,0
DA:78,0
DA:81,0
DA:85,0
DA:86,0
DA:94,0
DA:95,0
DA:97,0
DA:98,0
DA:105,0
DA:106,0
DA:113,0
DA:114,0
DA:121,0
DA:122,0
DA:123,0
DA:130,1
DA:135,0
DA:136,0
DA:137,0
DA:140,0
DA:141,0
DA:144,0
DA:146,0
DA:148,0
DA:152,0
DA:163,0
DA:164,0
DA:168,0
DA:170,0
DA:181,0
LF:54
LH:6
BRDA:47,0,0,0
BRDA:47,1,0,0
BRDA:47,1,1,0
BRDA:53,2,0,0
BRDA:55,3,0,0
BRDA:61,4,0,0
BRDA:66,5,0,0
BRDA:71,6,0,0
BRDA:71,6,1,0
BRDA:77,7,0,0
BRDA:87,8,0,0
BRDA:87,8,1,0
BRDA:97,9,0,0
BRDA:97,10,0,0
BRDA:97,10,1,0
BRDA:105,11,0,0
BRDA:113,12,0,0
BRDA:124,13,0,0
BRDA:124,13,1,0
BRDA:136,14,0,0
BRDA:140,15,0,0
BRDA:140,15,1,0
BRDA:141,16,0,0
BRDA:141,16,1,0
BRDA:141,17,0,0
BRDA:141,17,1,0
BRDA:146,18,0,0
BRDA:146,18,1,0
BRDA:146,19,0,0
BRDA:146,19,1,0
BRDA:148,20,0,0
BRDA:148,20,1,0
BRDA:163,21,0,0
BRDA:163,21,1,0
BRF:34
BRH:0
end_of_record
TN:
SF:src\server\admin\services\adminQuizService.ts
FN:11,splitOptionChunks
FN:18,(anonymous_1)
FN:22,normalizeOptions
FN:30,(anonymous_3)
FN:36,createApprovedAdminQuiz
FN:53,(anonymous_5)
FN:94,getAdminQuizzes
FN:101,removeAdminQuiz
FN:105,getApprovedQuiz
FN:109,getQuizStatisticsSummary
FN:129,(anonymous_10)
FNF:11
FNH:1
FNDA:0,splitOptionChunks
FNDA:0,(anonymous_1)
FNDA:0,normalizeOptions
FNDA:0,(anonymous_3)
FNDA:0,createApprovedAdminQuiz
FNDA:0,(anonymous_5)
FNDA:0,getAdminQuizzes
FNDA:0,removeAdminQuiz
FNDA:2,getApprovedQuiz
FNDA:0,getQuizStatisticsSummary
FNDA:0,(anonymous_10)
DA:1,1
DA:9,1
DA:12,0
DA:13,0
DA:16,0
DA:18,0
DA:23,0
DA:24,0
DA:27,0
DA:30,0
DA:36,1
DA:44,0
DA:45,0
DA:46,0
DA:48,0
DA:49,0
DA:52,0
DA:53,0
DA:54,0
DA:55,0
DA:57,0
DA:58,0
DA:63,0
DA:64,0
DA:70,0
DA:71,0
DA:72,0
DA:77,0
DA:84,0
DA:94,1
DA:98,0
DA:101,1
DA:102,0
DA:105,1
DA:106,2
DA:109,1
DA:110,0
DA:115,0
DA:117,0
DA:118,0
DA:119,0
DA:125,0
DA:126,0
DA:129,0
LF:44
LH:8
BRDA:12,0,0,0
BRDA:23,1,0,0
BRDA:44,2,0,0
BRDA:44,2,1,0
BRDA:44,3,0,0
BRDA:44,3,1,0
BRDA:44,4,0,0
BRDA:44,4,1,0
BRDA:44,5,0,0
BRDA:44,5,1,0
BRDA:45,6,0,0
BRDA:45,7,0,0
BRDA:45,7,1,0
BRDA:48,8,0,0
BRDA:52,9,0,0
BRDA:52,9,1,0
BRDA:52,10,0,0
BRDA:52,10,1,0
BRDA:57,11,0,0
BRDA:57,12,0,0
BRDA:57,12,1,0
BRDA:63,13,0,0
BRDA:70,14,0,0
BRDA:70,14,1,0
BRDA:70,15,0,0
BRDA:70,15,1,0
BRDA:71,16,0,0
BRDA:118,17,0,0
BRDA:126,18,0,0
BRDA:126,18,1,0
BRDA:134,19,0,0
BRDA:134,19,1,0
BRF:32
BRH:0
end_of_record
TN:
SF:src\server\admin\services\adminUserManagementService.ts
FN:10,getUsersForAdmin
FN:14,setUserBanned
FN:18,setUserRevoked
FN:22,setUserAdmin
FN:26,getUserBanStatus
FN:30,getUserRevokeStatus
FNF:6
FNH:0
FNDA:0,getUsersForAdmin
FNDA:0,setUserBanned
FNDA:0,setUserRevoked
FNDA:0,setUserAdmin
FNDA:0,getUserBanStatus
FNDA:0,getUserRevokeStatus
DA:1,0
DA:10,0
DA:11,0
DA:14,0
DA:15,0
DA:18,0
DA:19,0
DA:22,0
DA:23,0
DA:26,0
DA:27,0
DA:30,0
DA:31,0
LF:13
LH:0
BRF:0
BRH:0
end_of_record
TN:
SF:src\server\admin\services\uploadQuizGenerationService.ts
FNF:0
FNH:0
DA:1,0
LF:1
LH:0
BRF:0
BRH:0
end_of_record
TN:
SF:src\server\ai\gpt.ts
FN:5,getOpenAIClient
FN:24,buildOutputFormatPrompt
FN:49,normalizeOutputValue
FN:69,validateAndNormalizeOutput
FN:109,escapeInnerQuotes
FN:127,quotePropertyNames
FN:131,strict_output
FNF:7
FNH:2
FNDA:1,getOpenAIClient
FNDA:0,buildOutputFormatPrompt
FNDA:0,normalizeOutputValue
FNDA:0,validateAndNormalizeOutput
FNDA:0,escapeInnerQuotes
FNDA:0,quotePropertyNames
FNDA:1,strict_output
DA:1,1
DA:3,1
DA:6,1
DA:7,1
DA:8,1
DA:13,0
DA:14,0
DA:17,0
DA:30,0
DA:34,0
DA:35,0
DA:37,0
DA:38,0
DA:42,0
DA:43,0
DA:45,0
DA:46,0
DA:54,0
DA:55,0
DA:57,0
DA:61,0
DA:63,0
DA:64,0
DA:66,0
DA:76,0
DA:80,0
DA:81,0
DA:83,0
DA:85,0
DA:86,0
DA:87,0
DA:89,0
DA:90,0
DA:98,0
DA:99,0
DA:100,0
DA:102,0
DA:106,0
DA:110,0
DA:111,0
DA:112,0
DA:113,0
DA:114,0
DA:115,0
DA:116,0
DA:117,0
DA:119,0
DA:121,0
DA:123,0
DA:128,0
DA:131,1
DA:142,1
DA:143,0
DA:146,0
DA:149,0
DA:151,0
DA:153,0
DA:154,0
DA:160,0
DA:173,0
DA:174,0
DA:177,0
DA:178,0
DA:179,0
DA:183,0
DA:184,0
DA:185,0
DA:189,0
DA:190,0
DA:192,0
DA:193,0
DA:197,0
DA:198,0
DA:201,0
DA:202,0
DA:203,0
DA:204,0
DA:206,0
DA:214,0
DA:215,0
DA:216,0
DA:219,0
LF:82
LH:7
BRDA:7,0,0,1
BRDA:13,1,0,0
BRDA:34,2,0,0
BRDA:37,3,0,0
BRDA:42,4,0,0
BRDA:54,5,0,0
BRDA:57,6,0,0
BRDA:58,7,0,0
BRDA:58,7,1,0
BRDA:58,7,2,0
BRDA:63,8,0,0
BRDA:63,9,0,0
BRDA:63,9,1,0
BRDA:76,10,0,0
BRDA:76,10,1,0
BRDA:77,11,0,0
BRDA:77,11,1,0
BRDA:77,12,0,0
BRDA:77,12,1,0
BRDA:85,13,0,0
BRDA:85,14,0,0
BRDA:85,14,1,0
BRDA:86,15,0,0
BRDA:89,16,0,0
BRDA:98,17,0,0
BRDA:98,17,1,0
BRDA:100,18,0,0
BRDA:100,18,1,0
BRDA:106,19,0,0
BRDA:106,19,1,0
BRDA:115,20,0,0
BRDA:115,20,1,0
BRDA:115,21,0,0
BRDA:115,21,1,0
BRDA:135,22,0,1
BRDA:136,23,0,1
BRDA:137,24,0,1
BRDA:138,25,0,1
BRDA:139,26,0,1
BRDA:140,27,0,1
BRDA:146,28,0,0
BRDA:146,28,1,0
BRDA:149,29,0,0
BRDA:149,29,1,0
BRDA:173,30,0,0
BRDA:173,30,1,0
BRDA:173,31,0,0
BRDA:173,31,1,0
BRDA:173,32,0,0
BRDA:173,32,1,0
BRDA:173,33,0,0
BRDA:173,33,1,0
BRDA:173,34,0,0
BRDA:173,34,1,0
BRDA:173,35,0,0
BRDA:173,35,1,0
BRDA:179,36,0,0
BRDA:179,36,1,0
BRDA:180,37,0,0
BRDA:180,37,1,0
BRDA:180,37,2,0
BRDA:184,38,0,0
BRDA:192,39,0,0
BRDA:203,40,0,0
BRDA:203,41,0,0
BRDA:203,41,1,0
BRF:66
BRH:7
end_of_record
TN:
SF:src\server\ai\gptadmin.ts
FN:7,getOpenAIClient
FN:41,sleep
FN:42,(anonymous_3)
FN:45,isRateLimitError
FN:60,parseRetryDelayMs
FN:78,getErrorMessage
FN:95,strict_output
FNF:7
FNH:0
FNDA:0,getOpenAIClient
FNDA:0,sleep
FNDA:0,(anonymous_3)
FNDA:0,isRateLimitError
FNDA:0,parseRetryDelayMs
FNDA:0,getErrorMessage
FNDA:0,strict_output
DA:1,0
DA:3,0
DA:4,0
DA:5,0
DA:8,0
DA:9,0
DA:10,0
DA:15,0
DA:17,0
DA:22,0
DA:27,0
DA:28,0
DA:31,0
DA:38,0
DA:39,0
DA:42,0
DA:46,0
DA:53,0
DA:56,0
DA:57,0
DA:61,0
DA:62,0
DA:63,0
DA:64,0
DA:65,0
DA:66,0
DA:73,0
DA:74,0
DA:75,0
DA:79,0
DA:80,0
DA:83,0
DA:89,0
DA:92,0
DA:95,0
DA:106,0
DA:107,0
DA:108,0
DA:109,0
DA:110,0
DA:111,0
DA:113,0
DA:114,0
DA:118,0
DA:119,0
DA:122,0
DA:123,0
DA:126,0
DA:127,0
DA:131,0
DA:132,0
DA:144,0
DA:145,0
DA:147,0
DA:148,0
DA:151,0
DA:152,0
DA:155,0
DA:159,0
DA:161,0
DA:163,0
DA:164,0
DA:168,0
DA:169,0
DA:172,0
DA:173,0
DA:174,0
DA:178,0
DA:179,0
DA:180,0
DA:181,0
DA:182,0
DA:184,0
DA:185,0
DA:186,0
DA:187,0
DA:189,0
DA:197,0
DA:199,0
DA:203,0
DA:210,0
DA:211,0
DA:212,0
DA:213,0
DA:218,0
DA:220,0
DA:221,0
DA:222,0
DA:223,0
DA:228,0
DA:229,0
LF:91
LH:0
BRDA:9,0,0,0
BRDA:15,1,0,0
BRDA:15,1,1,0
BRDA:15,2,0,0
BRDA:15,2,1,0
BRDA:15,3,0,0
BRDA:15,3,1,0
BRDA:17,4,0,0
BRDA:18,5,0,0
BRDA:18,5,1,0
BRDA:18,5,2,0
BRDA:23,6,0,0
BRDA:23,6,1,0
BRDA:46,7,0,0
BRDA:47,8,0,0
BRDA:47,8,1,0
BRDA:47,8,2,0
BRDA:47,8,3,0
BRDA:47,8,4,0
BRDA:57,9,0,0
BRDA:57,9,1,0
BRDA:63,10,0,0
BRDA:65,11,0,0
BRDA:65,12,0,0
BRDA:65,12,1,0
BRDA:79,13,0,0
BRDA:83,14,0,0
BRDA:84,15,0,0
BRDA:84,15,1,0
BRDA:84,15,2,0
BRDA:84,15,3,0
BRDA:99,16,0,0
BRDA:100,17,0,0
BRDA:101,18,0,0
BRDA:102,19,0,0
BRDA:103,20,0,0
BRDA:104,21,0,0
BRDA:118,22,0,0
BRDA:122,23,0,0
BRDA:126,24,0,0
BRDA:147,25,0,0
BRDA:151,26,0,0
BRDA:151,27,0,0
BRDA:151,27,1,0
BRDA:159,28,0,0
BRDA:159,28,1,0
BRDA:159,29,0,0
BRDA:159,29,1,0
BRDA:159,30,0,0
BRDA:159,30,1,0
BRDA:159,31,0,0
BRDA:159,31,1,0
BRDA:159,32,0,0
BRDA:159,32,1,0
BRDA:159,33,0,0
BRDA:159,33,1,0
BRDA:163,34,0,0
BRDA:174,35,0,0
BRDA:174,35,1,0
BRDA:180,36,0,0
BRDA:181,37,0,0
BRDA:184,38,0,0
BRDA:186,39,0,0
BRDA:189,40,0,0
BRDA:190,41,0,0
BRDA:190,41,1,0
BRDA:190,41,2,0
BRDA:199,42,0,0
BRDA:200,43,0,0
BRDA:200,43,1,0
BRDA:210,44,0,0
BRDA:212,45,0,0
BRDA:228,46,0,0
BRDA:228,46,1,0
BRF:74
BRH:0
end_of_record
TN:
SF:src\server\ai\openaiClient.ts
FN:5,getOpenAIClient
FN:20,canUseEmbeddings
FN:27,getEmbedding
FNF:3
FNH:0
FNDA:0,getOpenAIClient
FNDA:0,canUseEmbeddings
FNDA:0,getEmbedding
DA:1,0
DA:3,0
DA:5,0
DA:6,0
DA:7,0
DA:8,0
DA:13,0
DA:14,0
DA:17,0
DA:20,0
DA:21,0
DA:27,0
DA:28,0
DA:29,0
DA:30,0
DA:35,0
DA:36,0
DA:37,0
DA:40,0
LF:19
LH:0
BRDA:7,0,0,0
BRDA:13,1,0,0
BRDA:22,2,0,0
BRDA:22,2,1,0
BRDA:28,3,0,0
BRDA:28,3,1,0
BRDA:35,4,0,0
BRDA:35,4,1,0
BRDA:35,5,0,0
BRDA:35,5,1,0
BRDA:35,6,0,0
BRDA:35,6,1,0
BRDA:35,7,0,0
BRDA:35,7,1,0
BRDA:36,8,0,0
BRF:15
BRH:0
end_of_record
TN:
SF:src\server\core\auth.ts
FN:50,(anonymous_1)
FN:61,(anonymous_2)
FN:106,(anonymous_3)
FN:116,(anonymous_4)
FN:143,getTestSessionFromRequest
FN:174,(anonymous_6)
FNF:6
FNH:2
FNDA:0,(anonymous_1)
FNDA:0,(anonymous_2)
FNDA:0,(anonymous_3)
FNDA:0,(anonymous_4)
FNDA:38,getTestSessionFromRequest
FNDA:38,(anonymous_6)
DA:1,5
DA:2,5
DA:7,5
DA:8,5
DA:11,5
DA:13,5
DA:14,0
DA:39,5
DA:51,0
DA:55,0
DA:57,0
DA:59,0
DA:62,0
DA:67,0
DA:68,0
DA:69,0
DA:70,0
DA:71,0
DA:72,0
DA:73,0
DA:74,0
DA:76,0
DA:77,0
DA:78,0
DA:79,0
DA:83,0
DA:86,0
DA:94,0
DA:101,0
DA:106,0
DA:107,0
DA:109,0
DA:114,0
DA:117,0
DA:118,0
DA:119,0
DA:120,0
DA:121,0
DA:122,0
DA:123,0
DA:124,0
DA:126,0
DA:144,38
DA:145,0
DA:148,38
DA:149,38
DA:150,6
DA:153,32
DA:157,32
DA:158,0
DA:161,32
DA:174,5
DA:175,38
DA:176,38
DA:177,0
DA:178,0
DA:184,38
LF:57
LH:18
BRDA:11,0,0,0
BRDA:11,0,1,5
BRDA:11,1,0,5
BRDA:11,1,1,5
BRDA:13,2,0,0
BRDA:13,3,0,5
BRDA:13,3,1,5
BRDA:45,4,0,0
BRDA:45,4,1,5
BRDA:45,5,0,5
BRDA:45,5,1,5
BRDA:52,6,0,0
BRDA:52,6,1,0
BRDA:52,7,0,0
BRDA:52,7,1,0
BRDA:55,8,0,0
BRDA:55,9,0,0
BRDA:55,9,1,0
BRDA:55,10,0,0
BRDA:55,10,1,0
BRDA:55,11,0,0
BRDA:55,11,1,0
BRDA:55,12,0,0
BRDA:55,12,1,0
BRDA:55,13,0,0
BRDA:55,13,1,0
BRDA:64,14,0,0
BRDA:64,14,1,0
BRDA:64,15,0,0
BRDA:64,15,1,0
BRDA:64,16,0,0
BRDA:64,16,1,0
BRDA:64,17,0,0
BRDA:64,17,1,0
BRDA:67,18,0,0
BRDA:86,19,0,0
BRDA:86,19,1,0
BRDA:86,20,0,0
BRDA:86,20,1,0
BRDA:86,20,2,0
BRDA:86,20,3,0
BRDA:94,21,0,0
BRDA:94,21,1,0
BRDA:94,22,0,0
BRDA:94,22,1,0
BRDA:94,22,2,0
BRDA:94,22,3,0
BRDA:101,23,0,0
BRDA:101,23,1,0
BRDA:102,24,0,0
BRDA:102,24,1,0
BRDA:102,24,2,0
BRDA:102,24,3,0
BRDA:117,25,0,0
BRDA:144,26,0,0
BRDA:144,27,0,38
BRDA:144,27,1,38
BRDA:148,28,0,6
BRDA:148,28,1,32
BRDA:148,29,0,38
BRDA:148,29,1,32
BRDA:149,30,0,6
BRDA:157,31,0,0
BRDA:167,32,0,0
BRDA:167,32,1,32
BRDA:167,33,0,32
BRDA:167,33,1,0
BRDA:168,34,0,32
BRDA:168,34,1,0
BRDA:168,35,0,32
BRDA:168,35,1,32
BRDA:169,36,0,0
BRDA:169,36,1,32
BRDA:169,37,0,32
BRDA:169,37,1,0
BRDA:177,38,0,0
BRDA:177,39,0,0
BRDA:177,39,1,0
BRDA:177,40,0,0
BRDA:177,40,1,0
BRF:80
BRH:22
end_of_record
TN:
SF:src\server\core\db.ts
FNF:0
FNH:0
DA:1,5
DA:4,5
DA:9,5
DA:12,5
DA:13,5
DA:16,5
LF:6
LH:6
BRDA:9,0,0,0
BRDA:9,0,1,5
BRDA:9,1,0,5
BRDA:9,1,1,5
BRDA:12,2,0,5
BRF:5
BRH:4
end_of_record
TN:
SF:src\server\question-generation\generateQuestions.ts
FN:3,generateQuestions
FNF:1
FNH:0
FNDA:0,generateQuestions
DA:1,0
DA:3,0
DA:12,0
DA:13,0
DA:23,0
DA:24,0
DA:38,0
LF:7
LH:0
BRDA:12,0,0,0
BRDA:12,0,1,0
BRDA:23,1,0,0
BRF:3
BRH:0
end_of_record
TN:
SF:src\server\question-generation\parseAndGenerateQuestions.ts
FN:1,parseAndGenerateQuestions
FNF:1
FNH:0
FNDA:0,parseAndGenerateQuestions
DA:1,0
DA:5,0
DA:6,0
DA:8,0
DA:9,0
DA:10,0
DA:11,0
DA:12,0
DA:14,0
DA:17,0
DA:18,0
DA:20,0
DA:21,0
LF:13
LH:0
BRDA:5,0,0,0
BRDA:6,1,0,0
BRDA:9,2,0,0
BRDA:17,3,0,0
BRDA:18,4,0,0
BRF:5
BRH:0
end_of_record
TN:
SF:src\server\repositories\gameRepository.ts
FN:4,createGame
FN:19,findGameById
FN:25,findGameWithQuestionsById
FN:34,markGameEnded
FN:41,createQuestionsForGame
FNF:5
FNH:4
FNDA:1,createGame
FNDA:3,findGameById
FNDA:3,findGameWithQuestionsById
FNDA:1,markGameEnded
FNDA:0,createQuestionsForGame
DA:1,2
DA:4,2
DA:9,1
DA:19,2
DA:20,3
DA:25,2
DA:26,3
DA:34,2
DA:35,1
DA:41,2
DA:44,0
LF:11
LH:10
BRF:0
BRH:0
end_of_record
TN:
SF:src\server\repositories\questionRepository.ts
FN:3,findQuestionById
FN:9,findQuestionWithGameOwnerById
FN:22,saveUserAnswer
FN:29,saveMcqResult
FN:36,saveOpenEndedResult
FNF:5
FNH:4
FNDA:0,findQuestionById
FNDA:11,findQuestionWithGameOwnerById
FNDA:9,saveUserAnswer
FNDA:4,saveMcqResult
FNDA:5,saveOpenEndedResult
DA:1,1
DA:3,1
DA:4,0
DA:9,1
DA:10,11
DA:22,1
DA:23,9
DA:29,1
DA:30,4
DA:36,1
DA:40,5
LF:11
LH:10
BRF:0
BRH:0
end_of_record
TN:
SF:src\server\repositories\topicRepository.ts
FN:3,incrementTopicCount
FNF:1
FNH:1
FNDA:1,incrementTopicCount
DA:1,2
DA:3,2
DA:4,1
LF:3
LH:3
BRF:0
BRH:0
end_of_record
TN:
SF:src\server\repositories\userQuizAttemptRepository.ts
FN:4,createUserQuizAttempt
FN:22,listUserQuizAttemptsByUserId
FNF:2
FNH:0
FNDA:0,createUserQuizAttempt
FNDA:0,listUserQuizAttemptsByUserId
DA:1,1
DA:4,1
DA:11,0
DA:22,1
DA:23,0
LF:5
LH:3
BRF:0
BRH:0
end_of_record
TN:
SF:src\server\repositories\userRepository.ts
FN:3,listUsersForAdmin
FN:17,updateUserBan
FN:24,updateUserRevoke
FN:31,updateUserAdmin
FN:38,findUserBanStatus
FN:45,findUserRevokeStatus
FN:52,updateUserOnlineByEmail
FNF:7
FNH:0
FNDA:0,listUsersForAdmin
FNDA:0,updateUserBan
FNDA:0,updateUserRevoke
FNDA:0,updateUserAdmin
FNDA:0,findUserBanStatus
FNDA:0,findUserRevokeStatus
FNDA:0,updateUserOnlineByEmail
DA:1,0
DA:3,0
DA:4,0
DA:17,0
DA:18,0
DA:24,0
DA:25,0
DA:31,0
DA:32,0
DA:38,0
DA:39,0
DA:45,0
DA:46,0
DA:52,0
DA:53,0
LF:15
LH:0
BRF:0
BRH:0
end_of_record
TN:
SF:src\server\services\answerEvaluationService.ts
FN:13,cosineSimilarity
FN:35,normalizeText
FN:39,lexicalScore
FN:46,hasSingleAdjacentSwap
FN:76,typoSimilarityScore
FN:84,evaluateOpenEndedSimilarity
FN:128,gradeAndSaveAnswer
FNF:7
FNH:6
FNDA:0,cosineSimilarity
FNDA:18,normalizeText
FNDA:4,lexicalScore
FNDA:4,hasSingleAdjacentSwap
FNDA:4,typoSimilarityScore
FNDA:5,evaluateOpenEndedSimilarity
FNDA:11,gradeAndSaveAnswer
DA:1,1
DA:2,1
DA:9,1
DA:13,1
DA:14,0
DA:15,0
DA:18,0
DA:19,0
DA:20,0
DA:22,0
DA:23,0
DA:24,0
DA:25,0
DA:28,0
DA:29,0
DA:32,0
DA:36,18
DA:40,4
DA:47,4
DA:48,4
DA:51,0
DA:52,0
DA:53,0
DA:54,0
DA:55,0
DA:56,0
DA:61,0
DA:62,0
DA:65,0
DA:66,0
DA:67,0
DA:70,0
DA:77,4
DA:78,0
DA:81,4
DA:84,1
DA:92,5
DA:93,5
DA:95,5
DA:96,0
DA:103,5
DA:104,0
DA:111,5
DA:112,1
DA:119,4
DA:120,4
DA:121,4
DA:128,1
DA:133,11
DA:134,11
DA:135,2
DA:138,9
DA:143,0
DA:146,9
DA:148,9
DA:150,4
DA:151,4
DA:152,4
DA:155,5
DA:156,5
DA:160,5
DA:161,5
DA:167,0
LF:63
LH:34
BRDA:14,0,0,0
BRDA:14,1,0,0
BRDA:14,1,1,0
BRDA:14,1,2,0
BRDA:28,2,0,0
BRDA:28,3,0,0
BRDA:28,3,1,0
BRDA:47,4,0,4
BRDA:47,5,0,4
BRDA:47,5,1,0
BRDA:53,6,0,0
BRDA:55,7,0,0
BRDA:61,8,0,0
BRDA:66,9,0,0
BRDA:71,10,0,0
BRDA:71,10,1,0
BRDA:77,11,0,0
BRDA:95,12,0,0
BRDA:95,13,0,5
BRDA:95,13,1,1
BRDA:103,14,0,0
BRDA:111,15,0,1
BRDA:122,16,0,1
BRDA:122,16,1,3
BRDA:134,17,0,2
BRDA:138,18,0,0
BRDA:139,19,0,9
BRDA:139,19,1,9
BRDA:139,19,2,9
BRDA:148,20,0,4
BRDA:155,21,0,5
BRF:31
BRH:13
end_of_record
TN:
SF:src\server\services\gameService.ts
FN:24,createGameWithTopicCount
FN:38,saveGeneratedQuestionsForGame
FN:44,(anonymous_2)
FN:51,(anonymous_3)
FN:65,(anonymous_4)
FN:78,getGameWithQuestions
FN:82,endGame
FNF:7
FNH:3
FNDA:1,createGameWithTopicCount
FNDA:0,saveGeneratedQuestionsForGame
FNDA:0,(anonymous_2)
FNDA:0,(anonymous_3)
FNDA:0,(anonymous_4)
FNDA:3,getGameWithQuestions
FNDA:3,endGame
DA:1,2
DA:8,2
DA:24,2
DA:29,1
DA:34,1
DA:35,1
DA:38,2
DA:43,0
DA:44,0
DA:45,0
DA:46,0
DA:51,0
DA:52,0
DA:61,0
DA:62,0
DA:65,0
DA:66,0
DA:67,0
DA:75,0
DA:78,2
DA:79,3
DA:82,2
DA:86,3
DA:87,3
DA:88,1
DA:91,2
DA:92,1
DA:95,1
DA:96,1
LF:29
LH:17
BRDA:43,0,0,0
BRDA:87,1,0,1
BRDA:91,2,0,1
BRDA:91,3,0,2
BRDA:91,3,1,2
BRDA:91,3,2,2
BRF:6
BRH:5
end_of_record
TN:
SF:src\server\services\questionGenerationService.ts
FN:9,generateQuestionsByTopic
FNF:1
FNH:1
FNDA:1,generateQuestionsByTopic
DA:1,1
DA:9,1
DA:10,1
DA:11,1
DA:23,0
LF:5
LH:4
BRDA:10,0,0,1
BRF:1
BRH:1
end_of_record
TN:
SF:src\server\services\uploadQuizGenerationService.ts
FN:75,escapeRegExp
FN:79,isRateLimitMessage
FN:87,extractSentencesForFallback
FN:90,(anonymous_12)
FN:91,(anonymous_13)
FN:92,(anonymous_14)
FN:95,pickFallbackAnswerToken
FN:98,(anonymous_16)
FN:101,(anonymous_17)
FN:114,(anonymous_18)
FN:115,(anonymous_19)
FN:118,buildFallbackQuestion
FN:137,generateFallbackQuestionsFromContent
FN:174,(anonymous_22)
FN:175,(anonymous_23)
FN:178,(anonymous_24)
FN:184,isJsonFile
FN:188,isTextFile
FN:192,isPdfFile
FN:196,isLikelyReadableOcrText
FN:207,(anonymous_29)
FN:212,extractTextFromPdf
FN:214,(anonymous_31)
FN:224,(anonymous_32)
FN:246,extractTextFromPdfWithOcr
FN:279,ensureAcceptedFile
FN:285,extractCourseContent
FN:340,ensureMinimumContentLength
FN:346,prepareCourseContentForGeneration
FN:355,normalizeGeneratedQuestions
FN:359,(anonymous_39)
FN:372,(anonymous_40)
FN:375,generateQuestionsFromCourseContent
FN:409,requestNormalizedQuestions
FN:456,generateQuestionsFromUploadedFile
FNF:35
FNH:0
FNDA:0,escapeRegExp
FNDA:0,isRateLimitMessage
FNDA:0,extractSentencesForFallback
FNDA:0,(anonymous_12)
FNDA:0,(anonymous_13)
FNDA:0,(anonymous_14)
FNDA:0,pickFallbackAnswerToken
FNDA:0,(anonymous_16)
FNDA:0,(anonymous_17)
FNDA:0,(anonymous_18)
FNDA:0,(anonymous_19)
FNDA:0,buildFallbackQuestion
FNDA:0,generateFallbackQuestionsFromContent
FNDA:0,(anonymous_22)
FNDA:0,(anonymous_23)
FNDA:0,(anonymous_24)
FNDA:0,isJsonFile
FNDA:0,isTextFile
FNDA:0,isPdfFile
FNDA:0,isLikelyReadableOcrText
FNDA:0,(anonymous_29)
FNDA:0,extractTextFromPdf
FNDA:0,(anonymous_31)
FNDA:0,(anonymous_32)
FNDA:0,extractTextFromPdfWithOcr
FNDA:0,ensureAcceptedFile
FNDA:0,extractCourseContent
FNDA:0,ensureMinimumContentLength
FNDA:0,prepareCourseContentForGeneration
FNDA:0,normalizeGeneratedQuestions
FNDA:0,(anonymous_39)
FNDA:0,(anonymous_40)
FNDA:0,generateQuestionsFromCourseContent
FNDA:0,requestNormalizedQuestions
FNDA:0,generateQuestionsFromUploadedFile
DA:1,0
DA:2,0
DA:4,0
DA:5,0
DA:6,0
DA:7,0
DA:8,0
DA:9,0
DA:10,0
DA:11,0
DA:12,0
DA:13,0
DA:14,0
DA:16,0
DA:76,0
DA:80,0
DA:81,0
DA:88,0
DA:90,0
DA:91,0
DA:92,0
DA:96,0
DA:97,0
DA:98,0
DA:101,0
DA:102,0
DA:103,0
DA:110,0
DA:111,0
DA:114,0
DA:115,0
DA:119,0
DA:121,0
DA:125,0
DA:130,0
DA:131,0
DA:134,0
DA:138,0
DA:139,0
DA:140,0
DA:141,0
DA:143,0
DA:144,0
DA:145,0
DA:146,0
DA:149,0
DA:150,0
DA:151,0
DA:154,0
DA:155,0
DA:156,0
DA:157,0
DA:160,0
DA:161,0
DA:162,0
DA:164,0
DA:165,0
DA:169,0
DA:170,0
DA:173,0
DA:174,0
DA:175,0
DA:177,0
DA:178,0
DA:185,0
DA:189,0
DA:193,0
DA:197,0
DA:198,0
DA:199,0
DA:202,0
DA:203,0
DA:204,0
DA:207,0
DA:208,0
DA:209,0
DA:213,0
DA:214,0
DA:215,0
DA:216,0
DA:218,0
DA:219,0
DA:220,0
DA:221,0
DA:223,0
DA:225,0
DA:226,0
DA:227,0
DA:229,0
DA:235,0
DA:236,0
DA:240,0
DA:242,0
DA:247,0
DA:248,0
DA:250,0
DA:251,0
DA:273,0
DA:275,0
DA:280,0
DA:281,0
DA:286,0
DA:287,0
DA:288,0
DA:289,0
DA:293,0
DA:296,0
DA:297,0
DA:300,0
DA:301,0
DA:302,0
DA:305,0
DA:306,0
DA:311,0
DA:314,0
DA:316,0
DA:318,0
DA:319,0
DA:321,0
DA:325,0
DA:330,0
DA:331,0
DA:334,0
DA:337,0
DA:341,0
DA:342,0
DA:347,0
DA:348,0
DA:349,0
DA:352,0
DA:356,0
DA:358,0
DA:360,0
DA:362,0
DA:364,0
DA:366,0
DA:367,0
DA:370,0
DA:372,0
DA:375,0
DA:378,0
DA:394,0
DA:404,0
DA:411,0
DA:412,0
DA:424,0
DA:425,0
DA:428,0
DA:431,0
DA:432,0
DA:433,0
DA:434,0
DA:435,0
DA:438,0
DA:439,0
DA:440,0
DA:441,0
DA:442,0
DA:446,0
DA:449,0
DA:450,0
DA:453,0
DA:456,0
DA:457,0
DA:458,0
DA:459,0
DA:460,0
LF:167
LH:0
BRDA:5,0,0,0
BRDA:5,0,1,0
BRDA:5,1,0,0
BRDA:5,1,1,0
BRDA:5,2,0,0
BRDA:5,2,1,0
BRDA:6,3,0,0
BRDA:6,3,1,0
BRDA:6,4,0,0
BRDA:6,4,1,0
BRDA:6,5,0,0
BRDA:6,5,1,0
BRDA:82,6,0,0
BRDA:82,6,1,0
BRDA:96,7,0,0
BRDA:96,7,1,0
BRDA:96,8,0,0
BRDA:96,8,1,0
BRDA:104,9,0,0
BRDA:104,9,1,0
BRDA:104,9,2,0
BRDA:110,10,0,0
BRDA:115,11,0,0
BRDA:115,11,1,0
BRDA:115,12,0,0
BRDA:115,12,1,0
BRDA:121,13,0,0
BRDA:121,13,1,0
BRDA:130,14,0,0
BRDA:145,15,0,0
BRDA:150,16,0,0
BRDA:156,17,0,0
BRDA:164,18,0,0
BRDA:169,19,0,0
BRDA:173,20,0,0
BRDA:173,20,1,0
BRDA:173,21,0,0
BRDA:173,21,1,0
BRDA:175,22,0,0
BRDA:175,22,1,0
BRDA:185,23,0,0
BRDA:185,23,1,0
BRDA:189,24,0,0
BRDA:189,24,1,0
BRDA:193,25,0,0
BRDA:193,25,1,0
BRDA:198,26,0,0
BRDA:203,27,0,0
BRDA:225,28,0,0
BRDA:225,29,0,0
BRDA:225,29,1,0
BRDA:225,29,2,0
BRDA:227,30,0,0
BRDA:227,30,1,0
BRDA:235,31,0,0
BRDA:265,32,0,0
BRDA:265,32,1,0
BRDA:273,33,0,0
BRDA:273,33,1,0
BRDA:273,34,0,0
BRDA:273,34,1,0
BRDA:273,35,0,0
BRDA:273,35,1,0
BRDA:280,36,0,0
BRDA:280,37,0,0
BRDA:280,37,1,0
BRDA:280,37,2,0
BRDA:286,38,0,0
BRDA:296,39,0,0
BRDA:301,40,0,0
BRDA:305,41,0,0
BRDA:316,42,0,0
BRDA:325,43,0,0
BRDA:325,43,1,0
BRDA:325,43,2,0
BRDA:325,43,3,0
BRDA:325,43,4,0
BRDA:325,43,5,0
BRDA:330,44,0,0
BRDA:341,45,0,0
BRDA:341,46,0,0
BRDA:341,46,1,0
BRDA:348,47,0,0
BRDA:356,48,0,0
BRDA:356,48,1,0
BRDA:362,49,0,0
BRDA:362,49,1,0
BRDA:362,50,0,0
BRDA:362,50,1,0
BRDA:362,51,0,0
BRDA:362,51,1,0
BRDA:364,52,0,0
BRDA:364,52,1,0
BRDA:364,53,0,0
BRDA:364,53,1,0
BRDA:364,54,0,0
BRDA:364,54,1,0
BRDA:366,55,0,0
BRDA:366,56,0,0
BRDA:366,56,1,0
BRDA:424,57,0,0
BRDA:424,57,1,0
BRDA:434,58,0,0
BRDA:438,59,0,0
BRDA:438,59,1,0
BRDA:439,60,0,0
BRDA:441,61,0,0
BRDA:449,62,0,0
BRF:108
BRH:0
end_of_record
TN:
SF:src\server\services\userQuizAttemptService.ts
FN:6,saveUserQuizAttempt
FN:16,getUserQuizStats
FN:47,(anonymous_2)
FNF:3
FNH:0
FNDA:0,saveUserQuizAttempt
FNDA:0,getUserQuizStats
FNDA:0,(anonymous_2)
DA:1,1
DA:6,1
DA:13,0
DA:16,1
DA:17,0
DA:27,0
DA:29,0
DA:30,0
DA:31,0
DA:39,0
DA:40,0
DA:41,0
DA:42,0
DA:43,0
DA:47,0
LF:15
LH:3
BRDA:30,0,0,0
BRDA:42,1,0,0
BRDA:51,2,0,0
BRDA:51,2,1,0
BRF:4
BRH:0
end_of_record
