TN:
SF:src\app\api\(admin)\quiz-review\route.ts
FN:9,POST
FN:34,(anonymous_1)
FN:58,GET
FN:75,DELETE
FNF:4
FNH:4
FNDA:4,POST
FNDA:3,(anonymous_1)
FNDA:2,GET
FNDA:3,DELETE
DA:1,1
DA:2,1
DA:3,1
DA:9,1
DA:10,4
DA:11,4
DA:12,1
DA:14,3
DA:15,3
DA:16,3
DA:17,3
DA:20,3
DA:21,1
DA:23,3
DA:24,1
DA:27,3
DA:34,3
DA:42,2
DA:44,1
DA:45,1
DA:51,0
DA:58,1
DA:59,2
DA:60,2
DA:61,1
DA:63,1
DA:64,1
DA:65,1
DA:67,1
DA:72,1
DA:75,1
DA:76,3
DA:77,3
DA:78,1
DA:80,2
DA:81,2
DA:82,2
DA:83,1
DA:85,1
DA:86,1
DA:87,1
DA:89,0
LF:42
LH:40
BRDA:11,0,0,1
BRDA:11,1,0,0
BRDA:11,1,1,4
BRDA:11,2,0,4
BRDA:11,2,1,4
BRDA:11,3,0,0
BRDA:11,3,1,4
BRDA:11,4,0,4
BRDA:11,4,1,4
BRDA:20,5,0,1
BRDA:20,6,0,3
BRDA:20,6,1,1
BRDA:20,6,2,2
BRDA:23,7,0,1
BRDA:23,8,0,3
BRDA:23,8,1,2
BRDA:37,9,0,0
BRDA:37,9,1,3
BRDA:44,10,0,1
BRDA:60,11,0,1
BRDA:60,12,0,1
BRDA:60,12,1,1
BRDA:60,13,0,2
BRDA:60,13,1,1
BRDA:68,14,0,1
BRDA:68,14,1,0
BRDA:68,15,0,1
BRDA:68,15,1,1
BRDA:69,16,0,1
BRDA:69,16,1,0
BRDA:69,17,0,1
BRDA:69,17,1,1
BRDA:77,18,0,1
BRDA:77,19,0,1
BRDA:77,19,1,2
BRDA:77,20,0,3
BRDA:77,20,1,3
BRDA:77,21,0,1
BRDA:77,21,1,2
BRDA:77,22,0,3
BRDA:77,22,1,2
BRDA:82,23,0,1
BRF:42
BRH:37
end_of_record
TN:
SF:src\app\api\(admin)\quiz-statistics\route.ts
FN:4,GET
FNF:1
FNH:1
FNDA:2,GET
DA:1,1
DA:2,1
DA:3,1
DA:4,1
DA:5,2
DA:6,2
DA:7,1
DA:9,1
DA:11,1
LF:9
LH:9
BRDA:6,0,0,1
BRDA:6,1,0,0
BRDA:6,1,1,2
BRDA:6,2,0,2
BRDA:6,2,1,2
BRDA:6,3,0,0
BRDA:6,3,1,2
BRDA:6,4,0,2
BRDA:6,4,1,2
BRF:9
BRH:7
end_of_record
TN:
SF:src\app\api\(admin)\setAdmin\route.ts
FN:5,POST
FN:13,(anonymous_1)
FNF:2
FNH:1
FNDA:4,POST
FNDA:0,(anonymous_1)
DA:1,1
DA:2,1
DA:3,1
DA:5,1
DA:8,4
DA:9,4
DA:10,1
DA:13,3
DA:14,3
DA:15,3
DA:16,1
DA:19,2
DA:20,2
DA:21,1
DA:23,1
LF:15
LH:15
BRDA:9,0,0,1
BRDA:9,1,0,0
BRDA:9,1,1,4
BRDA:9,2,0,4
BRDA:9,2,1,4
BRDA:9,3,0,0
BRDA:9,3,1,4
BRDA:9,4,0,4
BRDA:9,4,1,4
BRDA:15,5,0,1
BRF:10
BRH:8
end_of_record
TN:
SF:src\app\api\(admin)\upload-and-generate\route.ts
FN:10,POST
FNF:1
FNH:0
FNDA:0,POST
DA:1,0
DA:2,0
DA:3,0
DA:4,0
DA:10,0
DA:11,0
DA:12,0
DA:13,0
DA:15,0
DA:16,0
DA:20,0
DA:28,0
DA:29,0
DA:31,0
DA:32,0
DA:34,0
DA:35,0
DA:36,0
DA:38,0
DA:39,0
DA:51,0
DA:52,0
DA:55,0
DA:56,0
DA:57,0
DA:67,0
DA:74,0
LF:27
LH:0
BRDA:12,0,0,0
BRDA:12,1,0,0
BRDA:12,1,1,0
BRDA:12,2,0,0
BRDA:12,2,1,0
BRDA:12,3,0,0
BRDA:12,3,1,0
BRDA:12,4,0,0
BRDA:12,4,1,0
BRDA:15,5,0,0
BRDA:15,5,1,0
BRDA:16,6,0,0
BRDA:17,7,0,0
BRDA:17,7,1,0
BRDA:31,8,0,0
BRDA:38,9,0,0
BRDA:51,10,0,0
BRDA:55,11,0,0
BRDA:56,12,0,0
BRF:19
BRH:0
end_of_record
TN:
SF:src\app\api\(admin)\users\route.ts
FN:5,GET
FNF:1
FNH:1
FNDA:2,GET
DA:1,1
DA:2,1
DA:3,1
DA:5,1
DA:6,2
DA:7,2
DA:8,1
DA:10,1
DA:11,1
LF:9
LH:9
BRDA:7,0,0,1
BRDA:7,1,0,0
BRDA:7,1,1,2
BRDA:7,2,0,2
BRDA:7,2,1,2
BRDA:7,3,0,0
BRDA:7,3,1,2
BRDA:7,4,0,2
BRDA:7,4,1,2
BRF:9
BRH:7
end_of_record
TN:
SF:src\app\api\(admin)\users\[userId]\assign-admin\route.ts
FN:5,POST
FNF:1
FNH:0
FNDA:0,POST
DA:1,0
DA:2,0
DA:3,0
DA:5,0
DA:9,0
DA:10,0
DA:11,0
DA:14,0
DA:16,0
DA:17,0
DA:20,0
DA:21,0
DA:22,0
DA:24,0
LF:14
LH:0
BRDA:10,0,0,0
BRDA:10,1,0,0
BRDA:10,1,1,0
BRDA:10,2,0,0
BRDA:10,2,1,0
BRDA:10,3,0,0
BRDA:10,3,1,0
BRDA:10,4,0,0
BRDA:10,4,1,0
BRDA:16,5,0,0
BRF:10
BRH:0
end_of_record
TN:
SF:src\app\api\(admin)\users\[userId]\ban\route.ts
FN:8,POST
FN:24,GET
FNF:2
FNH:2
FNDA:2,POST
FNDA:2,GET
DA:1,1
DA:2,1
DA:3,1
DA:8,1
DA:12,2
DA:13,2
DA:14,2
DA:15,1
DA:17,1
DA:18,1
DA:19,1
DA:21,0
DA:24,1
DA:28,2
DA:29,2
DA:30,2
DA:31,2
DA:32,1
DA:34,1
DA:36,0
LF:20
LH:18
BRDA:14,0,0,1
BRDA:14,1,0,0
BRDA:14,1,1,2
BRDA:14,2,0,2
BRDA:14,2,1,2
BRDA:14,3,0,0
BRDA:14,3,1,2
BRDA:14,4,0,2
BRDA:14,4,1,2
BRDA:31,5,0,1
BRF:10
BRH:8
end_of_record
TN:
SF:src\app\api\(admin)\users\[userId]\revoke\route.ts
FN:8,POST
FN:30,GET
FNF:2
FNH:2
FNDA:2,POST
FNDA:2,GET
DA:1,1
DA:2,1
DA:3,1
DA:8,1
DA:12,2
DA:13,2
DA:14,2
DA:15,1
DA:17,1
DA:18,1
DA:19,1
DA:20,0
DA:22,1
DA:24,0
DA:30,1
DA:34,2
DA:35,2
DA:36,2
DA:37,2
DA:38,1
DA:40,1
DA:42,0
LF:22
LH:19
BRDA:14,0,0,1
BRDA:14,1,0,0
BRDA:14,1,1,2
BRDA:14,2,0,2
BRDA:14,2,1,2
BRDA:14,3,0,0
BRDA:14,3,1,2
BRDA:14,4,0,2
BRDA:14,4,1,2
BRDA:19,5,0,0
BRDA:37,6,0,1
BRF:11
BRH:8
end_of_record
TN:
SF:src\app\api\(admin)\users\[userId]\unban\route.ts
FN:5,POST
FNF:1
FNH:1
FNDA:2,POST
DA:1,1
DA:2,1
DA:3,1
DA:5,1
DA:9,2
DA:10,2
DA:11,2
DA:12,1
DA:14,1
DA:15,1
DA:16,1
DA:18,0
LF:12
LH:11
BRDA:11,0,0,1
BRDA:11,1,0,0
BRDA:11,1,1,2
BRDA:11,2,0,2
BRDA:11,2,1,2
BRDA:11,3,0,0
BRDA:11,3,1,2
BRDA:11,4,0,2
BRDA:11,4,1,2
BRF:9
BRH:7
end_of_record
TN:
SF:src\app\api\(admin)\users\[userId]\unrevoke\route.ts
FN:5,POST
FNF:1
FNH:1
FNDA:2,POST
DA:1,1
DA:2,1
DA:3,1
DA:5,1
DA:9,2
DA:10,2
DA:11,2
DA:12,1
DA:14,1
DA:15,1
DA:16,1
DA:18,0
LF:12
LH:11
BRDA:11,0,0,1
BRDA:11,1,0,0
BRDA:11,1,1,2
BRDA:11,2,0,2
BRDA:11,2,1,2
BRDA:11,3,0,0
BRDA:11,3,1,2
BRDA:11,4,0,2
BRDA:11,4,1,2
BRF:9
BRH:7
end_of_record
TN:
SF:src\app\api\auth\[...nextauth]\route.ts
FNF:0
FNH:0
DA:1,0
DA:2,0
DA:4,0
DA:6,0
LF:4
LH:0
BRF:0
BRH:0
end_of_record
TN:
SF:src\app\api\checkAnswer\route.ts
FN:6,POST
FNF:1
FNH:1
FNDA:15,POST
DA:1,1
DA:2,1
DA:3,1
DA:4,1
DA:6,1
DA:8,15
DA:9,15
DA:11,1
DA:18,14
DA:19,3
DA:25,11
DA:26,11
DA:27,11
DA:28,11
DA:30,0
DA:31,0
DA:37,0
LF:17
LH:14
BRDA:18,0,0,3
BRDA:18,1,0,14
BRDA:18,1,1,12
BRDA:30,2,0,0
BRF:4
BRH:3
end_of_record
TN:
SF:src\app\api\endGame\route.ts
FN:5,POST
FNF:1
FNH:1
FNDA:4,POST
DA:1,1
DA:2,1
DA:3,1
DA:5,1
DA:6,4
DA:7,4
DA:8,3
DA:9,2
DA:10,2
DA:12,2
LF:10
LH:10
BRF:0
BRH:0
end_of_record
TN:
SF:src\app\api\game\route.ts
FN:28,POST
FN:81,GET
FNF:2
FNH:2
FNDA:3,POST
FNDA:4,GET
DA:1,1
DA:2,1
DA:7,1
DA:8,1
DA:9,1
DA:10,1
DA:28,1
DA:29,3
DA:30,3
DA:31,3
DA:32,1
DA:39,2
DA:40,2
DA:41,1
DA:47,1
DA:56,0
DA:62,0
DA:64,2
DA:65,1
DA:72,1
DA:81,1
DA:82,4
DA:83,4
DA:84,4
DA:85,1
DA:92,3
DA:93,3
DA:94,3
DA:95,1
DA:103,2
DA:104,2
DA:105,1
DA:113,1
DA:120,0
LF:34
LH:31
BRDA:31,0,0,1
BRDA:31,1,0,1
BRDA:31,1,1,2
BRDA:31,2,0,3
BRDA:31,2,1,2
BRDA:64,3,0,1
BRDA:64,3,1,1
BRDA:84,4,0,1
BRDA:84,5,0,1
BRDA:84,5,1,3
BRDA:84,6,0,4
BRDA:84,6,1,3
BRDA:94,7,0,1
BRDA:104,8,0,1
BRF:14
BRH:14
end_of_record
TN:
SF:src\app\api\questions\route.ts
FN:9,POST
FNF:1
FNH:1
FNDA:3,POST
DA:1,1
DA:2,1
DA:3,1
DA:4,1
DA:6,1
DA:7,1
DA:9,1
DA:10,3
DA:11,3
DA:12,2
DA:13,1
DA:15,0
DA:24,3
DA:25,1
DA:32,2
DA:33,2
LF:16
LH:15
BRDA:24,0,0,1
BRDA:24,0,1,2
BRF:2
BRH:2
end_of_record
TN:
SF:src\app\api\sign-out\route.ts
FN:5,getErrorCode
FN:14,POST
FNF:2
FNH:1
FNDA:0,getErrorCode
FNDA:2,POST
DA:1,1
DA:2,1
DA:3,1
DA:6,0
DA:7,0
DA:10,0
DA:11,0
DA:14,1
DA:15,2
DA:16,2
DA:17,2
DA:18,1
DA:20,2
DA:22,0
DA:23,0
DA:26,0
DA:27,0
DA:37,0
DA:38,0
DA:48,0
LF:20
LH:9
BRDA:6,0,0,0
BRDA:6,1,0,0
BRDA:6,1,1,0
BRDA:6,1,2,0
BRDA:11,2,0,0
BRDA:11,2,1,0
BRDA:17,3,0,1
BRDA:17,4,0,1
BRDA:17,4,1,1
BRDA:17,5,0,2
BRDA:17,5,1,2
BRDA:17,6,0,1
BRDA:17,6,1,1
BRDA:17,7,0,2
BRDA:17,7,1,1
BRDA:26,8,0,0
BRDA:37,9,0,0
BRF:17
BRH:9
end_of_record
TN:
SF:src\app\api\start-quiz\route.ts
FN:12,splitOptionChunks
FN:19,(anonymous_1)
FN:23,extractOptions
FN:26,(anonymous_3)
FN:42,(anonymous_4)
FN:56,(anonymous_5)
FN:65,GET
FN:88,(anonymous_7)
FN:104,POST
FNF:9
FNH:2
FNDA:0,splitOptionChunks
FNDA:0,(anonymous_1)
FNDA:0,extractOptions
FNDA:0,(anonymous_3)
FNDA:0,(anonymous_4)
FNDA:0,(anonymous_5)
FNDA:3,GET
FNDA:2,(anonymous_7)
FNDA:0,POST
DA:1,1
DA:2,1
DA:3,1
DA:4,1
DA:5,1
DA:6,1
DA:10,1
DA:13,0
DA:14,0
DA:17,0
DA:19,0
DA:24,0
DA:25,0
DA:26,0
DA:29,0
DA:32,0
DA:33,0
DA:34,0
DA:35,0
DA:38,0
DA:39,0
DA:40,0
DA:41,0
DA:42,0
DA:45,0
DA:51,0
DA:54,0
DA:55,0
DA:56,0
DA:59,0
DA:62,0
DA:65,1
DA:66,3
DA:67,3
DA:69,3
DA:70,1
DA:76,2
DA:77,2
DA:78,2
DA:79,1
DA:81,1
DA:88,2
DA:97,0
DA:104,1
DA:105,0
DA:106,0
DA:107,0
DA:110,0
DA:111,0
DA:112,0
DA:114,0
DA:120,0
DA:122,0
DA:123,0
DA:129,0
DA:130,0
DA:133,0
LF:57
LH:19
BRDA:13,0,0,0
BRDA:24,1,0,0
BRDA:32,2,0,0
BRDA:34,3,0,0
BRDA:40,4,0,0
BRDA:54,5,0,0
BRDA:54,6,0,0
BRDA:54,6,1,0
BRDA:69,7,0,1
BRDA:78,8,0,1
BRDA:92,9,0,0
BRDA:92,9,1,2
BRDA:106,10,0,0
BRDA:106,11,0,0
BRDA:106,11,1,0
BRDA:106,12,0,0
BRDA:106,12,1,0
BRDA:106,13,0,0
BRDA:106,13,1,0
BRDA:106,14,0,0
BRDA:106,14,1,0
BRDA:122,15,0,0
BRDA:129,16,0,0
BRF:23
BRH:3
end_of_record
TN:
SF:src\app\api\user-quiz-stats\route.ts
FN:8,POST
FN:32,GET
FNF:2
FNH:2
FNDA:1,POST
FNDA:2,GET
DA:1,1
DA:2,1
DA:3,1
DA:8,1
DA:9,1
DA:10,1
DA:11,1
DA:12,0
DA:15,1
DA:16,1
DA:23,1
DA:25,0
DA:32,1
DA:33,2
DA:34,2
DA:35,2
DA:36,1
DA:39,1
DA:41,1
DA:44,0
LF:20
LH:17
BRDA:11,0,0,0
BRDA:11,1,0,0
BRDA:11,1,1,1
BRDA:11,2,0,1
BRDA:11,2,1,1
BRDA:11,3,0,0
BRDA:11,3,1,1
BRDA:11,4,0,1
BRDA:11,4,1,1
BRDA:35,5,0,1
BRDA:35,6,0,1
BRDA:35,6,1,1
BRDA:35,7,0,2
BRDA:35,7,1,2
BRDA:35,8,0,1
BRDA:35,8,1,1
BRDA:35,9,0,2
BRDA:35,9,1,1
BRF:18
BRH:15
end_of_record
TN:
SF:src\schemas\questions.ts
FNF:0
FNH:0
DA:1,4
DA:3,4
DA:9,4
DA:14,4
DA:19,4
LF:5
LH:5
BRF:0
BRH:0
end_of_record
TN:
SF:src\schemas\forms\quiz.ts
FNF:0
FNH:0
DA:1,1
DA:3,1
LF:2
LH:2
BRF:0
BRH:0
end_of_record
TN:
SF:src\server\admin\repositories\adminQuizRepository.ts
FN:12,createAdminQuiz
FN:21,(anonymous_1)
FN:35,findAdminQuizzes
FN:49,deleteAdminQuizById
FN:55,findApprovedQuizById
FN:65,findAllUserQuizAttempts
FNF:6
FNH:6
FNDA:12,createAdminQuiz
FNDA:15,(anonymous_1)
FNDA:3,findAdminQuizzes
FNDA:3,deleteAdminQuizById
FNDA:9,findApprovedQuizById
FNDA:3,findAllUserQuizAttempts
DA:1,6
DA:12,6
DA:13,12
DA:21,15
DA:35,6
DA:39,3
DA:40,3
DA:41,3
DA:43,3
DA:49,6
DA:50,3
DA:55,6
DA:56,9
DA:65,6
DA:66,3
LF:15
LH:15
BRDA:18,0,0,10
BRDA:18,0,1,2
BRDA:18,1,0,12
BRDA:18,1,1,12
BRDA:19,2,0,10
BRDA:19,2,1,2
BRDA:19,3,0,12
BRDA:19,3,1,12
BRDA:25,4,0,2
BRDA:25,4,1,13
BRDA:25,5,0,15
BRDA:25,5,1,2
BRDA:40,6,0,3
BRDA:40,7,0,0
BRDA:40,7,1,3
BRDA:40,8,0,3
BRDA:40,8,1,3
BRDA:41,9,0,2
BRDA:41,10,0,0
BRDA:41,10,1,3
BRDA:41,11,0,3
BRDA:41,11,1,3
BRF:22
BRH:20
end_of_record
TN:
SF:src\server\admin\services\adminQuizAttemptService.ts
FN:29,(anonymous_1)
FN:35,normalizeText
FN:39,lexicalSimilarity
FN:46,hasSingleAdjacentSwap
FN:76,typoSimilarity
FN:84,scoreMcqAnswer
FN:93,scoreOpenEndedAnswer
FN:130,submitAndGradeAdminQuizAttempt
FN:141,(anonymous_9)
FN:145,(anonymous_10)
FN:164,(anonymous_11)
FNF:11
FNH:10
FNDA:1,(anonymous_1)
FNDA:12,normalizeText
FNDA:0,lexicalSimilarity
FNDA:1,hasSingleAdjacentSwap
FNDA:1,typoSimilarity
FNDA:2,scoreMcqAnswer
FNDA:4,scoreOpenEndedAnswer
FNDA:5,submitAndGradeAdminQuizAttempt
FNDA:6,(anonymous_9)
FNDA:6,(anonymous_10)
FNDA:6,(anonymous_11)
DA:1,2
DA:2,2
DA:3,2
DA:5,2
DA:28,2
DA:30,1
DA:31,1
DA:36,12
DA:40,0
DA:47,1
DA:48,0
DA:51,1
DA:52,1
DA:53,6
DA:54,2
DA:55,2
DA:56,0
DA:61,1
DA:62,0
DA:65,1
DA:66,1
DA:67,0
DA:70,1
DA:77,1
DA:78,1
DA:81,0
DA:85,2
DA:86,2
DA:94,4
DA:95,4
DA:97,4
DA:98,0
DA:105,4
DA:106,2
DA:113,2
DA:114,1
DA:121,1
DA:122,1
DA:123,1
DA:130,2
DA:135,5
DA:136,5
DA:137,1
DA:140,4
DA:141,6
DA:144,4
DA:146,6
DA:148,6
DA:152,6
DA:163,4
DA:164,6
DA:168,4
DA:170,4
DA:181,4
LF:54
LH:47
BRDA:47,0,0,0
BRDA:47,1,0,1
BRDA:47,1,1,1
BRDA:53,2,0,2
BRDA:55,3,0,0
BRDA:61,4,0,0
BRDA:66,5,0,0
BRDA:71,6,0,1
BRDA:71,6,1,1
BRDA:77,7,0,1
BRDA:87,8,0,1
BRDA:87,8,1,1
BRDA:97,9,0,0
BRDA:97,10,0,4
BRDA:97,10,1,0
BRDA:105,11,0,2
BRDA:113,12,0,1
BRDA:124,13,0,1
BRDA:124,13,1,0
BRDA:136,14,0,1
BRDA:140,15,0,3
BRDA:140,15,1,1
BRDA:141,16,0,6
BRDA:141,16,1,0
BRDA:141,17,0,6
BRDA:141,17,1,6
BRDA:146,18,0,5
BRDA:146,18,1,1
BRDA:146,19,0,6
BRDA:146,19,1,6
BRDA:148,20,0,2
BRDA:148,20,1,4
BRDA:163,21,0,3
BRDA:163,21,1,1
BRF:34
BRH:26
end_of_record
TN:
SF:src\server\admin\services\adminQuizService.ts
FN:11,splitOptionChunks
FN:18,(anonymous_1)
FN:22,normalizeOptions
FN:30,(anonymous_3)
FN:36,createApprovedAdminQuiz
FN:53,(anonymous_5)
FN:94,getAdminQuizzes
FN:101,removeAdminQuiz
FN:105,getApprovedQuiz
FN:109,getQuizStatisticsSummary
FN:129,(anonymous_10)
FNF:11
FNH:11
FNDA:8,splitOptionChunks
FNDA:8,(anonymous_1)
FNDA:2,normalizeOptions
FNDA:8,(anonymous_3)
FNDA:11,createApprovedAdminQuiz
FNDA:14,(anonymous_5)
FNDA:2,getAdminQuizzes
FNDA:2,removeAdminQuiz
FNDA:8,getApprovedQuiz
FNDA:2,getQuizStatisticsSummary
FNDA:5,(anonymous_10)
DA:1,5
DA:9,5
DA:12,8
DA:13,0
DA:16,8
DA:18,8
DA:23,2
DA:24,0
DA:27,2
DA:30,8
DA:36,5
DA:44,11
DA:45,11
DA:46,1
DA:48,11
DA:49,1
DA:52,11
DA:53,11
DA:54,14
DA:55,14
DA:57,14
DA:58,1
DA:63,13
DA:64,11
DA:70,2
DA:71,2
DA:72,0
DA:77,2
DA:84,10
DA:94,5
DA:98,2
DA:101,5
DA:102,2
DA:105,5
DA:106,8
DA:109,5
DA:110,2
DA:115,2
DA:117,2
DA:118,7
DA:119,5
DA:125,7
DA:126,7
DA:129,5
LF:44
LH:41
BRDA:12,0,0,0
BRDA:23,1,0,0
BRDA:44,2,0,10
BRDA:44,2,1,1
BRDA:44,3,0,11
BRDA:44,3,1,11
BRDA:44,4,0,1
BRDA:44,4,1,10
BRDA:44,5,0,11
BRDA:44,5,1,11
BRDA:45,6,0,1
BRDA:45,7,0,11
BRDA:45,7,1,2
BRDA:48,8,0,1
BRDA:52,9,0,3
BRDA:52,9,1,8
BRDA:52,10,0,11
BRDA:52,10,1,11
BRDA:57,11,0,1
BRDA:57,12,0,14
BRDA:57,12,1,14
BRDA:63,13,0,11
BRDA:70,14,0,2
BRDA:70,14,1,0
BRDA:70,15,0,2
BRDA:70,15,1,2
BRDA:71,16,0,0
BRDA:118,17,0,5
BRDA:126,18,0,7
BRDA:126,18,1,0
BRDA:134,19,0,5
BRDA:134,19,1,0
BRF:32
BRH:26
end_of_record
TN:
SF:src\server\admin\services\adminUserManagementService.ts
FN:10,getUsersForAdmin
FN:14,setUserBanned
FN:18,setUserRevoked
FN:22,setUserAdmin
FN:26,getUserBanStatus
FN:30,getUserRevokeStatus
FNF:6
FNH:6
FNDA:2,getUsersForAdmin
FNDA:3,setUserBanned
FNDA:3,setUserRevoked
FNDA:3,setUserAdmin
FNDA:3,getUserBanStatus
FNDA:3,getUserRevokeStatus
DA:1,8
DA:10,8
DA:11,2
DA:14,8
DA:15,3
DA:18,8
DA:19,3
DA:22,8
DA:23,3
DA:26,8
DA:27,3
DA:30,8
DA:31,3
LF:13
LH:13
BRF:0
BRH:0
end_of_record
TN:
SF:src\server\admin\services\uploadQuizGenerationService.ts
FNF:0
FNH:0
DA:1,1
LF:1
LH:1
BRF:0
BRH:0
end_of_record
TN:
SF:src\server\ai\gpt.ts
FN:5,getOpenAIClient
FN:24,buildOutputFormatPrompt
FN:49,normalizeOutputValue
FN:69,validateAndNormalizeOutput
FN:109,escapeInnerQuotes
FN:127,quotePropertyNames
FN:131,strict_output
FNF:7
FNH:2
FNDA:3,getOpenAIClient
FNDA:0,buildOutputFormatPrompt
FNDA:0,normalizeOutputValue
FNDA:0,validateAndNormalizeOutput
FNDA:0,escapeInnerQuotes
FNDA:0,quotePropertyNames
FNDA:3,strict_output
DA:1,3
DA:3,3
DA:6,3
DA:7,3
DA:8,3
DA:13,0
DA:14,0
DA:17,0
DA:30,0
DA:34,0
DA:35,0
DA:37,0
DA:38,0
DA:42,0
DA:43,0
DA:45,0
DA:46,0
DA:54,0
DA:55,0
DA:57,0
DA:61,0
DA:63,0
DA:64,0
DA:66,0
DA:76,0
DA:80,0
DA:81,0
DA:83,0
DA:85,0
DA:86,0
DA:87,0
DA:89,0
DA:90,0
DA:98,0
DA:99,0
DA:100,0
DA:102,0
DA:106,0
DA:110,0
DA:111,0
DA:112,0
DA:113,0
DA:114,0
DA:115,0
DA:116,0
DA:117,0
DA:119,0
DA:121,0
DA:123,0
DA:128,0
DA:131,3
DA:142,3
DA:143,0
DA:146,0
DA:149,0
DA:151,0
DA:153,0
DA:154,0
DA:160,0
DA:173,0
DA:174,0
DA:177,0
DA:178,0
DA:179,0
DA:183,0
DA:184,0
DA:185,0
DA:189,0
DA:190,0
DA:192,0
DA:193,0
DA:197,0
DA:198,0
DA:201,0
DA:202,0
DA:203,0
DA:204,0
DA:206,0
DA:214,0
DA:215,0
DA:216,0
DA:219,0
LF:82
LH:7
BRDA:7,0,0,3
BRDA:13,1,0,0
BRDA:34,2,0,0
BRDA:37,3,0,0
BRDA:42,4,0,0
BRDA:54,5,0,0
BRDA:57,6,0,0
BRDA:58,7,0,0
BRDA:58,7,1,0
BRDA:58,7,2,0
BRDA:63,8,0,0
BRDA:63,9,0,0
BRDA:63,9,1,0
BRDA:76,10,0,0
BRDA:76,10,1,0
BRDA:77,11,0,0
BRDA:77,11,1,0
BRDA:77,12,0,0
BRDA:77,12,1,0
BRDA:85,13,0,0
BRDA:85,14,0,0
BRDA:85,14,1,0
BRDA:86,15,0,0
BRDA:89,16,0,0
BRDA:98,17,0,0
BRDA:98,17,1,0
BRDA:100,18,0,0
BRDA:100,18,1,0
BRDA:106,19,0,0
BRDA:106,19,1,0
BRDA:115,20,0,0
BRDA:115,20,1,0
BRDA:115,21,0,0
BRDA:115,21,1,0
BRDA:135,22,0,2
BRDA:136,23,0,2
BRDA:137,24,0,2
BRDA:138,25,0,2
BRDA:139,26,0,2
BRDA:140,27,0,2
BRDA:146,28,0,0
BRDA:146,28,1,0
BRDA:149,29,0,0
BRDA:149,29,1,0
BRDA:173,30,0,0
BRDA:173,30,1,0
BRDA:173,31,0,0
BRDA:173,31,1,0
BRDA:173,32,0,0
BRDA:173,32,1,0
BRDA:173,33,0,0
BRDA:173,33,1,0
BRDA:173,34,0,0
BRDA:173,34,1,0
BRDA:173,35,0,0
BRDA:173,35,1,0
BRDA:179,36,0,0
BRDA:179,36,1,0
BRDA:180,37,0,0
BRDA:180,37,1,0
BRDA:180,37,2,0
BRDA:184,38,0,0
BRDA:192,39,0,0
BRDA:203,40,0,0
BRDA:203,41,0,0
BRDA:203,41,1,0
BRF:66
BRH:7
end_of_record
TN:
SF:src\server\ai\gptadmin.ts
FN:7,getOpenAIClient
FN:41,sleep
FN:42,(anonymous_3)
FN:45,isRateLimitError
FN:60,parseRetryDelayMs
FN:78,getErrorMessage
FN:95,strict_output
FNF:7
FNH:7
FNDA:8,getOpenAIClient
FNDA:2,sleep
FNDA:2,(anonymous_3)
FNDA:3,isRateLimitError
FNDA:2,parseRetryDelayMs
FNDA:5,getErrorMessage
FNDA:8,strict_output
DA:1,4
DA:3,4
DA:4,4
DA:5,4
DA:8,8
DA:9,8
DA:10,5
DA:15,3
DA:17,3
DA:22,2
DA:27,2
DA:28,2
DA:31,3
DA:38,4
DA:39,4
DA:42,2
DA:46,3
DA:53,3
DA:56,0
DA:57,0
DA:61,2
DA:62,2
DA:63,2
DA:64,2
DA:65,2
DA:66,2
DA:73,0
DA:74,0
DA:75,0
DA:79,5
DA:80,5
DA:83,0
DA:89,0
DA:92,0
DA:95,4
DA:106,8
DA:107,3
DA:108,3
DA:109,3
DA:110,3
DA:111,3
DA:113,3
DA:114,5
DA:118,5
DA:119,0
DA:122,5
DA:123,0
DA:126,5
DA:127,0
DA:131,5
DA:132,5
DA:144,3
DA:145,3
DA:147,3
DA:148,0
DA:151,3
DA:152,2
DA:155,3
DA:159,2
DA:161,2
DA:163,2
DA:164,0
DA:168,0
DA:169,0
DA:172,2
DA:173,2
DA:174,2
DA:178,2
DA:179,2
DA:180,4
DA:181,4
DA:182,0
DA:184,4
DA:185,0
DA:186,0
DA:187,0
DA:189,0
DA:197,0
DA:199,0
DA:203,0
DA:210,2
DA:211,0
DA:212,0
DA:213,0
DA:218,2
DA:220,0
DA:221,0
DA:222,0
DA:223,0
DA:228,1
DA:229,1
LF:91
LH:61
BRDA:9,0,0,5
BRDA:15,1,0,3
BRDA:15,1,1,0
BRDA:15,2,0,0
BRDA:15,2,1,3
BRDA:15,3,0,3
BRDA:15,3,1,3
BRDA:17,4,0,2
BRDA:18,5,0,3
BRDA:18,5,1,2
BRDA:18,5,2,2
BRDA:23,6,0,2
BRDA:23,6,1,0
BRDA:46,7,0,3
BRDA:47,8,0,3
BRDA:47,8,1,3
BRDA:47,8,2,3
BRDA:47,8,3,3
BRDA:47,8,4,3
BRDA:57,9,0,0
BRDA:57,9,1,0
BRDA:63,10,0,2
BRDA:65,11,0,2
BRDA:65,12,0,2
BRDA:65,12,1,2
BRDA:79,13,0,5
BRDA:83,14,0,0
BRDA:84,15,0,0
BRDA:84,15,1,0
BRDA:84,15,2,0
BRDA:84,15,3,0
BRDA:99,16,0,0
BRDA:100,17,0,0
BRDA:101,18,0,0
BRDA:102,19,0,0
BRDA:103,20,0,0
BRDA:104,21,0,0
BRDA:118,22,0,0
BRDA:122,23,0,0
BRDA:126,24,0,0
BRDA:147,25,0,0
BRDA:151,26,0,2
BRDA:151,27,0,3
BRDA:151,27,1,3
BRDA:159,28,0,2
BRDA:159,28,1,0
BRDA:159,29,0,2
BRDA:159,29,1,2
BRDA:159,30,0,0
BRDA:159,30,1,2
BRDA:159,31,0,2
BRDA:159,31,1,2
BRDA:159,32,0,0
BRDA:159,32,1,2
BRDA:159,33,0,2
BRDA:159,33,1,2
BRDA:163,34,0,0
BRDA:174,35,0,2
BRDA:174,35,1,0
BRDA:180,36,0,0
BRDA:181,37,0,0
BRDA:184,38,0,0
BRDA:186,39,0,0
BRDA:189,40,0,0
BRDA:190,41,0,0
BRDA:190,41,1,0
BRDA:190,41,2,0
BRDA:199,42,0,0
BRDA:200,43,0,0
BRDA:200,43,1,0
BRDA:210,44,0,0
BRDA:212,45,0,0
BRDA:228,46,0,1
BRDA:228,46,1,0
BRF:74
BRH:35
end_of_record
TN:
SF:src\server\ai\openaiClient.ts
FN:5,getOpenAIClient
FN:20,canUseEmbeddings
FN:27,getEmbedding
FNF:3
FNH:1
FNDA:2,getOpenAIClient
FNDA:0,canUseEmbeddings
FNDA:0,getEmbedding
DA:1,1
DA:3,1
DA:5,1
DA:6,2
DA:7,2
DA:8,2
DA:13,0
DA:14,0
DA:17,0
DA:20,1
DA:21,0
DA:27,1
DA:28,0
DA:29,0
DA:30,0
DA:35,0
DA:36,0
DA:37,0
DA:40,0
LF:19
LH:8
BRDA:7,0,0,2
BRDA:13,1,0,0
BRDA:22,2,0,0
BRDA:22,2,1,0
BRDA:28,3,0,0
BRDA:28,3,1,0
BRDA:35,4,0,0
BRDA:35,4,1,0
BRDA:35,5,0,0
BRDA:35,5,1,0
BRDA:35,6,0,0
BRDA:35,6,1,0
BRDA:35,7,0,0
BRDA:35,7,1,0
BRDA:36,8,0,0
BRF:15
BRH:1
end_of_record
TN:
SF:src\server\core\auth.ts
FN:50,(anonymous_1)
FN:61,(anonymous_2)
FN:106,(anonymous_3)
FN:116,(anonymous_4)
FN:143,getTestSessionFromRequest
FN:174,(anonymous_6)
FNF:6
FNH:3
FNDA:3,(anonymous_1)
FNDA:0,(anonymous_2)
FNDA:0,(anonymous_3)
FNDA:0,(anonymous_4)
FNDA:38,getTestSessionFromRequest
FNDA:38,(anonymous_6)
DA:1,13
DA:2,13
DA:7,13
DA:8,13
DA:11,13
DA:13,13
DA:14,0
DA:39,13
DA:51,3
DA:55,3
DA:57,1
DA:59,2
DA:62,0
DA:67,0
DA:68,0
DA:69,0
DA:70,0
DA:71,0
DA:72,0
DA:73,0
DA:74,0
DA:76,0
DA:77,0
DA:78,0
DA:79,0
DA:83,0
DA:86,0
DA:94,0
DA:101,0
DA:106,0
DA:107,0
DA:109,0
DA:114,0
DA:117,0
DA:118,0
DA:119,0
DA:120,0
DA:121,0
DA:122,0
DA:123,0
DA:124,0
DA:126,0
DA:144,38
DA:145,0
DA:148,38
DA:149,38
DA:150,6
DA:153,32
DA:157,32
DA:158,0
DA:161,32
DA:174,13
DA:175,38
DA:176,38
DA:177,0
DA:178,0
DA:184,38
LF:57
LH:22
BRDA:11,0,0,0
BRDA:11,0,1,13
BRDA:11,1,0,13
BRDA:11,1,1,13
BRDA:13,2,0,0
BRDA:13,3,0,13
BRDA:13,3,1,13
BRDA:45,4,0,0
BRDA:45,4,1,13
BRDA:45,5,0,13
BRDA:45,5,1,13
BRDA:52,6,0,3
BRDA:52,6,1,0
BRDA:52,7,0,3
BRDA:52,7,1,3
BRDA:55,8,0,1
BRDA:55,9,0,1
BRDA:55,9,1,2
BRDA:55,10,0,3
BRDA:55,10,1,2
BRDA:64,11,0,0
BRDA:64,11,1,0
BRDA:64,12,0,0
BRDA:64,12,1,0
BRDA:64,13,0,0
BRDA:64,13,1,0
BRDA:64,14,0,0
BRDA:64,14,1,0
BRDA:67,15,0,0
BRDA:86,16,0,0
BRDA:86,16,1,0
BRDA:86,17,0,0
BRDA:86,17,1,0
BRDA:86,17,2,0
BRDA:86,17,3,0
BRDA:94,18,0,0
BRDA:94,18,1,0
BRDA:94,19,0,0
BRDA:94,19,1,0
BRDA:94,19,2,0
BRDA:94,19,3,0
BRDA:101,20,0,0
BRDA:101,20,1,0
BRDA:102,21,0,0
BRDA:102,21,1,0
BRDA:102,21,2,0
BRDA:102,21,3,0
BRDA:117,22,0,0
BRDA:144,23,0,0
BRDA:144,24,0,38
BRDA:144,24,1,38
BRDA:148,25,0,6
BRDA:148,25,1,32
BRDA:148,26,0,38
BRDA:148,26,1,32
BRDA:149,27,0,6
BRDA:157,28,0,0
BRDA:167,29,0,0
BRDA:167,29,1,32
BRDA:167,30,0,32
BRDA:167,30,1,0
BRDA:168,31,0,32
BRDA:168,31,1,0
BRDA:168,32,0,32
BRDA:168,32,1,32
BRDA:169,33,0,0
BRDA:169,33,1,32
BRDA:169,34,0,32
BRDA:169,34,1,0
BRDA:177,35,0,0
BRDA:177,36,0,0
BRDA:177,36,1,0
BRDA:177,37,0,0
BRDA:177,37,1,0
BRF:74
BRH:30
end_of_record
TN:
SF:src\server\core\db.ts
FNF:0
FNH:0
DA:1,30
DA:4,30
DA:9,30
DA:12,30
DA:13,29
DA:16,30
LF:6
LH:6
BRDA:9,0,0,1
BRDA:9,0,1,29
BRDA:9,1,0,30
BRDA:9,1,1,30
BRDA:12,2,0,29
BRF:5
BRH:5
end_of_record
TN:
SF:src\server\question-generation\generateQuestions.ts
FN:3,generateQuestions
FNF:1
FNH:0
FNDA:0,generateQuestions
DA:1,0
DA:3,0
DA:12,0
DA:13,0
DA:23,0
DA:24,0
DA:38,0
LF:7
LH:0
BRDA:12,0,0,0
BRDA:12,0,1,0
BRDA:23,1,0,0
BRF:3
BRH:0
end_of_record
TN:
SF:src\server\question-generation\parseAndGenerateQuestions.ts
FN:1,parseAndGenerateQuestions
FNF:1
FNH:1
FNDA:11,parseAndGenerateQuestions
DA:1,2
DA:5,11
DA:6,9
DA:8,7
DA:9,7
DA:10,5
DA:11,5
DA:12,3
DA:14,2
DA:17,5
DA:18,4
DA:20,2
DA:21,1
LF:13
LH:13
BRDA:5,0,0,2
BRDA:6,1,0,2
BRDA:9,2,0,5
BRDA:17,3,0,1
BRDA:18,4,0,2
BRF:5
BRH:5
end_of_record
TN:
SF:src\server\repositories\gameRepository.ts
FN:4,createGame
FN:19,findGameById
FN:25,findGameWithQuestionsById
FN:34,markGameEnded
FN:41,createQuestionsForGame
FNF:5
FNH:5
FNDA:7,createGame
FNDA:5,findGameById
FNDA:4,findGameWithQuestionsById
FNDA:3,markGameEnded
FNDA:4,createQuestionsForGame
DA:1,4
DA:4,4
DA:9,7
DA:19,4
DA:20,5
DA:25,4
DA:26,4
DA:34,4
DA:35,3
DA:41,4
DA:44,4
LF:11
LH:11
BRF:0
BRH:0
end_of_record
TN:
SF:src\server\repositories\questionRepository.ts
FN:3,findQuestionById
FN:9,saveUserAnswer
FN:16,saveMcqResult
FN:23,saveOpenEndedResult
FNF:4
FNH:4
FNDA:12,findQuestionById
FNDA:10,saveUserAnswer
FNDA:5,saveMcqResult
FNDA:6,saveOpenEndedResult
DA:1,3
DA:3,3
DA:4,12
DA:9,3
DA:10,10
DA:16,3
DA:17,5
DA:23,3
DA:27,6
LF:9
LH:9
BRF:0
BRH:0
end_of_record
TN:
SF:src\server\repositories\topicRepository.ts
FN:3,incrementTopicCount
FNF:1
FNH:1
FNDA:8,incrementTopicCount
DA:1,4
DA:3,4
DA:4,8
LF:3
LH:3
BRF:0
BRH:0
end_of_record
TN:
SF:src\server\repositories\userQuizAttemptRepository.ts
FN:4,createUserQuizAttempt
FN:22,listUserQuizAttemptsByUserId
FNF:2
FNH:2
FNDA:10,createUserQuizAttempt
FNDA:3,listUserQuizAttemptsByUserId
DA:1,5
DA:4,5
DA:11,10
DA:22,5
DA:23,3
LF:5
LH:5
BRF:0
BRH:0
end_of_record
TN:
SF:src\server\repositories\userRepository.ts
FN:3,listUsersForAdmin
FN:17,updateUserBan
FN:24,updateUserRevoke
FN:31,updateUserAdmin
FN:38,findUserBanStatus
FN:45,findUserRevokeStatus
FN:52,updateUserOnlineByEmail
FNF:7
FNH:7
FNDA:3,listUsersForAdmin
FNDA:4,updateUserBan
FNDA:4,updateUserRevoke
FNDA:4,updateUserAdmin
FNDA:4,findUserBanStatus
FNDA:4,findUserRevokeStatus
FNDA:3,updateUserOnlineByEmail
DA:1,9
DA:3,9
DA:4,3
DA:17,9
DA:18,4
DA:24,9
DA:25,4
DA:31,9
DA:32,4
DA:38,9
DA:39,4
DA:45,9
DA:46,4
DA:52,9
DA:53,3
LF:15
LH:15
BRF:0
BRH:0
end_of_record
TN:
SF:src\server\services\answerEvaluationService.ts
FN:13,cosineSimilarity
FN:35,normalizeText
FN:39,lexicalScore
FN:46,hasSingleAdjacentSwap
FN:76,typoSimilarityScore
FN:84,evaluateOpenEndedSimilarity
FN:128,gradeAndSaveAnswer
FNF:7
FNH:7
FNDA:3,cosineSimilarity
FNDA:30,normalizeText
FNDA:6,lexicalScore
FNDA:7,hasSingleAdjacentSwap
FNDA:7,typoSimilarityScore
FNDA:9,evaluateOpenEndedSimilarity
FNDA:11,gradeAndSaveAnswer
DA:1,2
DA:2,2
DA:9,2
DA:13,2
DA:14,3
DA:15,1
DA:18,2
DA:19,2
DA:20,2
DA:22,2
DA:23,5
DA:24,5
DA:25,5
DA:28,2
DA:29,0
DA:32,2
DA:36,30
DA:40,6
DA:47,7
DA:48,6
DA:51,1
DA:52,1
DA:53,6
DA:54,2
DA:55,2
DA:56,0
DA:61,1
DA:62,0
DA:65,1
DA:66,1
DA:67,0
DA:70,1
DA:77,7
DA:78,1
DA:81,6
DA:84,2
DA:92,9
DA:93,9
DA:95,9
DA:96,0
DA:103,9
DA:104,0
DA:111,9
DA:112,2
DA:119,7
DA:120,7
DA:121,7
DA:128,2
DA:129,11
DA:130,11
DA:131,2
DA:134,9
DA:136,9
DA:138,4
DA:139,4
DA:140,4
DA:143,5
DA:144,5
DA:148,5
DA:149,5
DA:155,0
LF:61
LH:54
BRDA:14,0,0,1
BRDA:14,1,0,3
BRDA:14,1,1,3
BRDA:14,1,2,3
BRDA:28,2,0,0
BRDA:28,3,0,2
BRDA:28,3,1,2
BRDA:47,4,0,6
BRDA:47,5,0,7
BRDA:47,5,1,1
BRDA:53,6,0,2
BRDA:55,7,0,0
BRDA:61,8,0,0
BRDA:66,9,0,0
BRDA:71,10,0,1
BRDA:71,10,1,1
BRDA:77,11,0,1
BRDA:95,12,0,0
BRDA:95,13,0,9
BRDA:95,13,1,1
BRDA:103,14,0,0
BRDA:111,15,0,2
BRDA:122,16,0,3
BRDA:122,16,1,4
BRDA:130,17,0,2
BRDA:136,18,0,4
BRDA:143,19,0,5
BRF:27
BRH:21
end_of_record
TN:
SF:src\server\services\gameService.ts
FN:24,createGameWithTopicCount
FN:38,saveGeneratedQuestionsForGame
FN:44,(anonymous_2)
FN:51,(anonymous_3)
FN:65,(anonymous_4)
FN:78,getGameWithQuestions
FN:82,endGame
FNF:7
FNH:7
FNDA:5,createGameWithTopicCount
FNDA:3,saveGeneratedQuestionsForGame
FNDA:2,(anonymous_2)
FNDA:8,(anonymous_3)
FNDA:1,(anonymous_4)
FNDA:1,getGameWithQuestions
FNDA:2,endGame
DA:1,3
DA:8,3
DA:24,3
DA:29,5
DA:34,5
DA:35,5
DA:38,3
DA:43,3
DA:44,2
DA:45,2
DA:46,2
DA:51,8
DA:52,2
DA:61,2
DA:62,2
DA:65,1
DA:66,1
DA:67,1
DA:75,1
DA:78,3
DA:79,1
DA:82,3
DA:83,2
DA:84,2
DA:85,1
DA:88,1
DA:89,1
LF:27
LH:27
BRDA:43,0,0,2
BRDA:84,1,0,1
BRF:2
BRH:2
end_of_record
TN:
SF:src\server\services\questionGenerationService.ts
FN:9,generateQuestionsByTopic
FNF:1
FNH:1
FNDA:2,generateQuestionsByTopic
DA:1,2
DA:9,2
DA:10,2
DA:11,2
DA:23,0
LF:5
LH:4
BRDA:10,0,0,2
BRF:1
BRH:1
end_of_record
TN:
SF:src\server\services\uploadQuizGenerationService.ts
FN:75,escapeRegExp
FN:79,isRateLimitMessage
FN:87,extractSentencesForFallback
FN:90,(anonymous_12)
FN:91,(anonymous_13)
FN:92,(anonymous_14)
FN:95,pickFallbackAnswerToken
FN:98,(anonymous_16)
FN:101,(anonymous_17)
FN:114,(anonymous_18)
FN:115,(anonymous_19)
FN:118,buildFallbackQuestion
FN:137,generateFallbackQuestionsFromContent
FN:174,(anonymous_22)
FN:175,(anonymous_23)
FN:178,(anonymous_24)
FN:184,isJsonFile
FN:188,isTextFile
FN:192,isPdfFile
FN:196,isLikelyReadableOcrText
FN:207,(anonymous_29)
FN:212,extractTextFromPdf
FN:214,(anonymous_31)
FN:224,(anonymous_32)
FN:246,extractTextFromPdfWithOcr
FN:279,ensureAcceptedFile
FN:285,extractCourseContent
FN:340,ensureMinimumContentLength
FN:346,prepareCourseContentForGeneration
FN:355,normalizeGeneratedQuestions
FN:359,(anonymous_39)
FN:372,(anonymous_40)
FN:375,generateQuestionsFromCourseContent
FN:409,requestNormalizedQuestions
FN:456,generateQuestionsFromUploadedFile
FNF:35
FNH:27
FNDA:3,escapeRegExp
FNDA:5,isRateLimitMessage
FNDA:1,extractSentencesForFallback
FNDA:1,(anonymous_12)
FNDA:4,(anonymous_13)
FNDA:4,(anonymous_14)
FNDA:3,pickFallbackAnswerToken
FNDA:20,(anonymous_16)
FNDA:3,(anonymous_17)
FNDA:0,(anonymous_18)
FNDA:0,(anonymous_19)
FNDA:3,buildFallbackQuestion
FNDA:1,generateFallbackQuestionsFromContent
FNDA:0,(anonymous_22)
FNDA:0,(anonymous_23)
FNDA:0,(anonymous_24)
FNDA:15,isJsonFile
FNDA:7,isTextFile
FNDA:11,isPdfFile
FNDA:0,isLikelyReadableOcrText
FNDA:0,(anonymous_29)
FNDA:2,extractTextFromPdf
FNDA:2,(anonymous_31)
FNDA:0,(anonymous_32)
FNDA:2,extractTextFromPdfWithOcr
FNDA:9,ensureAcceptedFile
FNDA:8,extractCourseContent
FNDA:5,ensureMinimumContentLength
FNDA:4,prepareCourseContentForGeneration
FNDA:2,normalizeGeneratedQuestions
FNDA:2,(anonymous_39)
FNDA:2,(anonymous_40)
FNDA:6,generateQuestionsFromCourseContent
FNDA:7,requestNormalizedQuestions
FNDA:9,generateQuestionsFromUploadedFile
DA:1,1
DA:2,1
DA:4,1
DA:5,1
DA:6,1
DA:7,1
DA:8,1
DA:9,1
DA:10,1
DA:11,1
DA:12,1
DA:13,1
DA:14,1
DA:16,1
DA:76,3
DA:80,5
DA:81,5
DA:88,1
DA:90,1
DA:91,4
DA:92,4
DA:96,3
DA:97,3
DA:98,20
DA:101,3
DA:102,3
DA:103,3
DA:110,3
DA:111,3
DA:114,0
DA:115,0
DA:119,3
DA:121,3
DA:125,3
DA:130,3
DA:131,3
DA:134,0
DA:138,1
DA:139,1
DA:140,1
DA:141,1
DA:143,1
DA:144,3
DA:145,3
DA:146,0
DA:149,3
DA:150,3
DA:151,0
DA:154,3
DA:155,3
DA:156,3
DA:157,0
DA:160,3
DA:161,3
DA:162,3
DA:164,3
DA:165,0
DA:169,1
DA:170,1
DA:173,0
DA:174,0
DA:175,0
DA:177,0
DA:178,0
DA:185,15
DA:189,7
DA:193,11
DA:197,0
DA:198,0
DA:199,0
DA:202,0
DA:203,0
DA:204,0
DA:207,0
DA:208,0
DA:209,0
DA:213,2
DA:214,4
DA:215,0
DA:216,0
DA:218,0
DA:219,0
DA:220,0
DA:221,0
DA:223,0
DA:225,0
DA:226,0
DA:227,0
DA:229,0
DA:235,0
DA:236,0
DA:240,0
DA:242,2
DA:247,2
DA:248,0
DA:250,0
DA:251,0
DA:273,0
DA:275,0
DA:280,9
DA:281,1
DA:286,8
DA:287,2
DA:288,2
DA:289,2
DA:293,2
DA:296,2
DA:297,0
DA:300,2
DA:301,0
DA:302,0
DA:305,0
DA:306,0
DA:311,0
DA:314,6
DA:316,6
DA:318,2
DA:319,2
DA:321,1
DA:325,1
DA:330,1
DA:331,0
DA:334,1
DA:337,4
DA:341,5
DA:342,1
DA:347,4
DA:348,4
DA:349,3
DA:352,1
DA:356,2
DA:358,2
DA:360,2
DA:362,2
DA:364,2
DA:366,2
DA:367,1
DA:370,1
DA:372,2
DA:375,1
DA:378,6
DA:394,6
DA:404,6
DA:411,7
DA:412,7
DA:424,5
DA:425,5
DA:428,2
DA:431,6
DA:432,6
DA:433,6
DA:434,1
DA:435,1
DA:438,5
DA:439,5
DA:440,1
DA:441,1
DA:442,1
DA:446,4
DA:449,1
DA:450,0
DA:453,1
DA:456,1
DA:457,9
DA:458,8
DA:459,5
DA:460,4
LF:167
LH:119
BRDA:5,0,0,1
BRDA:5,0,1,1
BRDA:5,1,0,1
BRDA:5,1,1,0
BRDA:5,2,0,1
BRDA:5,2,1,1
BRDA:6,3,0,1
BRDA:6,3,1,1
BRDA:6,4,0,1
BRDA:6,4,1,0
BRDA:6,5,0,1
BRDA:6,5,1,1
BRDA:82,6,0,5
BRDA:82,6,1,4
BRDA:96,7,0,3
BRDA:96,7,1,0
BRDA:96,8,0,3
BRDA:96,8,1,3
BRDA:104,9,0,3
BRDA:104,9,1,3
BRDA:104,9,2,3
BRDA:110,10,0,3
BRDA:115,11,0,0
BRDA:115,11,1,0
BRDA:115,12,0,0
BRDA:115,12,1,0
BRDA:121,13,0,0
BRDA:121,13,1,3
BRDA:130,14,0,3
BRDA:145,15,0,0
BRDA:150,16,0,0
BRDA:156,17,0,0
BRDA:164,18,0,0
BRDA:169,19,0,1
BRDA:173,20,0,0
BRDA:173,20,1,0
BRDA:173,21,0,0
BRDA:173,21,1,0
BRDA:175,22,0,0
BRDA:175,22,1,0
BRDA:185,23,0,15
BRDA:185,23,1,11
BRDA:189,24,0,7
BRDA:189,24,1,4
BRDA:193,25,0,11
BRDA:193,25,1,7
BRDA:198,26,0,0
BRDA:203,27,0,0
BRDA:225,28,0,0
BRDA:225,29,0,0
BRDA:225,29,1,0
BRDA:225,29,2,0
BRDA:227,30,0,0
BRDA:227,30,1,0
BRDA:235,31,0,0
BRDA:265,32,0,0
BRDA:265,32,1,0
BRDA:273,33,0,0
BRDA:273,33,1,0
BRDA:273,34,0,0
BRDA:273,34,1,0
BRDA:273,35,0,0
BRDA:273,35,1,0
BRDA:280,36,0,1
BRDA:280,37,0,9
BRDA:280,37,1,7
BRDA:280,37,2,3
BRDA:286,38,0,2
BRDA:296,39,0,0
BRDA:301,40,0,0
BRDA:305,41,0,0
BRDA:316,42,0,2
BRDA:325,43,0,1
BRDA:325,43,1,1
BRDA:325,43,2,0
BRDA:325,43,3,0
BRDA:325,43,4,0
BRDA:325,43,5,0
BRDA:330,44,0,0
BRDA:341,45,0,1
BRDA:341,46,0,5
BRDA:341,46,1,5
BRDA:348,47,0,3
BRDA:356,48,0,2
BRDA:356,48,1,0
BRDA:362,49,0,2
BRDA:362,49,1,0
BRDA:362,50,0,0
BRDA:362,50,1,2
BRDA:362,51,0,2
BRDA:362,51,1,2
BRDA:364,52,0,2
BRDA:364,52,1,0
BRDA:364,53,0,0
BRDA:364,53,1,2
BRDA:364,54,0,2
BRDA:364,54,1,2
BRDA:366,55,0,1
BRDA:366,56,0,2
BRDA:366,56,1,1
BRDA:424,57,0,5
BRDA:424,57,1,0
BRDA:434,58,0,1
BRDA:438,59,0,5
BRDA:438,59,1,0
BRDA:439,60,0,1
BRDA:441,61,0,1
BRDA:449,62,0,0
BRF:108
BRH:57
end_of_record
TN:
SF:src\server\services\userQuizAttemptService.ts
FN:6,saveUserQuizAttempt
FN:16,getUserQuizStats
FN:47,(anonymous_2)
FNF:3
FNH:3
FNDA:9,saveUserQuizAttempt
FNDA:2,getUserQuizStats
FNDA:4,(anonymous_2)
DA:1,4
DA:6,4
DA:13,9
DA:16,4
DA:17,2
DA:27,2
DA:29,2
DA:30,7
DA:31,4
DA:39,7
DA:40,7
DA:41,7
DA:42,7
DA:43,2
DA:47,4
LF:15
LH:15
BRDA:30,0,0,4
BRDA:42,1,0,2
BRDA:51,2,0,4
BRDA:51,2,1,0
BRF:4
BRH:3
end_of_record
