TN:
SF:src\app\api\auth\register\route.ts
FN:14,POST
FNF:1
FNH:1
FNDA:8,POST
DA:1,1
DA:2,1
DA:3,1
DA:8,1
DA:14,1
DA:17,8
DA:18,8
DA:20,1
DA:23,7
DA:24,7
DA:25,2
DA:31,5
DA:32,5
DA:38,5
DA:39,0
DA:42,5
DA:45,0
LF:17
LH:15
BRDA:24,0,0,2
BRDA:38,1,0,0
BRF:2
BRH:1
end_of_record
TN:
SF:src\app\api\sign-out\route.ts
FN:5,getErrorCode
FN:14,POST
FNF:2
FNH:2
FNDA:3,getErrorCode
FNDA:8,POST
DA:1,3
DA:2,3
DA:3,3
DA:6,3
DA:7,1
DA:10,2
DA:11,2
DA:14,3
DA:15,8
DA:16,8
DA:17,5
DA:18,3
DA:20,5
DA:22,3
DA:23,3
DA:26,3
DA:27,1
DA:37,2
DA:38,1
DA:48,1
LF:20
LH:20
BRDA:6,0,0,1
BRDA:6,1,0,3
BRDA:6,1,1,3
BRDA:6,1,2,3
BRDA:11,2,0,2
BRDA:11,2,1,0
BRDA:17,3,0,3
BRDA:17,4,0,2
BRDA:17,4,1,3
BRDA:17,5,0,5
BRDA:17,5,1,5
BRDA:17,6,0,2
BRDA:17,6,1,3
BRDA:17,7,0,5
BRDA:17,7,1,3
BRDA:26,8,0,1
BRDA:37,9,0,1
BRF:17
BRH:16
end_of_record
TN:
SF:src\server\core\auth.ts
FN:59,(anonymous_1)
FN:74,(anonymous_2)
FN:129,(anonymous_3)
FN:139,(anonymous_4)
FN:161,(anonymous_5)
FN:217,(anonymous_6)
FN:267,getTestSessionFromRequest
FN:299,(anonymous_8)
FNF:8
FNH:4
FNDA:3,(anonymous_1)
FNDA:0,(anonymous_2)
FNDA:0,(anonymous_3)
FNDA:0,(anonymous_4)
FNDA:2,(anonymous_5)
FNDA:0,(anonymous_6)
FNDA:12,getTestSessionFromRequest
FNDA:12,(anonymous_8)
DA:1,4
DA:2,4
DA:7,4
DA:8,4
DA:9,4
DA:10,4
DA:11,4
DA:17,4
DA:19,4
DA:20,0
DA:47,4
DA:60,3
DA:61,0
DA:64,3
DA:68,3
DA:70,1
DA:72,2
DA:76,0
DA:82,0
DA:83,0
DA:86,0
DA:89,0
DA:90,0
DA:91,0
DA:92,0
DA:93,0
DA:94,0
DA:95,0
DA:96,0
DA:97,0
DA:99,0
DA:100,0
DA:101,0
DA:102,0
DA:106,0
DA:109,0
DA:117,0
DA:124,0
DA:129,0
DA:130,0
DA:132,0
DA:137,0
DA:140,0
DA:141,0
DA:142,0
DA:143,0
DA:144,0
DA:145,0
DA:146,0
DA:147,0
DA:148,0
DA:150,0
DA:167,2
DA:169,2
DA:170,0
DA:174,2
DA:178,2
DA:182,2
DA:183,1
DA:186,1
DA:199,1
DA:200,0
DA:203,1
DA:219,0
DA:223,0
DA:227,0
DA:228,0
DA:231,0
DA:235,0
DA:236,0
DA:239,0
DA:240,0
DA:243,0
DA:244,0
DA:245,0
DA:248,0
DA:268,12
DA:269,0
DA:272,12
DA:273,12
DA:274,3
DA:277,9
DA:281,9
DA:282,0
DA:285,9
DA:299,4
DA:300,12
DA:301,12
DA:302,0
DA:303,0
DA:309,12
LF:91
LH:35
BRDA:17,0,0,4
BRDA:17,0,1,0
BRDA:17,1,0,4
BRDA:17,1,1,4
BRDA:19,2,0,0
BRDA:19,3,0,4
BRDA:19,3,1,0
BRDA:54,4,0,4
BRDA:54,4,1,0
BRDA:54,5,0,4
BRDA:54,5,1,4
BRDA:60,6,0,0
BRDA:68,7,0,1
BRDA:68,8,0,3
BRDA:68,8,1,2
BRDA:68,9,0,1
BRDA:68,9,1,2
BRDA:68,10,0,3
BRDA:68,10,1,2
BRDA:68,11,0,1
BRDA:68,11,1,1
BRDA:68,12,0,2
BRDA:68,12,1,1
BRDA:76,13,0,0
BRDA:76,13,1,0
BRDA:76,14,0,0
BRDA:76,14,1,0
BRDA:78,15,0,0
BRDA:78,15,1,0
BRDA:78,16,0,0
BRDA:78,16,1,0
BRDA:82,17,0,0
BRDA:89,18,0,0
BRDA:109,19,0,0
BRDA:109,19,1,0
BRDA:109,20,0,0
BRDA:109,20,1,0
BRDA:109,20,2,0
BRDA:109,20,3,0
BRDA:117,21,0,0
BRDA:117,21,1,0
BRDA:117,22,0,0
BRDA:117,22,1,0
BRDA:117,22,2,0
BRDA:117,22,3,0
BRDA:124,23,0,0
BRDA:124,23,1,0
BRDA:125,24,0,0
BRDA:125,24,1,0
BRDA:125,24,2,0
BRDA:125,24,3,0
BRDA:140,25,0,0
BRDA:169,26,0,0
BRDA:174,27,0,2
BRDA:174,27,1,0
BRDA:174,28,0,0
BRDA:174,28,1,2
BRDA:174,29,0,2
BRDA:174,29,1,2
BRDA:178,30,0,2
BRDA:178,30,1,0
BRDA:178,31,0,0
BRDA:178,31,1,2
BRDA:178,32,0,2
BRDA:178,32,1,2
BRDA:182,33,0,1
BRDA:182,34,0,2
BRDA:182,34,1,1
BRDA:199,35,0,0
BRDA:199,36,0,1
BRDA:199,36,1,1
BRDA:219,37,0,0
BRDA:219,37,1,0
BRDA:219,38,0,0
BRDA:219,38,1,0
BRDA:219,39,0,0
BRDA:219,39,1,0
BRDA:223,40,0,0
BRDA:223,40,1,0
BRDA:223,41,0,0
BRDA:223,41,1,0
BRDA:223,42,0,0
BRDA:223,42,1,0
BRDA:227,43,0,0
BRDA:227,44,0,0
BRDA:227,44,1,0
BRDA:235,45,0,0
BRDA:235,46,0,0
BRDA:235,46,1,0
BRDA:235,46,2,0
BRDA:239,47,0,0
BRDA:239,48,0,0
BRDA:239,48,1,0
BRDA:244,49,0,0
BRDA:268,50,0,0
BRDA:268,51,0,12
BRDA:268,51,1,12
BRDA:272,52,0,3
BRDA:272,52,1,9
BRDA:272,53,0,12
BRDA:272,53,1,9
BRDA:273,54,0,3
BRDA:281,55,0,0
BRDA:292,56,0,0
BRDA:292,56,1,9
BRDA:292,57,0,9
BRDA:292,57,1,0
BRDA:293,58,0,9
BRDA:293,58,1,0
BRDA:293,59,0,9
BRDA:293,59,1,9
BRDA:294,60,0,0
BRDA:294,60,1,9
BRDA:294,61,0,9
BRDA:294,61,1,0
BRDA:302,62,0,0
BRDA:302,63,0,0
BRDA:302,63,1,0
BRDA:302,64,0,0
BRDA:302,64,1,0
BRF:120
BRH:45
end_of_record
TN:
SF:src\server\core\roles.ts
FN:4,normalizeEmail
FN:8,getOwnerEmail
FN:18,isOwnerEmail
FN:22,getAdminCredentialsConfig
FNF:4
FNH:4
FNDA:33,normalizeEmail
FNDA:17,getOwnerEmail
FNDA:11,isOwnerEmail
FNDA:5,getAdminCredentialsConfig
DA:5,33
DA:8,4
DA:9,17
DA:10,17
DA:11,0
DA:15,17
DA:18,4
DA:19,11
DA:22,4
DA:23,5
DA:24,5
DA:25,5
DA:26,5
DA:28,5
DA:29,0
DA:31,5
DA:32,0
DA:34,5
DA:35,0
DA:38,5
LF:20
LH:16
BRDA:5,0,0,33
BRDA:5,0,1,0
BRDA:5,1,0,33
BRDA:5,1,1,33
BRDA:10,2,0,0
BRDA:10,3,0,17
BRDA:10,3,1,7
BRDA:15,4,0,10
BRDA:15,4,1,7
BRDA:15,5,0,17
BRDA:15,5,1,17
BRDA:28,6,0,0
BRDA:28,7,0,5
BRDA:28,7,1,0
BRDA:31,8,0,0
BRDA:31,9,0,5
BRDA:31,9,1,0
BRDA:34,10,0,0
BRDA:34,11,0,5
BRDA:34,11,1,0
BRDA:39,12,0,5
BRDA:39,12,1,0
BRDA:39,13,0,5
BRDA:39,13,1,5
BRDA:40,14,0,5
BRDA:40,14,1,0
BRDA:40,15,0,5
BRDA:40,15,1,5
BRDA:41,16,0,5
BRDA:41,16,1,0
BRDA:41,17,0,5
BRDA:41,17,1,5
BRDA:42,18,0,0
BRDA:42,18,1,5
BRDA:42,19,0,5
BRDA:42,19,1,5
BRF:36
BRH:24
end_of_record
